[ 2014-10-13T10:13:57+08:00 ] 192.168.0.105 /about.html
ERR: 无法加载模块:About

[ 2014-10-13T10:51:43+08:00 ] 192.168.0.105 /about.html
ERR: 无法加载模块:About

[ 2014-10-13T10:51:56+08:00 ] 192.168.0.105 /index/newsView.html
ERR: 非法操作:newsview

[ 2014-10-13T10:52:05+08:00 ] 192.168.0.105 /index/newsView.html
ERR: 非法操作:newsview

[ 2014-10-13T10:54:40+08:00 ] 192.168.0.105 /Public/js/corp/jquery1.10.2.js
ERR: 无法加载模块:Public

[ 2014-10-13T11:31:23+08:00 ] 192.168.0.105 /Public/Js/Base.js
ERR: 非法操作:js

[ 2014-10-13T11:31:23+08:00 ] 192.168.0.105 /Public/Js/Think/ThinkAjax.js
ERR: 非法操作:js

[ 2014-10-13T11:31:23+08:00 ] 192.168.0.105 /Public/Js/common.js
ERR: 非法操作:js

[ 2014-10-13T11:31:36+08:00 ] 192.168.0.105 /Index/index
INFO: [ view_parse ] --START--
NOTIC: [8192] preg_replace(): The /e modifier is deprecated, use preg_replace_callback instead E:\Dropbox\www\jkws_new\ThinkPHP\Lib\Template\ThinkTemplate.class.php 第 266 行.
NOTIC: [8192] preg_replace(): The /e modifier is deprecated, use preg_replace_callback instead E:\Dropbox\www\jkws_new\ThinkPHP\Lib\Template\ThinkTemplate.class.php 第 271 行.
NOTIC: [8192] preg_replace(): The /e modifier is deprecated, use preg_replace_callback instead E:\Dropbox\www\jkws_new\ThinkPHP\Lib\Template\ThinkTemplate.class.php 第 168 行.
NOTIC: [8192] preg_replace(): The /e modifier is deprecated, use preg_replace_callback instead E:\Dropbox\www\jkws_new\ThinkPHP\Lib\Template\ThinkTemplate.class.php 第 404 行.
NOTIC: [8192] preg_replace(): The /e modifier is deprecated, use preg_replace_callback instead E:\Dropbox\www\jkws_new\ThinkPHP\Lib\Template\ThinkTemplate.class.php 第 404 行.
NOTIC: [8192] preg_replace(): The /e modifier is deprecated, use preg_replace_callback instead E:\Dropbox\www\jkws_new\ThinkPHP\Lib\Template\ThinkTemplate.class.php 第 404 行.
NOTIC: [8192] preg_replace(): The /e modifier is deprecated, use preg_replace_callback instead E:\Dropbox\www\jkws_new\ThinkPHP\Lib\Template\ThinkTemplate.class.php 第 404 行.
NOTIC: [8192] preg_replace(): The /e modifier is deprecated, use preg_replace_callback instead E:\Dropbox\www\jkws_new\ThinkPHP\Lib\Template\ThinkTemplate.class.php 第 404 行.
NOTIC: [8192] preg_replace(): The /e modifier is deprecated, use preg_replace_callback instead E:\Dropbox\www\jkws_new\ThinkPHP\Lib\Template\ThinkTemplate.class.php 第 404 行.
NOTIC: [8192] preg_replace(): The /e modifier is deprecated, use preg_replace_callback instead E:\Dropbox\www\jkws_new\ThinkPHP\Lib\Template\ThinkTemplate.class.php 第 404 行.
NOTIC: [8192] preg_replace(): The /e modifier is deprecated, use preg_replace_callback instead E:\Dropbox\www\jkws_new\ThinkPHP\Lib\Template\ThinkTemplate.class.php 第 404 行.
NOTIC: [8192] preg_replace(): The /e modifier is deprecated, use preg_replace_callback instead E:\Dropbox\www\jkws_new\ThinkPHP\Lib\Template\ThinkTemplate.class.php 第 404 行.
NOTIC: [8192] preg_replace(): The /e modifier is deprecated, use preg_replace_callback instead E:\Dropbox\www\jkws_new\ThinkPHP\Lib\Template\ThinkTemplate.class.php 第 404 行.
NOTIC: [8192] preg_replace(): The /e modifier is deprecated, use preg_replace_callback instead E:\Dropbox\www\jkws_new\ThinkPHP\Lib\Template\ThinkTemplate.class.php 第 404 行.
NOTIC: [8192] preg_replace(): The /e modifier is deprecated, use preg_replace_callback instead E:\Dropbox\www\jkws_new\ThinkPHP\Lib\Template\TagLib.class.php 第 128 行.
NOTIC: [8192] preg_replace(): The /e modifier is deprecated, use preg_replace_callback instead E:\Dropbox\www\jkws_new\ThinkPHP\Lib\Template\ThinkTemplate.class.php 第 404 行.
NOTIC: [8192] preg_replace(): The /e modifier is deprecated, use preg_replace_callback instead E:\Dropbox\www\jkws_new\ThinkPHP\Lib\Template\ThinkTemplate.class.php 第 399 行.
NOTIC: [8192] preg_replace(): The /e modifier is deprecated, use preg_replace_callback instead E:\Dropbox\www\jkws_new\ThinkPHP\Lib\Template\ThinkTemplate.class.php 第 399 行.
NOTIC: [8192] preg_replace(): The /e modifier is deprecated, use preg_replace_callback instead E:\Dropbox\www\jkws_new\ThinkPHP\Lib\Template\ThinkTemplate.class.php 第 404 行.
NOTIC: [8192] preg_replace(): The /e modifier is deprecated, use preg_replace_callback instead E:\Dropbox\www\jkws_new\ThinkPHP\Lib\Template\ThinkTemplate.class.php 第 404 行.
NOTIC: [8192] preg_replace(): The /e modifier is deprecated, use preg_replace_callback instead E:\Dropbox\www\jkws_new\ThinkPHP\Lib\Template\ThinkTemplate.class.php 第 404 行.
NOTIC: [8192] preg_replace(): The /e modifier is deprecated, use preg_replace_callback instead E:\Dropbox\www\jkws_new\ThinkPHP\Lib\Template\ThinkTemplate.class.php 第 399 行.
NOTIC: [8192] preg_replace(): The /e modifier is deprecated, use preg_replace_callback instead E:\Dropbox\www\jkws_new\ThinkPHP\Lib\Template\ThinkTemplate.class.php 第 404 行.
NOTIC: [8192] preg_replace(): The /e modifier is deprecated, use preg_replace_callback instead E:\Dropbox\www\jkws_new\ThinkPHP\Lib\Template\ThinkTemplate.class.php 第 404 行.
NOTIC: [8192] preg_replace(): The /e modifier is deprecated, use preg_replace_callback instead E:\Dropbox\www\jkws_new\ThinkPHP\Lib\Template\ThinkTemplate.class.php 第 404 行.
NOTIC: [8192] preg_replace(): The /e modifier is deprecated, use preg_replace_callback instead E:\Dropbox\www\jkws_new\ThinkPHP\Lib\Template\ThinkTemplate.class.php 第 404 行.
NOTIC: [8192] preg_replace(): The /e modifier is deprecated, use preg_replace_callback instead E:\Dropbox\www\jkws_new\ThinkPHP\Lib\Template\ThinkTemplate.class.php 第 404 行.
NOTIC: [8192] preg_replace(): The /e modifier is deprecated, use preg_replace_callback instead E:\Dropbox\www\jkws_new\ThinkPHP\Lib\Template\ThinkTemplate.class.php 第 404 行.
NOTIC: [8192] preg_replace(): The /e modifier is deprecated, use preg_replace_callback instead E:\Dropbox\www\jkws_new\ThinkPHP\Lib\Template\ThinkTemplate.class.php 第 404 行.
NOTIC: [8192] preg_replace(): The /e modifier is deprecated, use preg_replace_callback instead E:\Dropbox\www\jkws_new\ThinkPHP\Lib\Template\ThinkTemplate.class.php 第 404 行.
NOTIC: [8192] preg_replace(): The /e modifier is deprecated, use preg_replace_callback instead E:\Dropbox\www\jkws_new\ThinkPHP\Lib\Template\ThinkTemplate.class.php 第 404 行.
NOTIC: [8192] preg_replace(): The /e modifier is deprecated, use preg_replace_callback instead E:\Dropbox\www\jkws_new\ThinkPHP\Lib\Template\ThinkTemplate.class.php 第 404 行.
NOTIC: [8192] preg_replace(): The /e modifier is deprecated, use preg_replace_callback instead E:\Dropbox\www\jkws_new\ThinkPHP\Lib\Template\ThinkTemplate.class.php 第 404 行.
NOTIC: [8192] preg_replace(): The /e modifier is deprecated, use preg_replace_callback instead E:\Dropbox\www\jkws_new\ThinkPHP\Lib\Template\ThinkTemplate.class.php 第 404 行.
NOTIC: [8192] preg_replace(): The /e modifier is deprecated, use preg_replace_callback instead E:\Dropbox\www\jkws_new\ThinkPHP\Lib\Template\ThinkTemplate.class.php 第 404 行.
NOTIC: [8192] preg_replace(): The /e modifier is deprecated, use preg_replace_callback instead E:\Dropbox\www\jkws_new\ThinkPHP\Lib\Template\ThinkTemplate.class.php 第 404 行.
NOTIC: [8192] preg_replace(): The /e modifier is deprecated, use preg_replace_callback instead E:\Dropbox\www\jkws_new\ThinkPHP\Lib\Template\ThinkTemplate.class.php 第 404 行.
NOTIC: [8192] preg_replace(): The /e modifier is deprecated, use preg_replace_callback instead E:\Dropbox\www\jkws_new\ThinkPHP\Lib\Template\ThinkTemplate.class.php 第 404 行.
NOTIC: [8192] preg_replace(): The /e modifier is deprecated, use preg_replace_callback instead E:\Dropbox\www\jkws_new\ThinkPHP\Lib\Template\ThinkTemplate.class.php 第 404 行.
NOTIC: [8192] preg_replace(): The /e modifier is deprecated, use preg_replace_callback instead E:\Dropbox\www\jkws_new\ThinkPHP\Lib\Template\ThinkTemplate.class.php 第 404 行.
NOTIC: [8192] preg_replace(): The /e modifier is deprecated, use preg_replace_callback instead E:\Dropbox\www\jkws_new\ThinkPHP\Lib\Template\ThinkTemplate.class.php 第 404 行.
NOTIC: [8192] preg_replace(): The /e modifier is deprecated, use preg_replace_callback instead E:\Dropbox\www\jkws_new\ThinkPHP\Lib\Template\ThinkTemplate.class.php 第 404 行.
NOTIC: [8192] preg_replace(): The /e modifier is deprecated, use preg_replace_callback instead E:\Dropbox\www\jkws_new\ThinkPHP\Lib\Template\ThinkTemplate.class.php 第 404 行.
NOTIC: [8192] preg_replace(): The /e modifier is deprecated, use preg_replace_callback instead E:\Dropbox\www\jkws_new\ThinkPHP\Lib\Template\ThinkTemplate.class.php 第 404 行.
NOTIC: [8192] preg_replace(): The /e modifier is deprecated, use preg_replace_callback instead E:\Dropbox\www\jkws_new\ThinkPHP\Lib\Template\ThinkTemplate.class.php 第 404 行.
NOTIC: [8192] preg_replace(): The /e modifier is deprecated, use preg_replace_callback instead E:\Dropbox\www\jkws_new\ThinkPHP\Lib\Template\ThinkTemplate.class.php 第 404 行.
NOTIC: [8192] preg_replace(): The /e modifier is deprecated, use preg_replace_callback instead E:\Dropbox\www\jkws_new\ThinkPHP\Lib\Template\ThinkTemplate.class.php 第 404 行.
NOTIC: [8192] preg_replace(): The /e modifier is deprecated, use preg_replace_callback instead E:\Dropbox\www\jkws_new\ThinkPHP\Lib\Template\ThinkTemplate.class.php 第 404 行.
NOTIC: [8192] preg_replace(): The /e modifier is deprecated, use preg_replace_callback instead E:\Dropbox\www\jkws_new\ThinkPHP\Lib\Template\ThinkTemplate.class.php 第 404 行.
NOTIC: [8192] preg_replace(): The /e modifier is deprecated, use preg_replace_callback instead E:\Dropbox\www\jkws_new\ThinkPHP\Lib\Template\ThinkTemplate.class.php 第 404 行.
NOTIC: [8192] preg_replace(): The /e modifier is deprecated, use preg_replace_callback instead E:\Dropbox\www\jkws_new\ThinkPHP\Lib\Template\ThinkTemplate.class.php 第 404 行.
NOTIC: [8192] preg_replace(): The /e modifier is deprecated, use preg_replace_callback instead E:\Dropbox\www\jkws_new\ThinkPHP\Lib\Template\ThinkTemplate.class.php 第 404 行.
NOTIC: [8192] preg_replace(): The /e modifier is deprecated, use preg_replace_callback instead E:\Dropbox\www\jkws_new\ThinkPHP\Lib\Template\ThinkTemplate.class.php 第 404 行.
NOTIC: [8192] preg_replace(): The /e modifier is deprecated, use preg_replace_callback instead E:\Dropbox\www\jkws_new\ThinkPHP\Lib\Template\ThinkTemplate.class.php 第 404 行.
NOTIC: [8192] preg_replace(): The /e modifier is deprecated, use preg_replace_callback instead E:\Dropbox\www\jkws_new\ThinkPHP\Lib\Template\ThinkTemplate.class.php 第 404 行.
NOTIC: [8192] preg_replace(): The /e modifier is deprecated, use preg_replace_callback instead E:\Dropbox\www\jkws_new\ThinkPHP\Lib\Template\ThinkTemplate.class.php 第 404 行.
NOTIC: [8192] preg_replace(): The /e modifier is deprecated, use preg_replace_callback instead E:\Dropbox\www\jkws_new\ThinkPHP\Lib\Template\ThinkTemplate.class.php 第 404 行.
NOTIC: [8192] preg_replace(): The /e modifier is deprecated, use preg_replace_callback instead E:\Dropbox\www\jkws_new\ThinkPHP\Lib\Template\ThinkTemplate.class.php 第 404 行.
NOTIC: [8192] preg_replace(): The /e modifier is deprecated, use preg_replace_callback instead E:\Dropbox\www\jkws_new\ThinkPHP\Lib\Template\ThinkTemplate.class.php 第 404 行.
NOTIC: [8192] preg_replace(): The /e modifier is deprecated, use preg_replace_callback instead E:\Dropbox\www\jkws_new\ThinkPHP\Lib\Template\ThinkTemplate.class.php 第 404 行.
NOTIC: [8192] preg_replace(): The /e modifier is deprecated, use preg_replace_callback instead E:\Dropbox\www\jkws_new\ThinkPHP\Lib\Template\ThinkTemplate.class.php 第 404 行.
NOTIC: [8192] preg_replace(): The /e modifier is deprecated, use preg_replace_callback instead E:\Dropbox\www\jkws_new\ThinkPHP\Lib\Template\ThinkTemplate.class.php 第 404 行.
NOTIC: [8192] preg_replace(): The /e modifier is deprecated, use preg_replace_callback instead E:\Dropbox\www\jkws_new\ThinkPHP\Lib\Template\ThinkTemplate.class.php 第 404 行.
NOTIC: [8192] preg_replace(): The /e modifier is deprecated, use preg_replace_callback instead E:\Dropbox\www\jkws_new\ThinkPHP\Lib\Template\ThinkTemplate.class.php 第 404 行.
NOTIC: [8192] preg_replace(): The /e modifier is deprecated, use preg_replace_callback instead E:\Dropbox\www\jkws_new\ThinkPHP\Lib\Template\ThinkTemplate.class.php 第 404 行.
NOTIC: [8192] preg_replace(): The /e modifier is deprecated, use preg_replace_callback instead E:\Dropbox\www\jkws_new\ThinkPHP\Lib\Template\ThinkTemplate.class.php 第 404 行.
NOTIC: [8192] preg_replace(): The /e modifier is deprecated, use preg_replace_callback instead E:\Dropbox\www\jkws_new\ThinkPHP\Lib\Template\ThinkTemplate.class.php 第 404 行.
NOTIC: [8192] preg_replace(): The /e modifier is deprecated, use preg_replace_callback instead E:\Dropbox\www\jkws_new\ThinkPHP\Lib\Template\ThinkTemplate.class.php 第 404 行.
NOTIC: [8192] preg_replace(): The /e modifier is deprecated, use preg_replace_callback instead E:\Dropbox\www\jkws_new\ThinkPHP\Lib\Template\ThinkTemplate.class.php 第 404 行.
NOTIC: [8192] preg_replace(): The /e modifier is deprecated, use preg_replace_callback instead E:\Dropbox\www\jkws_new\ThinkPHP\Lib\Template\ThinkTemplate.class.php 第 404 行.
NOTIC: [8192] preg_replace(): The /e modifier is deprecated, use preg_replace_callback instead E:\Dropbox\www\jkws_new\ThinkPHP\Lib\Template\ThinkTemplate.class.php 第 404 行.
NOTIC: [8192] preg_replace(): The /e modifier is deprecated, use preg_replace_callback instead E:\Dropbox\www\jkws_new\ThinkPHP\Lib\Template\ThinkTemplate.class.php 第 404 行.
NOTIC: [8192] preg_replace(): The /e modifier is deprecated, use preg_replace_callback instead E:\Dropbox\www\jkws_new\ThinkPHP\Lib\Template\ThinkTemplate.class.php 第 404 行.
NOTIC: [8192] preg_replace(): The /e modifier is deprecated, use preg_replace_callback instead E:\Dropbox\www\jkws_new\ThinkPHP\Lib\Template\ThinkTemplate.class.php 第 404 行.
NOTIC: [8192] preg_replace(): The /e modifier is deprecated, use preg_replace_callback instead E:\Dropbox\www\jkws_new\ThinkPHP\Lib\Template\ThinkTemplate.class.php 第 404 行.
NOTIC: [8192] preg_replace(): The /e modifier is deprecated, use preg_replace_callback instead E:\Dropbox\www\jkws_new\ThinkPHP\Lib\Template\ThinkTemplate.class.php 第 404 行.
NOTIC: [8192] preg_replace(): The /e modifier is deprecated, use preg_replace_callback instead E:\Dropbox\www\jkws_new\ThinkPHP\Lib\Template\ThinkTemplate.class.php 第 404 行.
NOTIC: [8192] preg_replace(): The /e modifier is deprecated, use preg_replace_callback instead E:\Dropbox\www\jkws_new\ThinkPHP\Lib\Template\ThinkTemplate.class.php 第 404 行.
NOTIC: [8192] preg_replace(): The /e modifier is deprecated, use preg_replace_callback instead E:\Dropbox\www\jkws_new\ThinkPHP\Lib\Template\ThinkTemplate.class.php 第 404 行.
NOTIC: [8192] preg_replace(): The /e modifier is deprecated, use preg_replace_callback instead E:\Dropbox\www\jkws_new\ThinkPHP\Lib\Template\ThinkTemplate.class.php 第 404 行.
NOTIC: [8192] preg_replace(): The /e modifier is deprecated, use preg_replace_callback instead E:\Dropbox\www\jkws_new\ThinkPHP\Lib\Template\ThinkTemplate.class.php 第 404 行.
NOTIC: [8192] preg_replace(): The /e modifier is deprecated, use preg_replace_callback instead E:\Dropbox\www\jkws_new\ThinkPHP\Lib\Template\ThinkTemplate.class.php 第 404 行.
NOTIC: [8192] preg_replace(): The /e modifier is deprecated, use preg_replace_callback instead E:\Dropbox\www\jkws_new\ThinkPHP\Lib\Template\ThinkTemplate.class.php 第 404 行.
NOTIC: [8192] preg_replace(): The /e modifier is deprecated, use preg_replace_callback instead E:\Dropbox\www\jkws_new\ThinkPHP\Lib\Template\ThinkTemplate.class.php 第 404 行.
NOTIC: [8192] preg_replace(): The /e modifier is deprecated, use preg_replace_callback instead E:\Dropbox\www\jkws_new\ThinkPHP\Lib\Template\ThinkTemplate.class.php 第 404 行.
NOTIC: [8192] preg_replace(): The /e modifier is deprecated, use preg_replace_callback instead E:\Dropbox\www\jkws_new\ThinkPHP\Lib\Template\ThinkTemplate.class.php 第 404 行.
NOTIC: [8192] preg_replace(): The /e modifier is deprecated, use preg_replace_callback instead E:\Dropbox\www\jkws_new\ThinkPHP\Lib\Template\ThinkTemplate.class.php 第 404 行.
NOTIC: [8192] preg_replace(): The /e modifier is deprecated, use preg_replace_callback instead E:\Dropbox\www\jkws_new\ThinkPHP\Lib\Template\ThinkTemplate.class.php 第 404 行.
NOTIC: [8192] preg_replace(): The /e modifier is deprecated, use preg_replace_callback instead E:\Dropbox\www\jkws_new\ThinkPHP\Lib\Template\ThinkTemplate.class.php 第 399 行.
NOTIC: [8192] preg_replace(): The /e modifier is deprecated, use preg_replace_callback instead E:\Dropbox\www\jkws_new\ThinkPHP\Lib\Template\ThinkTemplate.class.php 第 399 行.
NOTIC: [8192] preg_replace(): The /e modifier is deprecated, use preg_replace_callback instead E:\Dropbox\www\jkws_new\ThinkPHP\Lib\Template\ThinkTemplate.class.php 第 399 行.
NOTIC: [8192] preg_replace(): The /e modifier is deprecated, use preg_replace_callback instead E:\Dropbox\www\jkws_new\ThinkPHP\Lib\Template\ThinkTemplate.class.php 第 399 行.
NOTIC: [8192] preg_replace(): The /e modifier is deprecated, use preg_replace_callback instead E:\Dropbox\www\jkws_new\ThinkPHP\Lib\Template\ThinkTemplate.class.php 第 399 行.
NOTIC: [8192] preg_replace(): The /e modifier is deprecated, use preg_replace_callback instead E:\Dropbox\www\jkws_new\ThinkPHP\Lib\Template\ThinkTemplate.class.php 第 399 行.
NOTIC: [8192] preg_replace(): The /e modifier is deprecated, use preg_replace_callback instead E:\Dropbox\www\jkws_new\ThinkPHP\Lib\Template\ThinkTemplate.class.php 第 404 行.
NOTIC: [8192] preg_replace(): The /e modifier is deprecated, use preg_replace_callback instead E:\Dropbox\www\jkws_new\ThinkPHP\Lib\Template\ThinkTemplate.class.php 第 404 行.
NOTIC: [8192] preg_replace(): The /e modifier is deprecated, use preg_replace_callback instead E:\Dropbox\www\jkws_new\ThinkPHP\Lib\Template\ThinkTemplate.class.php 第 404 行.
NOTIC: [8192] preg_replace(): The /e modifier is deprecated, use preg_replace_callback instead E:\Dropbox\www\jkws_new\ThinkPHP\Lib\Template\ThinkTemplate.class.php 第 197 行.
NOTIC: [8192] preg_replace(): The /e modifier is deprecated, use preg_replace_callback instead E:\Dropbox\www\jkws_new\ThinkPHP\Lib\Template\ThinkTemplate.class.php 第 137 行.
INFO: ParseTemplate Behavior ::run [ RunTime:0.025412s ]
INFO: [ view_parse ] --END-- [ RunTime:0.025465s ]
INFO: [ view_filter ] --START--
INFO: ContentReplace Behavior ::run [ RunTime:0.000529s ]
INFO: TokenBuild Behavior ::run [ RunTime:0.000411s ]
INFO: WriteHtmlCache Behavior ::run [ RunTime:0.000304s ]
INFO: ShowRuntime Behavior ::run [ RunTime:0.000416s ]
INFO: [ view_filter ] --END-- [ RunTime:0.001753s ]
INFO: [ view_end ] --START--
INFO: ShowPageTrace Behavior ::run [ RunTime:0.000447s ]
INFO: [ view_end ] --END-- [ RunTime:0.000483s ]

[ 2014-10-13T15:31:22+08:00 ] 192.168.0.105 /Public/js/corp/jquery1.10.2.js
ERR: 无法加载模块:Public

[ 2014-10-13T15:33:28+08:00 ] 192.168.0.105 /Public/js/corp/jquery1.10.2.js
ERR: 无法加载模块:Public

[ 2014-10-13T15:34:10+08:00 ] 192.168.0.105 /Public/js/corp/jquery1.10.2.js
ERR: 无法加载模块:Public

[ 2014-10-13T15:35:00+08:00 ] 192.168.0.105 /Public/js/corp/jquery1.10.2.js
ERR: 无法加载模块:Public

[ 2014-10-13T16:05:30+08:00 ] 192.168.0.105 /Public/js/corp/jquery1.10.2.js
ERR: 无法加载模块:Public

[ 2014-10-13T16:06:06+08:00 ] 192.168.0.105 /Public/js/corp/jquery1.10.2.js
ERR: 无法加载模块:Public

[ 2014-10-13T16:06:10+08:00 ] 192.168.0.105 /Public/js/corp/jquery1.10.2.js
ERR: 无法加载模块:Public

[ 2014-10-13T16:10:34+08:00 ] 192.168.0.105 /Public/js/corp/jquery1.10.2.js
ERR: 无法加载模块:Public

[ 2014-10-13T16:10:38+08:00 ] 192.168.0.105 /Public/js/corp/jquery1.10.2.js
ERR: 无法加载模块:Public

[ 2014-10-13T16:15:20+08:00 ] 192.168.0.105 /Public/js/corp/jquery1.10.2.js
ERR: 无法加载模块:Public

[ 2014-10-13T16:15:22+08:00 ] 192.168.0.105 /Public/js/corp/jquery1.10.2.js
ERR: 无法加载模块:Public

[ 2014-10-13T16:15:24+08:00 ] 192.168.0.105 /Public/js/corp/jquery1.10.2.js
ERR: 无法加载模块:Public

[ 2014-10-13T16:15:28+08:00 ] 192.168.0.105 /Public/js/corp/jquery1.10.2.js
ERR: 无法加载模块:Public

[ 2014-10-13T16:15:35+08:00 ] 192.168.0.105 /Public/js/corp/jquery1.10.2.js
ERR: 无法加载模块:Public

[ 2014-10-13T16:15:37+08:00 ] 192.168.0.105 /Public/js/corp/jquery1.10.2.js
ERR: 无法加载模块:Public

[ 2014-10-13T16:34:26+08:00 ] 192.168.0.105 /Public/js/corp/jquery1.10.2.js
ERR: 无法加载模块:Public

[ 2014-10-13T16:35:14+08:00 ] 192.168.0.105 /Public/js/corp/jquery1.10.2.js
ERR: 无法加载模块:Public

[ 2014-10-13T16:36:30+08:00 ] 192.168.0.105 /Public/js/corp/jquery1.10.2.js
ERR: 无法加载模块:Public

[ 2014-10-13T16:36:44+08:00 ] 192.168.0.105 /Public/js/corp/jquery1.10.2.js
ERR: 无法加载模块:Public

[ 2014-10-13T16:36:53+08:00 ] 192.168.0.105 /Public/js/corp/jquery1.10.2.js
ERR: 无法加载模块:Public

[ 2014-10-13T16:36:56+08:00 ] 192.168.0.105 /Public/js/corp/jquery1.10.2.js
ERR: 无法加载模块:Public

[ 2014-10-13T16:36:59+08:00 ] 192.168.0.105 /Public/js/corp/jquery1.10.2.js
ERR: 无法加载模块:Public

[ 2014-10-13T16:40:52+08:00 ] 192.168.0.105 /Public/js/corp/jquery1.10.2.js
ERR: 无法加载模块:Public

[ 2014-10-13T16:40:54+08:00 ] 192.168.0.105 /Public/js/corp/jquery1.10.2.js
ERR: 无法加载模块:Public

[ 2014-10-13T16:41:06+08:00 ] 192.168.0.105 /Public/js/corp/jquery1.10.2.js
ERR: 无法加载模块:Public

[ 2014-10-13T16:41:16+08:00 ] 192.168.0.105 /Public/js/corp/jquery1.10.2.js
ERR: 无法加载模块:Public

[ 2014-10-13T16:47:22+08:00 ] 192.168.0.105 /Public/js/corp/jquery1.10.2.js
ERR: 无法加载模块:Public

[ 2014-10-13T16:47:30+08:00 ] 192.168.0.105 /Public/js/corp/jquery1.10.2.js
ERR: 无法加载模块:Public

[ 2014-10-13T16:47:33+08:00 ] 192.168.0.105 /Public/js/corp/jquery1.10.2.js
ERR: 无法加载模块:Public

[ 2014-10-13T16:48:08+08:00 ] 192.168.0.105 /Public/js/corp/jquery1.10.2.js
ERR: 无法加载模块:Public

[ 2014-10-13T16:48:11+08:00 ] 192.168.0.105 /Public/js/corp/jquery1.10.2.js
ERR: 无法加载模块:Public

[ 2014-10-13T16:52:24+08:00 ] 192.168.0.105 /Public/js/corp/jquery1.10.2.js
ERR: 无法加载模块:Public

[ 2014-10-13T16:53:03+08:00 ] 192.168.0.105 /Public/js/corp/jquery1.10.2.js
ERR: 无法加载模块:Public

[ 2014-10-13T16:53:06+08:00 ] 192.168.0.105 /Public/js/corp/jquery1.10.2.js
ERR: 无法加载模块:Public

[ 2014-10-13T16:53:09+08:00 ] 192.168.0.105 /Public/js/corp/jquery1.10.2.js
ERR: 无法加载模块:Public

[ 2014-10-13T16:53:11+08:00 ] 192.168.0.105 /Public/js/corp/jquery1.10.2.js
ERR: 无法加载模块:Public

[ 2014-10-13T16:58:55+08:00 ] 192.168.0.105 /Public/js/corp/jquery1.10.2.js
ERR: 无法加载模块:Public

[ 2014-10-13T16:59:00+08:00 ] 192.168.0.105 /Public/js/corp/jquery1.10.2.js
ERR: 无法加载模块:Public

[ 2014-10-13T16:59:03+08:00 ] 192.168.0.105 /Public/js/corp/jquery1.10.2.js
ERR: 无法加载模块:Public

[ 2014-10-13T16:59:04+08:00 ] 192.168.0.105 /Public/js/corp/jquery1.10.2.js
ERR: 无法加载模块:Public

[ 2014-10-13T16:59:07+08:00 ] 192.168.0.105 /Public/js/corp/jquery1.10.2.js
ERR: 无法加载模块:Public

[ 2014-10-13T16:59:09+08:00 ] 192.168.0.105 /Public/js/corp/jquery1.10.2.js
ERR: 无法加载模块:Public

[ 2014-10-13T16:59:11+08:00 ] 192.168.0.105 /Public/js/corp/jquery1.10.2.js
ERR: 无法加载模块:Public

[ 2014-10-13T16:59:14+08:00 ] 192.168.0.105 /Public/js/corp/jquery1.10.2.js
ERR: 无法加载模块:Public

