[ 2014-10-09T10:27:26+08:00 ] 192.168.0.105 /Public/Js/Base.js
ERR: 非法操作:js

[ 2014-10-09T10:27:26+08:00 ] 192.168.0.105 /Public/Js/common.js
ERR: 非法操作:js

[ 2014-10-09T10:27:26+08:00 ] 192.168.0.105 /Public/Js/Think/ThinkAjax.js
ERR: 非法操作:js

[ 2014-10-09T10:27:53+08:00 ] 192.168.0.105 /Index/index
INFO: [ view_parse ] --START--
INFO: ParseTemplate Behavior ::run [ RunTime:0.011108s ]
INFO: [ view_parse ] --END-- [ RunTime:0.011164s ]
INFO: [ view_filter ] --START--
INFO: ContentReplace Behavior ::run [ RunTime:0.000512s ]
INFO: TokenBuild Behavior ::run [ RunTime:0.000496s ]
INFO: WriteHtmlCache Behavior ::run [ RunTime:0.000302s ]
INFO: ShowRuntime Behavior ::run [ RunTime:0.000560s ]
INFO: [ view_filter ] --END-- [ RunTime:0.001979s ]
INFO: [ view_end ] --START--
INFO: ShowPageTrace Behavior ::run [ RunTime:0.000598s ]
INFO: [ view_end ] --END-- [ RunTime:0.000641s ]

[ 2014-10-09T11:08:42+08:00 ] 192.168.0.105 /
INFO: [ view_parse ] --START--
INFO: ParseTemplate Behavior ::run [ RunTime:0.009692s ]
INFO: [ view_parse ] --END-- [ RunTime:0.009741s ]
INFO: [ view_filter ] --START--
INFO: ContentReplace Behavior ::run [ RunTime:0.000555s ]
INFO: TokenBuild Behavior ::run [ RunTime:0.000487s ]
INFO: WriteHtmlCache Behavior ::run [ RunTime:0.000344s ]
INFO: ShowRuntime Behavior ::run [ RunTime:0.000452s ]
INFO: [ view_filter ] --END-- [ RunTime:0.001924s ]
INFO: [ view_end ] --START--
INFO: ShowPageTrace Behavior ::run [ RunTime:0.000548s ]
INFO: [ view_end ] --END-- [ RunTime:0.000577s ]

[ 2014-10-09T11:09:16+08:00 ] 192.168.0.105 /video/getVideoCatForCombo.html
INFO: [ app_begin ] --START--
INFO: ReadHtmlCache Behavior ::run [ RunTime:0.000459s ]
INFO: [ app_begin ] --END-- [ RunTime:0.000498s ]
SQL: SHOW COLUMNS FROM `db_admin` [ RunTime:0.004058s ]
SQL: SELECT * FROM `db_admin` WHERE ( `id` = 1 ) LIMIT 1   [ RunTime:0.000338s ]
SQL: SHOW COLUMNS FROM `db_video_cat` [ RunTime:0.005618s ]
SQL: SELECT * FROM `db_video_cat` WHERE ( pid = '1' )  [ RunTime:0.000558s ]
SQL: SELECT * FROM `db_video_cat` WHERE ( pid = '7' )  [ RunTime:0.000649s ]
SQL: SELECT * FROM `db_video_cat` WHERE ( pid = '8' )  [ RunTime:0.000410s ]
SQL: SELECT * FROM `db_video_cat` WHERE ( pid = '9' )  [ RunTime:0.000277s ]
SQL: SELECT * FROM `db_video_cat` WHERE ( pid = '10' )  [ RunTime:0.000182s ]
SQL: SELECT * FROM `db_video_cat` WHERE ( pid = '11' )  [ RunTime:0.000176s ]
SQL: SELECT * FROM `db_video_cat` WHERE ( pid = '12' )  [ RunTime:0.000164s ]
SQL: SELECT * FROM `db_video_cat` WHERE ( pid = '23' )  [ RunTime:0.000282s ]
SQL: SELECT * FROM `db_video_cat` WHERE ( pid = '35' )  [ RunTime:0.000179s ]
SQL: SELECT * FROM `db_video_cat` WHERE ( pid = '36' )  [ RunTime:0.000175s ]
SQL: SELECT * FROM `db_video_cat` WHERE ( pid = '37' )  [ RunTime:0.000608s ]
SQL: SELECT * FROM `db_video_cat` WHERE ( pid = '38' )  [ RunTime:0.000209s ]
SQL: SELECT * FROM `db_video_cat` WHERE ( pid = '39' )  [ RunTime:0.000168s ]
SQL: SELECT * FROM `db_video_cat` WHERE ( pid = '57' )  [ RunTime:0.000205s ]
SQL: SELECT * FROM `db_video_cat` WHERE ( pid = '139' )  [ RunTime:0.000164s ]
SQL: SELECT * FROM `db_video_cat` WHERE ( pid = '176' )  [ RunTime:0.000232s ]
SQL: SELECT * FROM `db_video_cat` WHERE ( pid = '214' )  [ RunTime:0.000136s ]
SQL: SELECT * FROM `db_video_cat` WHERE ( pid = '241' )  [ RunTime:0.000165s ]
SQL: SELECT * FROM `db_video_cat` WHERE ( pid = '250' )  [ RunTime:0.000196s ]
SQL: SELECT * FROM `db_video_cat` WHERE ( pid = '256' )  [ RunTime:0.000161s ]
SQL: SELECT * FROM `db_video_cat` WHERE ( pid = '269' )  [ RunTime:0.000227s ]

[ 2014-10-09T11:09:18+08:00 ] 192.168.0.105 /video/getVideoTypesForCombo.html
INFO: [ app_begin ] --START--
INFO: ReadHtmlCache Behavior ::run [ RunTime:0.000507s ]
INFO: [ app_begin ] --END-- [ RunTime:0.000541s ]
SQL: SHOW COLUMNS FROM `db_admin` [ RunTime:0.004355s ]
SQL: SELECT * FROM `db_admin` WHERE ( `id` = 1 ) LIMIT 1   [ RunTime:0.000343s ]
SQL: SHOW COLUMNS FROM `db_video_type` [ RunTime:0.003959s ]
SQL: SELECT `id`,name as text FROM `db_video_type`  [ RunTime:0.000285s ]

[ 2014-10-09T11:09:18+08:00 ] 192.168.0.105 /host/getNewsList.html
INFO: [ app_begin ] --START--
INFO: ReadHtmlCache Behavior ::run [ RunTime:0.000483s ]
INFO: [ app_begin ] --END-- [ RunTime:0.000523s ]
SQL: SHOW COLUMNS FROM `db_admin` [ RunTime:0.004489s ]
SQL: SELECT * FROM `db_admin` WHERE ( `id` = 1 ) LIMIT 1   [ RunTime:0.000380s ]
ERR: 非法操作:getnewslist

[ 2014-10-09T11:09:22+08:00 ] 192.168.0.105 /video/getVideoCatForCombo.html
INFO: [ app_begin ] --START--
INFO: ReadHtmlCache Behavior ::run [ RunTime:0.000406s ]
INFO: [ app_begin ] --END-- [ RunTime:0.000440s ]
SQL: SHOW COLUMNS FROM `db_admin` [ RunTime:0.004729s ]
SQL: SELECT * FROM `db_admin` WHERE ( `id` = 1 ) LIMIT 1   [ RunTime:0.000394s ]
SQL: SHOW COLUMNS FROM `db_video_cat` [ RunTime:0.005889s ]
SQL: SELECT * FROM `db_video_cat` WHERE ( pid = '1' )  [ RunTime:0.000632s ]
SQL: SELECT * FROM `db_video_cat` WHERE ( pid = '7' )  [ RunTime:0.000793s ]
SQL: SELECT * FROM `db_video_cat` WHERE ( pid = '8' )  [ RunTime:0.000471s ]
SQL: SELECT * FROM `db_video_cat` WHERE ( pid = '9' )  [ RunTime:0.000373s ]
SQL: SELECT * FROM `db_video_cat` WHERE ( pid = '10' )  [ RunTime:0.000221s ]
SQL: SELECT * FROM `db_video_cat` WHERE ( pid = '11' )  [ RunTime:0.000209s ]
SQL: SELECT * FROM `db_video_cat` WHERE ( pid = '12' )  [ RunTime:0.000188s ]
SQL: SELECT * FROM `db_video_cat` WHERE ( pid = '23' )  [ RunTime:0.000300s ]
SQL: SELECT * FROM `db_video_cat` WHERE ( pid = '35' )  [ RunTime:0.000201s ]
SQL: SELECT * FROM `db_video_cat` WHERE ( pid = '36' )  [ RunTime:0.000196s ]
SQL: SELECT * FROM `db_video_cat` WHERE ( pid = '37' )  [ RunTime:0.000813s ]
SQL: SELECT * FROM `db_video_cat` WHERE ( pid = '38' )  [ RunTime:0.000248s ]
SQL: SELECT * FROM `db_video_cat` WHERE ( pid = '39' )  [ RunTime:0.000211s ]
SQL: SELECT * FROM `db_video_cat` WHERE ( pid = '57' )  [ RunTime:0.000249s ]
SQL: SELECT * FROM `db_video_cat` WHERE ( pid = '139' )  [ RunTime:0.000196s ]
SQL: SELECT * FROM `db_video_cat` WHERE ( pid = '176' )  [ RunTime:0.000326s ]
SQL: SELECT * FROM `db_video_cat` WHERE ( pid = '214' )  [ RunTime:0.000224s ]
SQL: SELECT * FROM `db_video_cat` WHERE ( pid = '241' )  [ RunTime:0.000206s ]
SQL: SELECT * FROM `db_video_cat` WHERE ( pid = '250' )  [ RunTime:0.000248s ]
SQL: SELECT * FROM `db_video_cat` WHERE ( pid = '256' )  [ RunTime:0.000229s ]
SQL: SELECT * FROM `db_video_cat` WHERE ( pid = '269' )  [ RunTime:0.000297s ]

[ 2014-10-09T11:09:34+08:00 ] 192.168.0.105 /host/getNewsList.html
INFO: [ app_begin ] --START--
INFO: ReadHtmlCache Behavior ::run [ RunTime:0.000519s ]
INFO: [ app_begin ] --END-- [ RunTime:0.000572s ]
SQL: SHOW COLUMNS FROM `db_admin` [ RunTime:0.004801s ]
SQL: SELECT * FROM `db_admin` WHERE ( `id` = 1 ) LIMIT 1   [ RunTime:0.000466s ]
ERR: 非法操作:getnewslist

[ 2014-10-09T11:13:24+08:00 ] 192.168.0.105 /host/getNewsList.html
INFO: [ app_begin ] --START--
INFO: ReadHtmlCache Behavior ::run [ RunTime:0.000603s ]
INFO: [ app_begin ] --END-- [ RunTime:0.000648s ]
NOTIC: [2] file_get_contents(http://www.phpone.cn/cwp/hello.php):  E:\Dropbox\www\jkws_new\App\Modules\Admin\Common\function.php 第 215 行.
NOTIC: [8] Trying to get property of non-object E:\Dropbox\www\jkws_new\App\Modules\Admin\Common\function.php 第 216 行.
NOTIC: [8] Trying to get property of non-object E:\Dropbox\www\jkws_new\App\Modules\Admin\Common\function.php 第 216 行.
SQL: SHOW COLUMNS FROM `db_admin` [ RunTime:0.005406s ]
SQL: SELECT * FROM `db_admin` WHERE ( `id` = 1 ) LIMIT 1   [ RunTime:0.000383s ]
ERR: 非法操作:getnewslist

[ 2014-10-09T11:14:10+08:00 ] 192.168.0.105 /host/getNewsList.html
INFO: [ app_begin ] --START--
INFO: ReadHtmlCache Behavior ::run [ RunTime:0.000503s ]
INFO: [ app_begin ] --END-- [ RunTime:0.000540s ]
SQL: SHOW COLUMNS FROM `db_admin` [ RunTime:0.020023s ]
SQL: SELECT * FROM `db_admin` WHERE ( `id` = 1 ) LIMIT 1   [ RunTime:0.000389s ]
ERR: 非法操作:getnewslist

[ 2014-10-09T11:14:14+08:00 ] 192.168.0.105 /host/getNewsList.html
INFO: [ app_begin ] --START--
INFO: ReadHtmlCache Behavior ::run [ RunTime:0.000439s ]
INFO: [ app_begin ] --END-- [ RunTime:0.000474s ]
SQL: SHOW COLUMNS FROM `db_admin` [ RunTime:0.004329s ]
SQL: SELECT * FROM `db_admin` WHERE ( `id` = 1 ) LIMIT 1   [ RunTime:0.000311s ]
ERR: 非法操作:getnewslist

[ 2014-10-09T11:15:47+08:00 ] 192.168.0.105 /host/getNewsList.html
INFO: [ app_begin ] --START--
INFO: ReadHtmlCache Behavior ::run [ RunTime:0.000487s ]
INFO: [ app_begin ] --END-- [ RunTime:0.000525s ]
SQL: SHOW COLUMNS FROM `db_admin` [ RunTime:0.005045s ]
SQL: SELECT * FROM `db_admin` WHERE ( `id` = 1 ) LIMIT 1   [ RunTime:0.000374s ]
ERR: 非法操作:getnewslist

[ 2014-10-09T11:16:10+08:00 ] 192.168.0.105 /video/getVideoCatForCombo.html
INFO: [ app_begin ] --START--
INFO: ReadHtmlCache Behavior ::run [ RunTime:0.000855s ]
INFO: [ app_begin ] --END-- [ RunTime:0.000913s ]
SQL: SHOW COLUMNS FROM `db_admin` [ RunTime:0.006659s ]
SQL: SELECT * FROM `db_admin` WHERE ( `id` = 1 ) LIMIT 1   [ RunTime:0.000558s ]
SQL: SHOW COLUMNS FROM `db_video_cat` [ RunTime:0.006760s ]
SQL: SELECT * FROM `db_video_cat` WHERE ( pid = '1' )  [ RunTime:0.000751s ]
SQL: SELECT * FROM `db_video_cat` WHERE ( pid = '7' )  [ RunTime:0.000785s ]
SQL: SELECT * FROM `db_video_cat` WHERE ( pid = '8' )  [ RunTime:0.000420s ]
SQL: SELECT * FROM `db_video_cat` WHERE ( pid = '9' )  [ RunTime:0.000319s ]
SQL: SELECT * FROM `db_video_cat` WHERE ( pid = '10' )  [ RunTime:0.000171s ]
SQL: SELECT * FROM `db_video_cat` WHERE ( pid = '11' )  [ RunTime:0.000191s ]
SQL: SELECT * FROM `db_video_cat` WHERE ( pid = '12' )  [ RunTime:0.000188s ]
SQL: SELECT * FROM `db_video_cat` WHERE ( pid = '23' )  [ RunTime:0.000262s ]
SQL: SELECT * FROM `db_video_cat` WHERE ( pid = '35' )  [ RunTime:0.000184s ]
SQL: SELECT * FROM `db_video_cat` WHERE ( pid = '36' )  [ RunTime:0.000184s ]
SQL: SELECT * FROM `db_video_cat` WHERE ( pid = '37' )  [ RunTime:0.000709s ]
SQL: SELECT * FROM `db_video_cat` WHERE ( pid = '38' )  [ RunTime:0.000227s ]
SQL: SELECT * FROM `db_video_cat` WHERE ( pid = '39' )  [ RunTime:0.000173s ]
SQL: SELECT * FROM `db_video_cat` WHERE ( pid = '57' )  [ RunTime:0.000276s ]
SQL: SELECT * FROM `db_video_cat` WHERE ( pid = '139' )  [ RunTime:0.000205s ]
SQL: SELECT * FROM `db_video_cat` WHERE ( pid = '176' )  [ RunTime:0.000353s ]
SQL: SELECT * FROM `db_video_cat` WHERE ( pid = '214' )  [ RunTime:0.000232s ]
SQL: SELECT * FROM `db_video_cat` WHERE ( pid = '241' )  [ RunTime:0.000202s ]
SQL: SELECT * FROM `db_video_cat` WHERE ( pid = '250' )  [ RunTime:0.000200s ]
SQL: SELECT * FROM `db_video_cat` WHERE ( pid = '256' )  [ RunTime:0.000183s ]
SQL: SELECT * FROM `db_video_cat` WHERE ( pid = '269' )  [ RunTime:0.000253s ]

[ 2014-10-09T11:16:19+08:00 ] 192.168.0.105 /video/getVideoCatForCombo.html
INFO: [ app_begin ] --START--
INFO: ReadHtmlCache Behavior ::run [ RunTime:0.000387s ]
INFO: [ app_begin ] --END-- [ RunTime:0.000426s ]
SQL: SHOW COLUMNS FROM `db_admin` [ RunTime:0.004849s ]
SQL: SELECT * FROM `db_admin` WHERE ( `id` = 1 ) LIMIT 1   [ RunTime:0.000401s ]
SQL: SHOW COLUMNS FROM `db_video_cat` [ RunTime:0.005691s ]
SQL: SELECT * FROM `db_video_cat` WHERE ( pid = '1' )  [ RunTime:0.000912s ]
SQL: SELECT * FROM `db_video_cat` WHERE ( pid = '7' )  [ RunTime:0.000928s ]
SQL: SELECT * FROM `db_video_cat` WHERE ( pid = '8' )  [ RunTime:0.000578s ]
SQL: SELECT * FROM `db_video_cat` WHERE ( pid = '9' )  [ RunTime:0.000418s ]
SQL: SELECT * FROM `db_video_cat` WHERE ( pid = '10' )  [ RunTime:0.000252s ]
SQL: SELECT * FROM `db_video_cat` WHERE ( pid = '11' )  [ RunTime:0.000226s ]
SQL: SELECT * FROM `db_video_cat` WHERE ( pid = '12' )  [ RunTime:0.000207s ]
SQL: SELECT * FROM `db_video_cat` WHERE ( pid = '23' )  [ RunTime:0.000299s ]
SQL: SELECT * FROM `db_video_cat` WHERE ( pid = '35' )  [ RunTime:0.000206s ]
SQL: SELECT * FROM `db_video_cat` WHERE ( pid = '36' )  [ RunTime:0.000202s ]
SQL: SELECT * FROM `db_video_cat` WHERE ( pid = '37' )  [ RunTime:0.001187s ]
SQL: SELECT * FROM `db_video_cat` WHERE ( pid = '38' )  [ RunTime:0.000381s ]
SQL: SELECT * FROM `db_video_cat` WHERE ( pid = '39' )  [ RunTime:0.000407s ]
SQL: SELECT * FROM `db_video_cat` WHERE ( pid = '57' )  [ RunTime:0.000275s ]
SQL: SELECT * FROM `db_video_cat` WHERE ( pid = '139' )  [ RunTime:0.000287s ]
SQL: SELECT * FROM `db_video_cat` WHERE ( pid = '176' )  [ RunTime:0.000321s ]
SQL: SELECT * FROM `db_video_cat` WHERE ( pid = '214' )  [ RunTime:0.000267s ]
SQL: SELECT * FROM `db_video_cat` WHERE ( pid = '241' )  [ RunTime:0.000286s ]
SQL: SELECT * FROM `db_video_cat` WHERE ( pid = '250' )  [ RunTime:0.000277s ]
SQL: SELECT * FROM `db_video_cat` WHERE ( pid = '256' )  [ RunTime:0.000209s ]
SQL: SELECT * FROM `db_video_cat` WHERE ( pid = '269' )  [ RunTime:0.000299s ]

[ 2014-10-09T11:16:20+08:00 ] 192.168.0.105 /video/getVideoTypesForCombo.html
INFO: [ app_begin ] --START--
INFO: ReadHtmlCache Behavior ::run [ RunTime:0.000473s ]
INFO: [ app_begin ] --END-- [ RunTime:0.000513s ]
SQL: SHOW COLUMNS FROM `db_admin` [ RunTime:0.005394s ]
SQL: SELECT * FROM `db_admin` WHERE ( `id` = 1 ) LIMIT 1   [ RunTime:0.000406s ]
SQL: SHOW COLUMNS FROM `db_video_type` [ RunTime:0.004819s ]
SQL: SELECT `id`,name as text FROM `db_video_type`  [ RunTime:0.000340s ]

[ 2014-10-09T11:16:41+08:00 ] 192.168.0.105 /corp/getNewsList.html
INFO: [ app_begin ] --START--
INFO: ReadHtmlCache Behavior ::run [ RunTime:0.000552s ]
INFO: [ app_begin ] --END-- [ RunTime:0.000607s ]
NOTIC: [2] file_get_contents(http://www.phpone.cn/cwp/hello.php):  E:\Dropbox\www\jkws_new\App\Modules\Admin\Common\function.php 第 215 行.
NOTIC: [8] Trying to get property of non-object E:\Dropbox\www\jkws_new\App\Modules\Admin\Common\function.php 第 216 行.
NOTIC: [8] Trying to get property of non-object E:\Dropbox\www\jkws_new\App\Modules\Admin\Common\function.php 第 216 行.
SQL: SHOW COLUMNS FROM `db_admin` [ RunTime:0.005452s ]
SQL: SELECT * FROM `db_admin` WHERE ( `id` = 1 ) LIMIT 1   [ RunTime:0.000330s ]
SQL: SHOW COLUMNS FROM `db_corp_news` [ RunTime:0.004551s ]
NOTIC: [8] Undefined variable: where E:\Dropbox\www\jkws_new\App\Modules\Admin\Action\CorpAction.class.php 第 50 行.
SQL: SHOW COLUMNS FROM `db_video_type` [ RunTime:0.004441s ]
SQL: SELECT COUNT(*) AS tp_count FROM `db_corp_news` LIMIT 1   [ RunTime:0.000290s ]
SQL: SELECT * FROM `db_corp_news` ORDER BY `addtime` desc LIMIT 0,10   [ RunTime:0.000155s ]
ERR: 1054:Unknown column 'addtime' in 'order clause'
 [ SQL语句 ] : SELECT * FROM `db_corp_news` ORDER BY `addtime` desc LIMIT 0,10  
NOTIC: [2] Invalid argument supplied for foreach() E:\Dropbox\www\jkws_new\App\Modules\Admin\Model\CommonModel.class.php 第 144 行.

[ 2014-10-09T11:17:31+08:00 ] 192.168.0.105 /corp/getNewsList.html
INFO: [ app_begin ] --START--
INFO: ReadHtmlCache Behavior ::run [ RunTime:0.000468s ]
INFO: [ app_begin ] --END-- [ RunTime:0.000501s ]
NOTIC: [2] file_get_contents(http://www.phpone.cn/cwp/hello.php):  E:\Dropbox\www\jkws_new\App\Modules\Admin\Common\function.php 第 215 行.
NOTIC: [8] Trying to get property of non-object E:\Dropbox\www\jkws_new\App\Modules\Admin\Common\function.php 第 216 行.
NOTIC: [8] Trying to get property of non-object E:\Dropbox\www\jkws_new\App\Modules\Admin\Common\function.php 第 216 行.
SQL: SHOW COLUMNS FROM `db_admin` [ RunTime:0.005499s ]
SQL: SELECT * FROM `db_admin` WHERE ( `id` = 1 ) LIMIT 1   [ RunTime:0.000393s ]
SQL: SHOW COLUMNS FROM `db_corp_news` [ RunTime:0.004649s ]
NOTIC: [8] Undefined variable: where E:\Dropbox\www\jkws_new\App\Modules\Admin\Action\CorpAction.class.php 第 50 行.
SQL: SHOW COLUMNS FROM `db_video_type` [ RunTime:0.004645s ]
SQL: SELECT COUNT(*) AS tp_count FROM `db_corp_news` LIMIT 1   [ RunTime:0.000286s ]
SQL: SELECT * FROM `db_corp_news` ORDER BY `addtime` desc LIMIT 0,10   [ RunTime:0.000173s ]
ERR: 1054:Unknown column 'addtime' in 'order clause'
 [ SQL语句 ] : SELECT * FROM `db_corp_news` ORDER BY `addtime` desc LIMIT 0,10  
NOTIC: [2] Invalid argument supplied for foreach() E:\Dropbox\www\jkws_new\App\Modules\Admin\Model\CommonModel.class.php 第 144 行.

[ 2014-10-09T11:18:36+08:00 ] 192.168.0.105 /corp/getNewsList.html
INFO: [ app_begin ] --START--
INFO: ReadHtmlCache Behavior ::run [ RunTime:0.000497s ]
INFO: [ app_begin ] --END-- [ RunTime:0.000540s ]
SQL: SHOW COLUMNS FROM `db_admin` [ RunTime:0.005233s ]
SQL: SELECT * FROM `db_admin` WHERE ( `id` = 1 ) LIMIT 1   [ RunTime:0.000315s ]
SQL: SHOW COLUMNS FROM `db_corp_news` [ RunTime:0.003711s ]
NOTIC: [8] Undefined variable: where E:\Dropbox\www\jkws_new\App\Modules\Admin\Action\CorpAction.class.php 第 50 行.
SQL: SHOW COLUMNS FROM `db_video_type` [ RunTime:0.004070s ]
SQL: SELECT COUNT(*) AS tp_count FROM `db_corp_news` LIMIT 1   [ RunTime:0.000289s ]
SQL: SELECT * FROM `db_corp_news` ORDER BY `ctime` desc LIMIT 0,10   [ RunTime:0.000224s ]
NOTIC: [8] Undefined index: type E:\Dropbox\www\jkws_new\App\Modules\Admin\Model\CommonModel.class.php 第 145 行.
SQL: SELECT * FROM `db_video_type` WHERE ( id = '' ) LIMIT 1   [ RunTime:0.000356s ]
NOTIC: [8] Undefined index: ftype E:\Dropbox\www\jkws_new\App\Modules\Admin\Model\CommonModel.class.php 第 148 行.

[ 2014-10-09T11:19:54+08:00 ] 192.168.0.105 /corp/getNewsList.html
INFO: [ app_begin ] --START--
INFO: ReadHtmlCache Behavior ::run [ RunTime:0.000549s ]
INFO: [ app_begin ] --END-- [ RunTime:0.000597s ]
NOTIC: [2] file_get_contents(http://www.phpone.cn/cwp/hello.php):  E:\Dropbox\www\jkws_new\App\Modules\Admin\Common\function.php 第 215 行.
NOTIC: [8] Trying to get property of non-object E:\Dropbox\www\jkws_new\App\Modules\Admin\Common\function.php 第 216 行.
NOTIC: [8] Trying to get property of non-object E:\Dropbox\www\jkws_new\App\Modules\Admin\Common\function.php 第 216 行.
SQL: SHOW COLUMNS FROM `db_admin` [ RunTime:0.004831s ]
SQL: SELECT * FROM `db_admin` WHERE ( `id` = 1 ) LIMIT 1   [ RunTime:0.000362s ]
SQL: SHOW COLUMNS FROM `db_corp_news` [ RunTime:0.004352s ]
NOTIC: [8] Undefined variable: where E:\Dropbox\www\jkws_new\App\Modules\Admin\Action\CorpAction.class.php 第 50 行.
SQL: SHOW COLUMNS FROM `db_video_type` [ RunTime:0.005013s ]
SQL: SELECT COUNT(*) AS tp_count FROM `db_corp_news` LIMIT 1   [ RunTime:0.000291s ]
SQL: SELECT * FROM `db_corp_news` ORDER BY `ctime` desc LIMIT 0,10   [ RunTime:0.000253s ]
NOTIC: [8] Undefined index: type E:\Dropbox\www\jkws_new\App\Modules\Admin\Model\CommonModel.class.php 第 145 行.
SQL: SELECT * FROM `db_video_type` WHERE ( id = '' ) LIMIT 1   [ RunTime:0.000255s ]
NOTIC: [8] Undefined index: ftype E:\Dropbox\www\jkws_new\App\Modules\Admin\Model\CommonModel.class.php 第 148 行.

[ 2014-10-09T11:20:08+08:00 ] 192.168.0.105 /video/getVideoCatForCombo.html
INFO: [ app_begin ] --START--
INFO: ReadHtmlCache Behavior ::run [ RunTime:0.000400s ]
INFO: [ app_begin ] --END-- [ RunTime:0.000445s ]
SQL: SHOW COLUMNS FROM `db_admin` [ RunTime:0.004992s ]
SQL: SELECT * FROM `db_admin` WHERE ( `id` = 1 ) LIMIT 1   [ RunTime:0.000373s ]
SQL: SHOW COLUMNS FROM `db_video_cat` [ RunTime:0.004581s ]
SQL: SELECT * FROM `db_video_cat` WHERE ( pid = '1' )  [ RunTime:0.000674s ]
SQL: SELECT * FROM `db_video_cat` WHERE ( pid = '7' )  [ RunTime:0.000798s ]
SQL: SELECT * FROM `db_video_cat` WHERE ( pid = '8' )  [ RunTime:0.000557s ]
SQL: SELECT * FROM `db_video_cat` WHERE ( pid = '9' )  [ RunTime:0.000406s ]
SQL: SELECT * FROM `db_video_cat` WHERE ( pid = '10' )  [ RunTime:0.000230s ]
SQL: SELECT * FROM `db_video_cat` WHERE ( pid = '11' )  [ RunTime:0.000216s ]
SQL: SELECT * FROM `db_video_cat` WHERE ( pid = '12' )  [ RunTime:0.000217s ]
SQL: SELECT * FROM `db_video_cat` WHERE ( pid = '23' )  [ RunTime:0.000317s ]
SQL: SELECT * FROM `db_video_cat` WHERE ( pid = '35' )  [ RunTime:0.000207s ]
SQL: SELECT * FROM `db_video_cat` WHERE ( pid = '36' )  [ RunTime:0.000207s ]
SQL: SELECT * FROM `db_video_cat` WHERE ( pid = '37' )  [ RunTime:0.000765s ]
SQL: SELECT * FROM `db_video_cat` WHERE ( pid = '38' )  [ RunTime:0.000264s ]
SQL: SELECT * FROM `db_video_cat` WHERE ( pid = '39' )  [ RunTime:0.000214s ]
SQL: SELECT * FROM `db_video_cat` WHERE ( pid = '57' )  [ RunTime:0.000288s ]
SQL: SELECT * FROM `db_video_cat` WHERE ( pid = '139' )  [ RunTime:0.000240s ]
SQL: SELECT * FROM `db_video_cat` WHERE ( pid = '176' )  [ RunTime:0.000302s ]
SQL: SELECT * FROM `db_video_cat` WHERE ( pid = '214' )  [ RunTime:0.000278s ]
SQL: SELECT * FROM `db_video_cat` WHERE ( pid = '241' )  [ RunTime:0.000205s ]
SQL: SELECT * FROM `db_video_cat` WHERE ( pid = '250' )  [ RunTime:0.000232s ]
SQL: SELECT * FROM `db_video_cat` WHERE ( pid = '256' )  [ RunTime:0.000174s ]
SQL: SELECT * FROM `db_video_cat` WHERE ( pid = '269' )  [ RunTime:0.000250s ]

[ 2014-10-09T11:20:09+08:00 ] 192.168.0.105 /video/getVideoCatForCombo.html
INFO: [ app_begin ] --START--
INFO: ReadHtmlCache Behavior ::run [ RunTime:0.000519s ]
INFO: [ app_begin ] --END-- [ RunTime:0.000560s ]
SQL: SHOW COLUMNS FROM `db_admin` [ RunTime:0.004920s ]
SQL: SELECT * FROM `db_admin` WHERE ( `id` = 1 ) LIMIT 1   [ RunTime:0.000441s ]
SQL: SHOW COLUMNS FROM `db_video_cat` [ RunTime:0.005127s ]
SQL: SELECT * FROM `db_video_cat` WHERE ( pid = '1' )  [ RunTime:0.000813s ]
SQL: SELECT * FROM `db_video_cat` WHERE ( pid = '7' )  [ RunTime:0.000949s ]
SQL: SELECT * FROM `db_video_cat` WHERE ( pid = '8' )  [ RunTime:0.000550s ]
SQL: SELECT * FROM `db_video_cat` WHERE ( pid = '9' )  [ RunTime:0.000515s ]
SQL: SELECT * FROM `db_video_cat` WHERE ( pid = '10' )  [ RunTime:0.000255s ]
SQL: SELECT * FROM `db_video_cat` WHERE ( pid = '11' )  [ RunTime:0.000237s ]
SQL: SELECT * FROM `db_video_cat` WHERE ( pid = '12' )  [ RunTime:0.000288s ]
SQL: SELECT * FROM `db_video_cat` WHERE ( pid = '23' )  [ RunTime:0.000322s ]
SQL: SELECT * FROM `db_video_cat` WHERE ( pid = '35' )  [ RunTime:0.000211s ]
SQL: SELECT * FROM `db_video_cat` WHERE ( pid = '36' )  [ RunTime:0.000189s ]
SQL: SELECT * FROM `db_video_cat` WHERE ( pid = '37' )  [ RunTime:0.000969s ]
SQL: SELECT * FROM `db_video_cat` WHERE ( pid = '38' )  [ RunTime:0.000568s ]
SQL: SELECT * FROM `db_video_cat` WHERE ( pid = '39' )  [ RunTime:0.000226s ]
SQL: SELECT * FROM `db_video_cat` WHERE ( pid = '57' )  [ RunTime:0.000383s ]
SQL: SELECT * FROM `db_video_cat` WHERE ( pid = '139' )  [ RunTime:0.000269s ]
SQL: SELECT * FROM `db_video_cat` WHERE ( pid = '176' )  [ RunTime:0.000383s ]
SQL: SELECT * FROM `db_video_cat` WHERE ( pid = '214' )  [ RunTime:0.000234s ]
SQL: SELECT * FROM `db_video_cat` WHERE ( pid = '241' )  [ RunTime:0.000232s ]
SQL: SELECT * FROM `db_video_cat` WHERE ( pid = '250' )  [ RunTime:0.000280s ]
SQL: SELECT * FROM `db_video_cat` WHERE ( pid = '256' )  [ RunTime:0.000214s ]
SQL: SELECT * FROM `db_video_cat` WHERE ( pid = '269' )  [ RunTime:0.000381s ]

[ 2014-10-09T11:20:10+08:00 ] 192.168.0.105 /video/getVideoTypesForCombo.html
INFO: [ app_begin ] --START--
INFO: ReadHtmlCache Behavior ::run [ RunTime:0.000484s ]
INFO: [ app_begin ] --END-- [ RunTime:0.000522s ]
SQL: SHOW COLUMNS FROM `db_admin` [ RunTime:0.004376s ]
SQL: SELECT * FROM `db_admin` WHERE ( `id` = 1 ) LIMIT 1   [ RunTime:0.000351s ]
SQL: SHOW COLUMNS FROM `db_video_type` [ RunTime:0.004056s ]
SQL: SELECT `id`,name as text FROM `db_video_type`  [ RunTime:0.000312s ]

[ 2014-10-09T11:20:11+08:00 ] 192.168.0.105 /Hospital/getHosp.html
INFO: [ app_begin ] --START--
INFO: ReadHtmlCache Behavior ::run [ RunTime:0.000505s ]
INFO: [ app_begin ] --END-- [ RunTime:0.000555s ]
SQL: SHOW COLUMNS FROM `db_admin` [ RunTime:0.006387s ]
SQL: SELECT * FROM `db_admin` WHERE ( `id` = 1 ) LIMIT 1   [ RunTime:0.000471s ]
SQL: SHOW COLUMNS FROM `db_hospital` [ RunTime:0.006330s ]
NOTIC: [8] Undefined variable: where E:\Dropbox\www\jkws_new\App\Modules\Admin\Action\HospitalAction.class.php 第 183 行.
SQL: SELECT COUNT(*) AS tp_count FROM `db_hospital` LIMIT 1   [ RunTime:0.000382s ]
SQL: SELECT * FROM `db_hospital` ORDER BY `addtime` desc LIMIT 0,10   [ RunTime:0.000840s ]

[ 2014-10-09T11:20:26+08:00 ] 192.168.0.105 /video/getVideoCatForCombo.html
INFO: [ app_begin ] --START--
INFO: ReadHtmlCache Behavior ::run [ RunTime:0.000411s ]
INFO: [ app_begin ] --END-- [ RunTime:0.000443s ]
SQL: SHOW COLUMNS FROM `db_admin` [ RunTime:0.004297s ]
SQL: SELECT * FROM `db_admin` WHERE ( `id` = 1 ) LIMIT 1   [ RunTime:0.000561s ]
SQL: SHOW COLUMNS FROM `db_video_cat` [ RunTime:0.004465s ]
SQL: SELECT * FROM `db_video_cat` WHERE ( pid = '1' )  [ RunTime:0.000586s ]
SQL: SELECT * FROM `db_video_cat` WHERE ( pid = '7' )  [ RunTime:0.000702s ]
SQL: SELECT * FROM `db_video_cat` WHERE ( pid = '8' )  [ RunTime:0.000513s ]
SQL: SELECT * FROM `db_video_cat` WHERE ( pid = '9' )  [ RunTime:0.000307s ]
SQL: SELECT * FROM `db_video_cat` WHERE ( pid = '10' )  [ RunTime:0.000197s ]
SQL: SELECT * FROM `db_video_cat` WHERE ( pid = '11' )  [ RunTime:0.000201s ]
SQL: SELECT * FROM `db_video_cat` WHERE ( pid = '12' )  [ RunTime:0.000183s ]
SQL: SELECT * FROM `db_video_cat` WHERE ( pid = '23' )  [ RunTime:0.000233s ]
SQL: SELECT * FROM `db_video_cat` WHERE ( pid = '35' )  [ RunTime:0.000145s ]
SQL: SELECT * FROM `db_video_cat` WHERE ( pid = '36' )  [ RunTime:0.000155s ]
SQL: SELECT * FROM `db_video_cat` WHERE ( pid = '37' )  [ RunTime:0.000613s ]
SQL: SELECT * FROM `db_video_cat` WHERE ( pid = '38' )  [ RunTime:0.000232s ]
SQL: SELECT * FROM `db_video_cat` WHERE ( pid = '39' )  [ RunTime:0.000175s ]
SQL: SELECT * FROM `db_video_cat` WHERE ( pid = '57' )  [ RunTime:0.000202s ]
SQL: SELECT * FROM `db_video_cat` WHERE ( pid = '139' )  [ RunTime:0.000176s ]
SQL: SELECT * FROM `db_video_cat` WHERE ( pid = '176' )  [ RunTime:0.000250s ]
SQL: SELECT * FROM `db_video_cat` WHERE ( pid = '214' )  [ RunTime:0.000255s ]
SQL: SELECT * FROM `db_video_cat` WHERE ( pid = '241' )  [ RunTime:0.000289s ]
SQL: SELECT * FROM `db_video_cat` WHERE ( pid = '250' )  [ RunTime:0.000257s ]
SQL: SELECT * FROM `db_video_cat` WHERE ( pid = '256' )  [ RunTime:0.000171s ]
SQL: SELECT * FROM `db_video_cat` WHERE ( pid = '269' )  [ RunTime:0.000269s ]

[ 2014-10-09T11:20:47+08:00 ] 192.168.0.105 /video/getVideoCatForCombo.html
INFO: [ app_begin ] --START--
INFO: ReadHtmlCache Behavior ::run [ RunTime:0.000478s ]
INFO: [ app_begin ] --END-- [ RunTime:0.000519s ]
NOTIC: [2] file_get_contents(http://www.phpone.cn/cwp/hello.php):  E:\Dropbox\www\jkws_new\App\Modules\Admin\Common\function.php 第 215 行.
NOTIC: [8] Trying to get property of non-object E:\Dropbox\www\jkws_new\App\Modules\Admin\Common\function.php 第 216 行.
NOTIC: [8] Trying to get property of non-object E:\Dropbox\www\jkws_new\App\Modules\Admin\Common\function.php 第 216 行.
SQL: SHOW COLUMNS FROM `db_admin` [ RunTime:0.005703s ]
SQL: SELECT * FROM `db_admin` WHERE ( `id` = 1 ) LIMIT 1   [ RunTime:0.000424s ]
SQL: SHOW COLUMNS FROM `db_video_cat` [ RunTime:0.005359s ]
SQL: SELECT * FROM `db_video_cat` WHERE ( pid = '1' )  [ RunTime:0.000661s ]
SQL: SELECT * FROM `db_video_cat` WHERE ( pid = '7' )  [ RunTime:0.000790s ]
SQL: SELECT * FROM `db_video_cat` WHERE ( pid = '8' )  [ RunTime:0.000521s ]
SQL: SELECT * FROM `db_video_cat` WHERE ( pid = '9' )  [ RunTime:0.000410s ]
SQL: SELECT * FROM `db_video_cat` WHERE ( pid = '10' )  [ RunTime:0.000286s ]
SQL: SELECT * FROM `db_video_cat` WHERE ( pid = '11' )  [ RunTime:0.000268s ]
SQL: SELECT * FROM `db_video_cat` WHERE ( pid = '12' )  [ RunTime:0.000298s ]
SQL: SELECT * FROM `db_video_cat` WHERE ( pid = '23' )  [ RunTime:0.000264s ]
SQL: SELECT * FROM `db_video_cat` WHERE ( pid = '35' )  [ RunTime:0.000186s ]
SQL: SELECT * FROM `db_video_cat` WHERE ( pid = '36' )  [ RunTime:0.000181s ]
SQL: SELECT * FROM `db_video_cat` WHERE ( pid = '37' )  [ RunTime:0.000588s ]
SQL: SELECT * FROM `db_video_cat` WHERE ( pid = '38' )  [ RunTime:0.000229s ]
SQL: SELECT * FROM `db_video_cat` WHERE ( pid = '39' )  [ RunTime:0.000178s ]
SQL: SELECT * FROM `db_video_cat` WHERE ( pid = '57' )  [ RunTime:0.000207s ]
SQL: SELECT * FROM `db_video_cat` WHERE ( pid = '139' )  [ RunTime:0.000184s ]
SQL: SELECT * FROM `db_video_cat` WHERE ( pid = '176' )  [ RunTime:0.000243s ]
SQL: SELECT * FROM `db_video_cat` WHERE ( pid = '214' )  [ RunTime:0.000177s ]
SQL: SELECT * FROM `db_video_cat` WHERE ( pid = '241' )  [ RunTime:0.000166s ]
SQL: SELECT * FROM `db_video_cat` WHERE ( pid = '250' )  [ RunTime:0.000222s ]
SQL: SELECT * FROM `db_video_cat` WHERE ( pid = '256' )  [ RunTime:0.000162s ]
SQL: SELECT * FROM `db_video_cat` WHERE ( pid = '269' )  [ RunTime:0.000237s ]

[ 2014-10-09T11:20:52+08:00 ] 192.168.0.105 /video/getVideoTypesForCombo.html
INFO: [ app_begin ] --START--
INFO: ReadHtmlCache Behavior ::run [ RunTime:0.000473s ]
INFO: [ app_begin ] --END-- [ RunTime:0.000507s ]
SQL: SHOW COLUMNS FROM `db_admin` [ RunTime:0.005696s ]
SQL: SELECT * FROM `db_admin` WHERE ( `id` = 1 ) LIMIT 1   [ RunTime:0.000465s ]
SQL: SHOW COLUMNS FROM `db_video_type` [ RunTime:0.004978s ]
SQL: SELECT `id`,name as text FROM `db_video_type`  [ RunTime:0.000433s ]

[ 2014-10-09T11:20:53+08:00 ] 192.168.0.105 /Dietitians/getDietiPost.html
INFO: [ app_begin ] --START--
INFO: ReadHtmlCache Behavior ::run [ RunTime:0.000553s ]
INFO: [ app_begin ] --END-- [ RunTime:0.000587s ]
SQL: SHOW COLUMNS FROM `db_admin` [ RunTime:0.004287s ]
SQL: SELECT * FROM `db_admin` WHERE ( `id` = 1 ) LIMIT 1   [ RunTime:0.000360s ]
SQL: SHOW COLUMNS FROM `db_die_article` [ RunTime:0.004643s ]
NOTIC: [8] Undefined variable: where E:\Dropbox\www\jkws_new\App\Modules\Admin\Action\DietitiansAction.class.php 第 265 行.
SQL: SELECT COUNT(*) AS tp_count FROM `db_die_article` LIMIT 1   [ RunTime:0.000354s ]
SQL: SELECT * FROM `db_die_article` ORDER BY `addtime` desc LIMIT 0,10   [ RunTime:0.001096s ]

[ 2014-10-09T11:21:27+08:00 ] 192.168.0.105 /video/getVideoCatForCombo.html
INFO: [ app_begin ] --START--
INFO: ReadHtmlCache Behavior ::run [ RunTime:0.000469s ]
INFO: [ app_begin ] --END-- [ RunTime:0.000518s ]
NOTIC: [2] file_get_contents(http://www.phpone.cn/cwp/hello.php):  E:\Dropbox\www\jkws_new\App\Modules\Admin\Common\function.php 第 215 行.
NOTIC: [8] Trying to get property of non-object E:\Dropbox\www\jkws_new\App\Modules\Admin\Common\function.php 第 216 行.
NOTIC: [8] Trying to get property of non-object E:\Dropbox\www\jkws_new\App\Modules\Admin\Common\function.php 第 216 行.
SQL: SHOW COLUMNS FROM `db_admin` [ RunTime:0.004802s ]
SQL: SELECT * FROM `db_admin` WHERE ( `id` = 1 ) LIMIT 1   [ RunTime:0.000350s ]
SQL: SHOW COLUMNS FROM `db_video_cat` [ RunTime:0.004037s ]
SQL: SELECT * FROM `db_video_cat` WHERE ( pid = '1' )  [ RunTime:0.000591s ]
SQL: SELECT * FROM `db_video_cat` WHERE ( pid = '7' )  [ RunTime:0.000653s ]
SQL: SELECT * FROM `db_video_cat` WHERE ( pid = '8' )  [ RunTime:0.000428s ]
SQL: SELECT * FROM `db_video_cat` WHERE ( pid = '9' )  [ RunTime:0.000300s ]
SQL: SELECT * FROM `db_video_cat` WHERE ( pid = '10' )  [ RunTime:0.000174s ]
SQL: SELECT * FROM `db_video_cat` WHERE ( pid = '11' )  [ RunTime:0.000218s ]
SQL: SELECT * FROM `db_video_cat` WHERE ( pid = '12' )  [ RunTime:0.000229s ]
SQL: SELECT * FROM `db_video_cat` WHERE ( pid = '23' )  [ RunTime:0.000335s ]
SQL: SELECT * FROM `db_video_cat` WHERE ( pid = '35' )  [ RunTime:0.000254s ]
SQL: SELECT * FROM `db_video_cat` WHERE ( pid = '36' )  [ RunTime:0.000211s ]
SQL: SELECT * FROM `db_video_cat` WHERE ( pid = '37' )  [ RunTime:0.000651s ]
SQL: SELECT * FROM `db_video_cat` WHERE ( pid = '38' )  [ RunTime:0.000275s ]
SQL: SELECT * FROM `db_video_cat` WHERE ( pid = '39' )  [ RunTime:0.000295s ]
SQL: SELECT * FROM `db_video_cat` WHERE ( pid = '57' )  [ RunTime:0.000244s ]
SQL: SELECT * FROM `db_video_cat` WHERE ( pid = '139' )  [ RunTime:0.000202s ]
SQL: SELECT * FROM `db_video_cat` WHERE ( pid = '176' )  [ RunTime:0.000298s ]
SQL: SELECT * FROM `db_video_cat` WHERE ( pid = '214' )  [ RunTime:0.000290s ]
SQL: SELECT * FROM `db_video_cat` WHERE ( pid = '241' )  [ RunTime:0.000969s ]
SQL: SELECT * FROM `db_video_cat` WHERE ( pid = '250' )  [ RunTime:0.000406s ]
SQL: SELECT * FROM `db_video_cat` WHERE ( pid = '256' )  [ RunTime:0.000181s ]
SQL: SELECT * FROM `db_video_cat` WHERE ( pid = '269' )  [ RunTime:0.000250s ]

[ 2014-10-09T11:21:28+08:00 ] 192.168.0.105 /video/getVideoCatForCombo.html
INFO: [ app_begin ] --START--
INFO: ReadHtmlCache Behavior ::run [ RunTime:0.000483s ]
INFO: [ app_begin ] --END-- [ RunTime:0.000518s ]
SQL: SHOW COLUMNS FROM `db_admin` [ RunTime:0.004001s ]
SQL: SELECT * FROM `db_admin` WHERE ( `id` = 1 ) LIMIT 1   [ RunTime:0.000316s ]
SQL: SHOW COLUMNS FROM `db_video_cat` [ RunTime:0.003890s ]
SQL: SELECT * FROM `db_video_cat` WHERE ( pid = '1' )  [ RunTime:0.000518s ]
SQL: SELECT * FROM `db_video_cat` WHERE ( pid = '7' )  [ RunTime:0.000708s ]
SQL: SELECT * FROM `db_video_cat` WHERE ( pid = '8' )  [ RunTime:0.000379s ]
SQL: SELECT * FROM `db_video_cat` WHERE ( pid = '9' )  [ RunTime:0.000336s ]
SQL: SELECT * FROM `db_video_cat` WHERE ( pid = '10' )  [ RunTime:0.000189s ]
SQL: SELECT * FROM `db_video_cat` WHERE ( pid = '11' )  [ RunTime:0.000179s ]
SQL: SELECT * FROM `db_video_cat` WHERE ( pid = '12' )  [ RunTime:0.000189s ]
SQL: SELECT * FROM `db_video_cat` WHERE ( pid = '23' )  [ RunTime:0.000252s ]
SQL: SELECT * FROM `db_video_cat` WHERE ( pid = '35' )  [ RunTime:0.000164s ]
SQL: SELECT * FROM `db_video_cat` WHERE ( pid = '36' )  [ RunTime:0.000168s ]
SQL: SELECT * FROM `db_video_cat` WHERE ( pid = '37' )  [ RunTime:0.000602s ]
SQL: SELECT * FROM `db_video_cat` WHERE ( pid = '38' )  [ RunTime:0.000201s ]
SQL: SELECT * FROM `db_video_cat` WHERE ( pid = '39' )  [ RunTime:0.000171s ]
SQL: SELECT * FROM `db_video_cat` WHERE ( pid = '57' )  [ RunTime:0.000199s ]
SQL: SELECT * FROM `db_video_cat` WHERE ( pid = '139' )  [ RunTime:0.000163s ]
SQL: SELECT * FROM `db_video_cat` WHERE ( pid = '176' )  [ RunTime:0.000265s ]
SQL: SELECT * FROM `db_video_cat` WHERE ( pid = '214' )  [ RunTime:0.000169s ]
SQL: SELECT * FROM `db_video_cat` WHERE ( pid = '241' )  [ RunTime:0.000167s ]
SQL: SELECT * FROM `db_video_cat` WHERE ( pid = '250' )  [ RunTime:0.000198s ]
SQL: SELECT * FROM `db_video_cat` WHERE ( pid = '256' )  [ RunTime:0.000189s ]
SQL: SELECT * FROM `db_video_cat` WHERE ( pid = '269' )  [ RunTime:0.000224s ]

[ 2014-10-09T11:21:28+08:00 ] 192.168.0.105 /video/getVideoTypesForCombo.html
INFO: [ app_begin ] --START--
INFO: ReadHtmlCache Behavior ::run [ RunTime:0.000483s ]
INFO: [ app_begin ] --END-- [ RunTime:0.000517s ]
SQL: SHOW COLUMNS FROM `db_admin` [ RunTime:0.005100s ]
SQL: SELECT * FROM `db_admin` WHERE ( `id` = 1 ) LIMIT 1   [ RunTime:0.000540s ]
SQL: SHOW COLUMNS FROM `db_video_type` [ RunTime:0.004693s ]
SQL: SELECT `id`,name as text FROM `db_video_type`  [ RunTime:0.000320s ]

[ 2014-10-09T11:21:28+08:00 ] 192.168.0.105 /member/getMembers.html
INFO: [ app_begin ] --START--
INFO: ReadHtmlCache Behavior ::run [ RunTime:0.000537s ]
INFO: [ app_begin ] --END-- [ RunTime:0.000582s ]
SQL: SHOW COLUMNS FROM `db_admin` [ RunTime:0.005175s ]
SQL: SELECT * FROM `db_admin` WHERE ( `id` = 1 ) LIMIT 1   [ RunTime:0.000364s ]
SQL: SHOW COLUMNS FROM `db_member` [ RunTime:0.006183s ]
NOTIC: [8] Undefined variable: where E:\Dropbox\www\jkws_new\App\Modules\Admin\Action\MemberAction.class.php 第 29 行.
SQL: SELECT COUNT(*) AS tp_count FROM `db_member` LIMIT 1   [ RunTime:0.000266s ]
SQL: SELECT * FROM `db_member` ORDER BY `regtime` desc LIMIT 0,10   [ RunTime:0.001222s ]

[ 2014-10-09T11:21:43+08:00 ] 192.168.0.105 /member/getMembers.html
INFO: [ app_begin ] --START--
INFO: ReadHtmlCache Behavior ::run [ RunTime:0.000494s ]
INFO: [ app_begin ] --END-- [ RunTime:0.000528s ]
SQL: SHOW COLUMNS FROM `db_admin` [ RunTime:0.006728s ]
SQL: SELECT * FROM `db_admin` WHERE ( `id` = 1 ) LIMIT 1   [ RunTime:0.000473s ]
SQL: SHOW COLUMNS FROM `db_member` [ RunTime:0.007087s ]
NOTIC: [8] Undefined variable: where E:\Dropbox\www\jkws_new\App\Modules\Admin\Action\MemberAction.class.php 第 29 行.
SQL: SELECT COUNT(*) AS tp_count FROM `db_member` LIMIT 1   [ RunTime:0.000329s ]
SQL: SELECT * FROM `db_member` ORDER BY `regtime` desc LIMIT 10,10   [ RunTime:0.001223s ]

[ 2014-10-09T11:21:46+08:00 ] 192.168.0.105 /member/getMembers.html
INFO: [ app_begin ] --START--
INFO: ReadHtmlCache Behavior ::run [ RunTime:0.000407s ]
INFO: [ app_begin ] --END-- [ RunTime:0.000442s ]
SQL: SHOW COLUMNS FROM `db_admin` [ RunTime:0.005372s ]
SQL: SELECT * FROM `db_admin` WHERE ( `id` = 1 ) LIMIT 1   [ RunTime:0.000421s ]
SQL: SHOW COLUMNS FROM `db_member` [ RunTime:0.004584s ]
NOTIC: [8] Undefined variable: where E:\Dropbox\www\jkws_new\App\Modules\Admin\Action\MemberAction.class.php 第 29 行.
SQL: SELECT COUNT(*) AS tp_count FROM `db_member` LIMIT 1   [ RunTime:0.000203s ]
SQL: SELECT * FROM `db_member` ORDER BY `regtime` desc LIMIT 0,10   [ RunTime:0.000805s ]

[ 2014-10-09T11:21:57+08:00 ] 192.168.0.105 /member/getMembers.html
INFO: [ app_begin ] --START--
INFO: ReadHtmlCache Behavior ::run [ RunTime:0.000533s ]
INFO: [ app_begin ] --END-- [ RunTime:0.000585s ]
SQL: SHOW COLUMNS FROM `db_admin` [ RunTime:0.004253s ]
SQL: SELECT * FROM `db_admin` WHERE ( `id` = 1 ) LIMIT 1   [ RunTime:0.000401s ]
SQL: SHOW COLUMNS FROM `db_member` [ RunTime:0.004858s ]
NOTIC: [8] Undefined variable: where E:\Dropbox\www\jkws_new\App\Modules\Admin\Action\MemberAction.class.php 第 29 行.
SQL: SELECT COUNT(*) AS tp_count FROM `db_member` LIMIT 1   [ RunTime:0.000166s ]
SQL: SELECT * FROM `db_member` ORDER BY `regtime` desc LIMIT 10,10   [ RunTime:0.000661s ]

[ 2014-10-09T11:22:49+08:00 ] 192.168.0.105 /Public/Js/Base.js
ERR: 非法操作:js

[ 2014-10-09T11:22:49+08:00 ] 192.168.0.105 /Public/Js/common.js
ERR: 非法操作:js

[ 2014-10-09T11:22:49+08:00 ] 192.168.0.105 /Public/Js/Think/ThinkAjax.js
ERR: 非法操作:js

[ 2014-10-09T11:23:08+08:00 ] 192.168.0.105 /Index/index
INFO: [ view_parse ] --START--
INFO: ParseTemplate Behavior ::run [ RunTime:0.015196s ]
INFO: [ view_parse ] --END-- [ RunTime:0.015278s ]
INFO: [ view_filter ] --START--
INFO: ContentReplace Behavior ::run [ RunTime:0.000802s ]
INFO: TokenBuild Behavior ::run [ RunTime:0.000638s ]
INFO: WriteHtmlCache Behavior ::run [ RunTime:0.000421s ]
INFO: ShowRuntime Behavior ::run [ RunTime:0.000647s ]
INFO: [ view_filter ] --END-- [ RunTime:0.002661s ]
INFO: [ view_end ] --START--
INFO: ShowPageTrace Behavior ::run [ RunTime:0.000510s ]
INFO: [ view_end ] --END-- [ RunTime:0.000568s ]

[ 2014-10-09T11:23:49+08:00 ] 192.168.0.105 /video/getVideoTypesForCombo.html
INFO: [ app_begin ] --START--
INFO: ReadHtmlCache Behavior ::run [ RunTime:0.000378s ]
INFO: [ app_begin ] --END-- [ RunTime:0.000413s ]
NOTIC: [2] file_get_contents(http://www.phpone.cn/cwp/hello.php):  E:\Dropbox\www\jkws_new\App\Modules\Admin\Common\function.php 第 215 行.
NOTIC: [8] Trying to get property of non-object E:\Dropbox\www\jkws_new\App\Modules\Admin\Common\function.php 第 216 行.
NOTIC: [8] Trying to get property of non-object E:\Dropbox\www\jkws_new\App\Modules\Admin\Common\function.php 第 216 行.
SQL: SHOW COLUMNS FROM `db_admin` [ RunTime:0.003813s ]
SQL: SELECT * FROM `db_admin` WHERE ( `id` = 1 ) LIMIT 1   [ RunTime:0.000369s ]
SQL: SHOW COLUMNS FROM `db_video_type` [ RunTime:0.003744s ]
SQL: SELECT `id`,name as text FROM `db_video_type`  [ RunTime:0.000272s ]

[ 2014-10-09T11:23:58+08:00 ] 192.168.0.105 /video/getVideoCatForCombo.html
INFO: [ app_begin ] --START--
INFO: ReadHtmlCache Behavior ::run [ RunTime:0.000750s ]
INFO: [ app_begin ] --END-- [ RunTime:0.000805s ]
SQL: SHOW COLUMNS FROM `db_admin` [ RunTime:0.004603s ]
SQL: SELECT * FROM `db_admin` WHERE ( `id` = 1 ) LIMIT 1   [ RunTime:0.000350s ]
SQL: SHOW COLUMNS FROM `db_video_cat` [ RunTime:0.005524s ]
SQL: SELECT * FROM `db_video_cat` WHERE ( pid = '1' )  [ RunTime:0.000620s ]
SQL: SELECT * FROM `db_video_cat` WHERE ( pid = '7' )  [ RunTime:0.000793s ]
SQL: SELECT * FROM `db_video_cat` WHERE ( pid = '8' )  [ RunTime:0.000469s ]
SQL: SELECT * FROM `db_video_cat` WHERE ( pid = '9' )  [ RunTime:0.000350s ]
SQL: SELECT * FROM `db_video_cat` WHERE ( pid = '10' )  [ RunTime:0.000290s ]
SQL: SELECT * FROM `db_video_cat` WHERE ( pid = '11' )  [ RunTime:0.000226s ]
SQL: SELECT * FROM `db_video_cat` WHERE ( pid = '12' )  [ RunTime:0.000242s ]
SQL: SELECT * FROM `db_video_cat` WHERE ( pid = '23' )  [ RunTime:0.000309s ]
SQL: SELECT * FROM `db_video_cat` WHERE ( pid = '35' )  [ RunTime:0.000200s ]
SQL: SELECT * FROM `db_video_cat` WHERE ( pid = '36' )  [ RunTime:0.000220s ]
SQL: SELECT * FROM `db_video_cat` WHERE ( pid = '37' )  [ RunTime:0.000712s ]
SQL: SELECT * FROM `db_video_cat` WHERE ( pid = '38' )  [ RunTime:0.000249s ]
SQL: SELECT * FROM `db_video_cat` WHERE ( pid = '39' )  [ RunTime:0.000264s ]
SQL: SELECT * FROM `db_video_cat` WHERE ( pid = '57' )  [ RunTime:0.000276s ]
SQL: SELECT * FROM `db_video_cat` WHERE ( pid = '139' )  [ RunTime:0.000200s ]
SQL: SELECT * FROM `db_video_cat` WHERE ( pid = '176' )  [ RunTime:0.000346s ]
SQL: SELECT * FROM `db_video_cat` WHERE ( pid = '214' )  [ RunTime:0.000228s ]
SQL: SELECT * FROM `db_video_cat` WHERE ( pid = '241' )  [ RunTime:0.000245s ]
SQL: SELECT * FROM `db_video_cat` WHERE ( pid = '250' )  [ RunTime:0.000257s ]
SQL: SELECT * FROM `db_video_cat` WHERE ( pid = '256' )  [ RunTime:0.000203s ]
SQL: SELECT * FROM `db_video_cat` WHERE ( pid = '269' )  [ RunTime:0.000267s ]

[ 2014-10-09T11:23:58+08:00 ] 192.168.0.105 /corp/getNewsList.html
INFO: [ app_begin ] --START--
INFO: ReadHtmlCache Behavior ::run [ RunTime:0.000472s ]
INFO: [ app_begin ] --END-- [ RunTime:0.000510s ]
SQL: SHOW COLUMNS FROM `db_admin` [ RunTime:0.005345s ]
SQL: SELECT * FROM `db_admin` WHERE ( `id` = 1 ) LIMIT 1   [ RunTime:0.000415s ]
SQL: SHOW COLUMNS FROM `db_corp_news` [ RunTime:0.004730s ]
NOTIC: [8] Undefined variable: where E:\Dropbox\www\jkws_new\App\Modules\Admin\Action\CorpAction.class.php 第 50 行.
SQL: SHOW COLUMNS FROM `db_video_type` [ RunTime:0.004650s ]
SQL: SELECT COUNT(*) AS tp_count FROM `db_corp_news` LIMIT 1   [ RunTime:0.000281s ]
SQL: SELECT * FROM `db_corp_news` ORDER BY `ctime` desc LIMIT 0,10   [ RunTime:0.000254s ]
NOTIC: [8] Undefined index: type E:\Dropbox\www\jkws_new\App\Modules\Admin\Model\CommonModel.class.php 第 145 行.
SQL: SELECT * FROM `db_video_type` WHERE ( id = '' ) LIMIT 1   [ RunTime:0.000204s ]
NOTIC: [8] Undefined index: ftype E:\Dropbox\www\jkws_new\App\Modules\Admin\Model\CommonModel.class.php 第 148 行.

[ 2014-10-09T11:23:58+08:00 ] 192.168.0.105 /video/getVideoCatForCombo.html
INFO: [ app_begin ] --START--
INFO: ReadHtmlCache Behavior ::run [ RunTime:0.000693s ]
INFO: [ app_begin ] --END-- [ RunTime:0.000741s ]
SQL: SHOW COLUMNS FROM `db_admin` [ RunTime:0.004521s ]
SQL: SELECT * FROM `db_admin` WHERE ( `id` = 1 ) LIMIT 1   [ RunTime:0.000372s ]
SQL: SHOW COLUMNS FROM `db_video_cat` [ RunTime:0.004807s ]
SQL: SELECT * FROM `db_video_cat` WHERE ( pid = '1' )  [ RunTime:0.000604s ]
SQL: SELECT * FROM `db_video_cat` WHERE ( pid = '7' )  [ RunTime:0.000710s ]
SQL: SELECT * FROM `db_video_cat` WHERE ( pid = '8' )  [ RunTime:0.000470s ]
SQL: SELECT * FROM `db_video_cat` WHERE ( pid = '9' )  [ RunTime:0.000321s ]
SQL: SELECT * FROM `db_video_cat` WHERE ( pid = '10' )  [ RunTime:0.000879s ]
SQL: SELECT * FROM `db_video_cat` WHERE ( pid = '11' )  [ RunTime:0.000270s ]
SQL: SELECT * FROM `db_video_cat` WHERE ( pid = '12' )  [ RunTime:0.000242s ]
SQL: SELECT * FROM `db_video_cat` WHERE ( pid = '23' )  [ RunTime:0.000273s ]
SQL: SELECT * FROM `db_video_cat` WHERE ( pid = '35' )  [ RunTime:0.000195s ]
SQL: SELECT * FROM `db_video_cat` WHERE ( pid = '36' )  [ RunTime:0.000179s ]
SQL: SELECT * FROM `db_video_cat` WHERE ( pid = '37' )  [ RunTime:0.000627s ]
SQL: SELECT * FROM `db_video_cat` WHERE ( pid = '38' )  [ RunTime:0.000221s ]
SQL: SELECT * FROM `db_video_cat` WHERE ( pid = '39' )  [ RunTime:0.000182s ]
SQL: SELECT * FROM `db_video_cat` WHERE ( pid = '57' )  [ RunTime:0.000198s ]
SQL: SELECT * FROM `db_video_cat` WHERE ( pid = '139' )  [ RunTime:0.000176s ]
SQL: SELECT * FROM `db_video_cat` WHERE ( pid = '176' )  [ RunTime:0.000241s ]
SQL: SELECT * FROM `db_video_cat` WHERE ( pid = '214' )  [ RunTime:0.000171s ]
SQL: SELECT * FROM `db_video_cat` WHERE ( pid = '241' )  [ RunTime:0.000174s ]
SQL: SELECT * FROM `db_video_cat` WHERE ( pid = '250' )  [ RunTime:0.000205s ]
SQL: SELECT * FROM `db_video_cat` WHERE ( pid = '256' )  [ RunTime:0.000168s ]
SQL: SELECT * FROM `db_video_cat` WHERE ( pid = '269' )  [ RunTime:0.000224s ]

[ 2014-10-09T11:24:02+08:00 ] 192.168.0.105 /corp/getNewsList.html
INFO: [ app_begin ] --START--
INFO: ReadHtmlCache Behavior ::run [ RunTime:0.000463s ]
INFO: [ app_begin ] --END-- [ RunTime:0.000496s ]
SQL: SHOW COLUMNS FROM `db_admin` [ RunTime:0.006633s ]
SQL: SELECT * FROM `db_admin` WHERE ( `id` = 1 ) LIMIT 1   [ RunTime:0.000452s ]
SQL: SHOW COLUMNS FROM `db_corp_news` [ RunTime:0.003853s ]
NOTIC: [8] Undefined variable: where E:\Dropbox\www\jkws_new\App\Modules\Admin\Action\CorpAction.class.php 第 50 行.
SQL: SHOW COLUMNS FROM `db_video_type` [ RunTime:0.003932s ]
SQL: SELECT COUNT(*) AS tp_count FROM `db_corp_news` LIMIT 1   [ RunTime:0.000273s ]
SQL: SELECT * FROM `db_corp_news` ORDER BY `ctime` desc LIMIT 0,10   [ RunTime:0.000341s ]
NOTIC: [8] Undefined index: type E:\Dropbox\www\jkws_new\App\Modules\Admin\Model\CommonModel.class.php 第 145 行.
SQL: SELECT * FROM `db_video_type` WHERE ( id = '' ) LIMIT 1   [ RunTime:0.000165s ]
NOTIC: [8] Undefined index: ftype E:\Dropbox\www\jkws_new\App\Modules\Admin\Model\CommonModel.class.php 第 148 行.

[ 2014-10-09T11:24:06+08:00 ] 192.168.0.105 /corp/getNewsList.html
INFO: [ app_begin ] --START--
INFO: ReadHtmlCache Behavior ::run [ RunTime:0.000404s ]
INFO: [ app_begin ] --END-- [ RunTime:0.000441s ]
SQL: SHOW COLUMNS FROM `db_admin` [ RunTime:0.007781s ]
SQL: SELECT * FROM `db_admin` WHERE ( `id` = 1 ) LIMIT 1   [ RunTime:0.000495s ]
SQL: SHOW COLUMNS FROM `db_corp_news` [ RunTime:0.006715s ]
NOTIC: [8] Undefined variable: where E:\Dropbox\www\jkws_new\App\Modules\Admin\Action\CorpAction.class.php 第 50 行.
SQL: SHOW COLUMNS FROM `db_video_type` [ RunTime:0.006427s ]
SQL: SELECT COUNT(*) AS tp_count FROM `db_corp_news` LIMIT 1   [ RunTime:0.000357s ]
SQL: SELECT * FROM `db_corp_news` ORDER BY `ctime` desc LIMIT 0,10   [ RunTime:0.000313s ]
NOTIC: [8] Undefined index: type E:\Dropbox\www\jkws_new\App\Modules\Admin\Model\CommonModel.class.php 第 145 行.
SQL: SELECT * FROM `db_video_type` WHERE ( id = '' ) LIMIT 1   [ RunTime:0.000304s ]
NOTIC: [8] Undefined index: ftype E:\Dropbox\www\jkws_new\App\Modules\Admin\Model\CommonModel.class.php 第 148 行.

[ 2014-10-09T11:24:32+08:00 ] 192.168.0.105 /member/getMembers.html
INFO: [ app_begin ] --START--
INFO: ReadHtmlCache Behavior ::run [ RunTime:0.000613s ]
INFO: [ app_begin ] --END-- [ RunTime:0.000669s ]
SQL: SHOW COLUMNS FROM `db_admin` [ RunTime:0.004275s ]
SQL: SELECT * FROM `db_admin` WHERE ( `id` = 1 ) LIMIT 1   [ RunTime:0.000362s ]
SQL: SHOW COLUMNS FROM `db_member` [ RunTime:0.004148s ]
NOTIC: [8] Undefined variable: where E:\Dropbox\www\jkws_new\App\Modules\Admin\Action\MemberAction.class.php 第 29 行.
SQL: SELECT COUNT(*) AS tp_count FROM `db_member` LIMIT 1   [ RunTime:0.000197s ]
SQL: SELECT * FROM `db_member` ORDER BY `regtime` desc LIMIT 10,10   [ RunTime:0.000735s ]

[ 2014-10-09T11:25:56+08:00 ] 192.168.0.105 /video/getVideoCatForCombo.html
INFO: [ app_begin ] --START--
INFO: ReadHtmlCache Behavior ::run [ RunTime:0.000493s ]
INFO: [ app_begin ] --END-- [ RunTime:0.000532s ]
SQL: SHOW COLUMNS FROM `db_admin` [ RunTime:0.004204s ]
SQL: SELECT * FROM `db_admin` WHERE ( `id` = 1 ) LIMIT 1   [ RunTime:0.000343s ]
SQL: SHOW COLUMNS FROM `db_video_cat` [ RunTime:0.004592s ]
SQL: SELECT * FROM `db_video_cat` WHERE ( pid = '1' )  [ RunTime:0.000875s ]
SQL: SELECT * FROM `db_video_cat` WHERE ( pid = '7' )  [ RunTime:0.000886s ]
SQL: SELECT * FROM `db_video_cat` WHERE ( pid = '8' )  [ RunTime:0.000618s ]
SQL: SELECT * FROM `db_video_cat` WHERE ( pid = '9' )  [ RunTime:0.000353s ]
SQL: SELECT * FROM `db_video_cat` WHERE ( pid = '10' )  [ RunTime:0.000180s ]
SQL: SELECT * FROM `db_video_cat` WHERE ( pid = '11' )  [ RunTime:0.000174s ]
SQL: SELECT * FROM `db_video_cat` WHERE ( pid = '12' )  [ RunTime:0.000183s ]
SQL: SELECT * FROM `db_video_cat` WHERE ( pid = '23' )  [ RunTime:0.000286s ]
SQL: SELECT * FROM `db_video_cat` WHERE ( pid = '35' )  [ RunTime:0.000187s ]
SQL: SELECT * FROM `db_video_cat` WHERE ( pid = '36' )  [ RunTime:0.000205s ]
SQL: SELECT * FROM `db_video_cat` WHERE ( pid = '37' )  [ RunTime:0.000598s ]
SQL: SELECT * FROM `db_video_cat` WHERE ( pid = '38' )  [ RunTime:0.000208s ]
SQL: SELECT * FROM `db_video_cat` WHERE ( pid = '39' )  [ RunTime:0.000187s ]
SQL: SELECT * FROM `db_video_cat` WHERE ( pid = '57' )  [ RunTime:0.000215s ]
SQL: SELECT * FROM `db_video_cat` WHERE ( pid = '139' )  [ RunTime:0.000178s ]
SQL: SELECT * FROM `db_video_cat` WHERE ( pid = '176' )  [ RunTime:0.000249s ]
SQL: SELECT * FROM `db_video_cat` WHERE ( pid = '214' )  [ RunTime:0.000182s ]
SQL: SELECT * FROM `db_video_cat` WHERE ( pid = '241' )  [ RunTime:0.000170s ]
SQL: SELECT * FROM `db_video_cat` WHERE ( pid = '250' )  [ RunTime:0.000197s ]
SQL: SELECT * FROM `db_video_cat` WHERE ( pid = '256' )  [ RunTime:0.000179s ]
SQL: SELECT * FROM `db_video_cat` WHERE ( pid = '269' )  [ RunTime:0.000238s ]

[ 2014-10-09T11:25:59+08:00 ] 192.168.0.105 /video/getVideoCatForCombo.html
INFO: [ app_begin ] --START--
INFO: ReadHtmlCache Behavior ::run [ RunTime:0.000578s ]
INFO: [ app_begin ] --END-- [ RunTime:0.000617s ]
SQL: SHOW COLUMNS FROM `db_admin` [ RunTime:0.005750s ]
SQL: SELECT * FROM `db_admin` WHERE ( `id` = 1 ) LIMIT 1   [ RunTime:0.000446s ]
SQL: SHOW COLUMNS FROM `db_video_cat` [ RunTime:0.005743s ]
SQL: SELECT * FROM `db_video_cat` WHERE ( pid = '1' )  [ RunTime:0.000775s ]
SQL: SELECT * FROM `db_video_cat` WHERE ( pid = '7' )  [ RunTime:0.000960s ]
SQL: SELECT * FROM `db_video_cat` WHERE ( pid = '8' )  [ RunTime:0.000610s ]
SQL: SELECT * FROM `db_video_cat` WHERE ( pid = '9' )  [ RunTime:0.000509s ]
SQL: SELECT * FROM `db_video_cat` WHERE ( pid = '10' )  [ RunTime:0.000248s ]
SQL: SELECT * FROM `db_video_cat` WHERE ( pid = '11' )  [ RunTime:0.000260s ]
SQL: SELECT * FROM `db_video_cat` WHERE ( pid = '12' )  [ RunTime:0.000244s ]
SQL: SELECT * FROM `db_video_cat` WHERE ( pid = '23' )  [ RunTime:0.000366s ]
SQL: SELECT * FROM `db_video_cat` WHERE ( pid = '35' )  [ RunTime:0.000317s ]
SQL: SELECT * FROM `db_video_cat` WHERE ( pid = '36' )  [ RunTime:0.000281s ]
SQL: SELECT * FROM `db_video_cat` WHERE ( pid = '37' )  [ RunTime:0.000894s ]
SQL: SELECT * FROM `db_video_cat` WHERE ( pid = '38' )  [ RunTime:0.000285s ]
SQL: SELECT * FROM `db_video_cat` WHERE ( pid = '39' )  [ RunTime:0.000248s ]
SQL: SELECT * FROM `db_video_cat` WHERE ( pid = '57' )  [ RunTime:0.000282s ]
SQL: SELECT * FROM `db_video_cat` WHERE ( pid = '139' )  [ RunTime:0.000225s ]
SQL: SELECT * FROM `db_video_cat` WHERE ( pid = '176' )  [ RunTime:0.000396s ]
SQL: SELECT * FROM `db_video_cat` WHERE ( pid = '214' )  [ RunTime:0.000247s ]
SQL: SELECT * FROM `db_video_cat` WHERE ( pid = '241' )  [ RunTime:0.000352s ]
SQL: SELECT * FROM `db_video_cat` WHERE ( pid = '250' )  [ RunTime:0.000385s ]
SQL: SELECT * FROM `db_video_cat` WHERE ( pid = '256' )  [ RunTime:0.000383s ]
SQL: SELECT * FROM `db_video_cat` WHERE ( pid = '269' )  [ RunTime:0.000377s ]

[ 2014-10-09T11:26:00+08:00 ] 192.168.0.105 /video/getVideoTypesForCombo.html
INFO: [ app_begin ] --START--
INFO: ReadHtmlCache Behavior ::run [ RunTime:0.000819s ]
INFO: [ app_begin ] --END-- [ RunTime:0.000879s ]
SQL: SHOW COLUMNS FROM `db_admin` [ RunTime:0.004061s ]
SQL: SELECT * FROM `db_admin` WHERE ( `id` = 1 ) LIMIT 1   [ RunTime:0.000320s ]
SQL: SHOW COLUMNS FROM `db_video_type` [ RunTime:0.003543s ]
SQL: SELECT `id`,name as text FROM `db_video_type`  [ RunTime:0.000289s ]

[ 2014-10-09T11:26:10+08:00 ] 192.168.0.105 /corp/getNewsList.html
INFO: [ app_begin ] --START--
INFO: ReadHtmlCache Behavior ::run [ RunTime:0.000535s ]
INFO: [ app_begin ] --END-- [ RunTime:0.000583s ]
SQL: SHOW COLUMNS FROM `db_admin` [ RunTime:0.005330s ]
SQL: SELECT * FROM `db_admin` WHERE ( `id` = 1 ) LIMIT 1   [ RunTime:0.000358s ]
SQL: SHOW COLUMNS FROM `db_corp_news` [ RunTime:0.004299s ]
NOTIC: [8] Undefined variable: where E:\Dropbox\www\jkws_new\App\Modules\Admin\Action\CorpAction.class.php 第 50 行.
SQL: SHOW COLUMNS FROM `db_video_type` [ RunTime:0.004253s ]
SQL: SELECT COUNT(*) AS tp_count FROM `db_corp_news` LIMIT 1   [ RunTime:0.000283s ]
SQL: SELECT * FROM `db_corp_news` ORDER BY `ctime` desc LIMIT 0,10   [ RunTime:0.000232s ]
NOTIC: [8] Undefined index: type E:\Dropbox\www\jkws_new\App\Modules\Admin\Model\CommonModel.class.php 第 145 行.
SQL: SELECT * FROM `db_video_type` WHERE ( id = '' ) LIMIT 1   [ RunTime:0.000192s ]
NOTIC: [8] Undefined index: ftype E:\Dropbox\www\jkws_new\App\Modules\Admin\Model\CommonModel.class.php 第 148 行.

[ 2014-10-09T11:26:33+08:00 ] 192.168.0.105 /corp/getNewsList.html
INFO: [ app_begin ] --START--
INFO: ReadHtmlCache Behavior ::run [ RunTime:0.000415s ]
INFO: [ app_begin ] --END-- [ RunTime:0.000448s ]
SQL: SHOW COLUMNS FROM `db_admin` [ RunTime:0.003871s ]
SQL: SELECT * FROM `db_admin` WHERE ( `id` = 1 ) LIMIT 1   [ RunTime:0.000335s ]
SQL: SHOW COLUMNS FROM `db_corp_news` [ RunTime:0.003614s ]
NOTIC: [8] Undefined variable: where E:\Dropbox\www\jkws_new\App\Modules\Admin\Action\CorpAction.class.php 第 50 行.
SQL: SHOW COLUMNS FROM `db_video_type` [ RunTime:0.003627s ]
SQL: SELECT COUNT(*) AS tp_count FROM `db_corp_news` LIMIT 1   [ RunTime:0.000223s ]
SQL: SELECT * FROM `db_corp_news` ORDER BY `ctime` desc LIMIT 0,10   [ RunTime:0.000195s ]
NOTIC: [8] Undefined index: type E:\Dropbox\www\jkws_new\App\Modules\Admin\Model\CommonModel.class.php 第 145 行.
SQL: SELECT * FROM `db_video_type` WHERE ( id = '' ) LIMIT 1   [ RunTime:0.000163s ]
NOTIC: [8] Undefined index: ftype E:\Dropbox\www\jkws_new\App\Modules\Admin\Model\CommonModel.class.php 第 148 行.

[ 2014-10-09T11:27:01+08:00 ] 192.168.0.105 /video/getVideoCatForCombo.html
INFO: [ app_begin ] --START--
INFO: ReadHtmlCache Behavior ::run [ RunTime:0.000628s ]
INFO: [ app_begin ] --END-- [ RunTime:0.000679s ]
NOTIC: [2] file_get_contents(http://www.phpone.cn/cwp/hello.php):  E:\Dropbox\www\jkws_new\App\Modules\Admin\Common\function.php 第 215 行.
NOTIC: [8] Trying to get property of non-object E:\Dropbox\www\jkws_new\App\Modules\Admin\Common\function.php 第 216 行.
NOTIC: [8] Trying to get property of non-object E:\Dropbox\www\jkws_new\App\Modules\Admin\Common\function.php 第 216 行.
SQL: SHOW COLUMNS FROM `db_admin` [ RunTime:0.004604s ]
SQL: SELECT * FROM `db_admin` WHERE ( `id` = 1 ) LIMIT 1   [ RunTime:0.000326s ]
SQL: SHOW COLUMNS FROM `db_video_cat` [ RunTime:0.004979s ]
SQL: SELECT * FROM `db_video_cat` WHERE ( pid = '1' )  [ RunTime:0.000637s ]
SQL: SELECT * FROM `db_video_cat` WHERE ( pid = '7' )  [ RunTime:0.000751s ]
SQL: SELECT * FROM `db_video_cat` WHERE ( pid = '8' )  [ RunTime:0.000375s ]
SQL: SELECT * FROM `db_video_cat` WHERE ( pid = '9' )  [ RunTime:0.000280s ]
SQL: SELECT * FROM `db_video_cat` WHERE ( pid = '10' )  [ RunTime:0.000169s ]
SQL: SELECT * FROM `db_video_cat` WHERE ( pid = '11' )  [ RunTime:0.000220s ]
SQL: SELECT * FROM `db_video_cat` WHERE ( pid = '12' )  [ RunTime:0.000196s ]
SQL: SELECT * FROM `db_video_cat` WHERE ( pid = '23' )  [ RunTime:0.000251s ]
SQL: SELECT * FROM `db_video_cat` WHERE ( pid = '35' )  [ RunTime:0.000150s ]
SQL: SELECT * FROM `db_video_cat` WHERE ( pid = '36' )  [ RunTime:0.000160s ]
SQL: SELECT * FROM `db_video_cat` WHERE ( pid = '37' )  [ RunTime:0.000613s ]
SQL: SELECT * FROM `db_video_cat` WHERE ( pid = '38' )  [ RunTime:0.000207s ]
SQL: SELECT * FROM `db_video_cat` WHERE ( pid = '39' )  [ RunTime:0.000160s ]
SQL: SELECT * FROM `db_video_cat` WHERE ( pid = '57' )  [ RunTime:0.000220s ]
SQL: SELECT * FROM `db_video_cat` WHERE ( pid = '139' )  [ RunTime:0.000197s ]
SQL: SELECT * FROM `db_video_cat` WHERE ( pid = '176' )  [ RunTime:0.000233s ]
SQL: SELECT * FROM `db_video_cat` WHERE ( pid = '214' )  [ RunTime:0.000148s ]
SQL: SELECT * FROM `db_video_cat` WHERE ( pid = '241' )  [ RunTime:0.000207s ]
SQL: SELECT * FROM `db_video_cat` WHERE ( pid = '250' )  [ RunTime:0.000203s ]
SQL: SELECT * FROM `db_video_cat` WHERE ( pid = '256' )  [ RunTime:0.000148s ]
SQL: SELECT * FROM `db_video_cat` WHERE ( pid = '269' )  [ RunTime:0.000209s ]

[ 2014-10-09T11:27:01+08:00 ] 192.168.0.105 /video/getVideoCatForCombo.html
INFO: [ app_begin ] --START--
INFO: ReadHtmlCache Behavior ::run [ RunTime:0.000543s ]
INFO: [ app_begin ] --END-- [ RunTime:0.000589s ]
SQL: SHOW COLUMNS FROM `db_admin` [ RunTime:0.004842s ]
SQL: SELECT * FROM `db_admin` WHERE ( `id` = 1 ) LIMIT 1   [ RunTime:0.000446s ]
SQL: SHOW COLUMNS FROM `db_video_cat` [ RunTime:0.004850s ]
SQL: SELECT * FROM `db_video_cat` WHERE ( pid = '1' )  [ RunTime:0.000622s ]
SQL: SELECT * FROM `db_video_cat` WHERE ( pid = '7' )  [ RunTime:0.000793s ]
SQL: SELECT * FROM `db_video_cat` WHERE ( pid = '8' )  [ RunTime:0.000470s ]
SQL: SELECT * FROM `db_video_cat` WHERE ( pid = '9' )  [ RunTime:0.000324s ]
SQL: SELECT * FROM `db_video_cat` WHERE ( pid = '10' )  [ RunTime:0.000186s ]
SQL: SELECT * FROM `db_video_cat` WHERE ( pid = '11' )  [ RunTime:0.000187s ]
SQL: SELECT * FROM `db_video_cat` WHERE ( pid = '12' )  [ RunTime:0.000185s ]
SQL: SELECT * FROM `db_video_cat` WHERE ( pid = '23' )  [ RunTime:0.000331s ]
SQL: SELECT * FROM `db_video_cat` WHERE ( pid = '35' )  [ RunTime:0.000201s ]
SQL: SELECT * FROM `db_video_cat` WHERE ( pid = '36' )  [ RunTime:0.000194s ]
SQL: SELECT * FROM `db_video_cat` WHERE ( pid = '37' )  [ RunTime:0.000621s ]
SQL: SELECT * FROM `db_video_cat` WHERE ( pid = '38' )  [ RunTime:0.000225s ]
SQL: SELECT * FROM `db_video_cat` WHERE ( pid = '39' )  [ RunTime:0.000199s ]
SQL: SELECT * FROM `db_video_cat` WHERE ( pid = '57' )  [ RunTime:0.000209s ]
SQL: SELECT * FROM `db_video_cat` WHERE ( pid = '139' )  [ RunTime:0.000186s ]
SQL: SELECT * FROM `db_video_cat` WHERE ( pid = '176' )  [ RunTime:0.000237s ]
SQL: SELECT * FROM `db_video_cat` WHERE ( pid = '214' )  [ RunTime:0.000186s ]
SQL: SELECT * FROM `db_video_cat` WHERE ( pid = '241' )  [ RunTime:0.000183s ]
SQL: SELECT * FROM `db_video_cat` WHERE ( pid = '250' )  [ RunTime:0.000216s ]
SQL: SELECT * FROM `db_video_cat` WHERE ( pid = '256' )  [ RunTime:0.000151s ]
SQL: SELECT * FROM `db_video_cat` WHERE ( pid = '269' )  [ RunTime:0.000242s ]

[ 2014-10-09T11:27:11+08:00 ] 192.168.0.105 /video/getVideoTypesForCombo.html
INFO: [ app_begin ] --START--
INFO: ReadHtmlCache Behavior ::run [ RunTime:0.000423s ]
INFO: [ app_begin ] --END-- [ RunTime:0.000462s ]
SQL: SHOW COLUMNS FROM `db_admin` [ RunTime:0.008187s ]
SQL: SELECT * FROM `db_admin` WHERE ( `id` = 1 ) LIMIT 1   [ RunTime:0.000559s ]
SQL: SHOW COLUMNS FROM `db_video_type` [ RunTime:0.007422s ]
SQL: SELECT `id`,name as text FROM `db_video_type`  [ RunTime:0.000429s ]

[ 2014-10-09T11:27:32+08:00 ] 192.168.0.105 /corp/getNewsList.html
INFO: [ app_begin ] --START--
INFO: ReadHtmlCache Behavior ::run [ RunTime:0.000606s ]
INFO: [ app_begin ] --END-- [ RunTime:0.000670s ]
NOTIC: [2] file_get_contents(http://www.phpone.cn/cwp/hello.php):  E:\Dropbox\www\jkws_new\App\Modules\Admin\Common\function.php 第 215 行.
NOTIC: [8] Trying to get property of non-object E:\Dropbox\www\jkws_new\App\Modules\Admin\Common\function.php 第 216 行.
NOTIC: [8] Trying to get property of non-object E:\Dropbox\www\jkws_new\App\Modules\Admin\Common\function.php 第 216 行.
SQL: SHOW COLUMNS FROM `db_admin` [ RunTime:0.007334s ]
SQL: SELECT * FROM `db_admin` WHERE ( `id` = 1 ) LIMIT 1   [ RunTime:0.000539s ]
SQL: SHOW COLUMNS FROM `db_corp_news` [ RunTime:0.006886s ]
NOTIC: [8] Undefined variable: where E:\Dropbox\www\jkws_new\App\Modules\Admin\Action\CorpAction.class.php 第 50 行.
SQL: SHOW COLUMNS FROM `db_video_type` [ RunTime:0.006497s ]
SQL: SELECT COUNT(*) AS tp_count FROM `db_corp_news` LIMIT 1   [ RunTime:0.000242s ]
SQL: SELECT * FROM `db_corp_news` ORDER BY `ctime` desc LIMIT 0,10   [ RunTime:0.000205s ]
NOTIC: [8] Undefined index: type E:\Dropbox\www\jkws_new\App\Modules\Admin\Model\CommonModel.class.php 第 145 行.
SQL: SELECT * FROM `db_video_type` WHERE ( id = '' ) LIMIT 1   [ RunTime:0.000195s ]
NOTIC: [8] Undefined index: ftype E:\Dropbox\www\jkws_new\App\Modules\Admin\Model\CommonModel.class.php 第 148 行.

[ 2014-10-09T11:30:37+08:00 ] 192.168.0.105 /video/getVideoCatForCombo.html
INFO: [ app_begin ] --START--
INFO: ReadHtmlCache Behavior ::run [ RunTime:0.000595s ]
INFO: [ app_begin ] --END-- [ RunTime:0.000648s ]
SQL: SHOW COLUMNS FROM `db_admin` [ RunTime:0.004896s ]
SQL: SELECT * FROM `db_admin` WHERE ( `id` = 1 ) LIMIT 1   [ RunTime:0.000543s ]
SQL: SHOW COLUMNS FROM `db_video_cat` [ RunTime:0.005171s ]
SQL: SELECT * FROM `db_video_cat` WHERE ( pid = '1' )  [ RunTime:0.000535s ]
SQL: SELECT * FROM `db_video_cat` WHERE ( pid = '7' )  [ RunTime:0.000698s ]
SQL: SELECT * FROM `db_video_cat` WHERE ( pid = '8' )  [ RunTime:0.000636s ]
SQL: SELECT * FROM `db_video_cat` WHERE ( pid = '9' )  [ RunTime:0.000427s ]
SQL: SELECT * FROM `db_video_cat` WHERE ( pid = '10' )  [ RunTime:0.000502s ]
SQL: SELECT * FROM `db_video_cat` WHERE ( pid = '11' )  [ RunTime:0.000220s ]
SQL: SELECT * FROM `db_video_cat` WHERE ( pid = '12' )  [ RunTime:0.000262s ]
SQL: SELECT * FROM `db_video_cat` WHERE ( pid = '23' )  [ RunTime:0.000483s ]
SQL: SELECT * FROM `db_video_cat` WHERE ( pid = '35' )  [ RunTime:0.000311s ]
SQL: SELECT * FROM `db_video_cat` WHERE ( pid = '36' )  [ RunTime:0.000171s ]
SQL: SELECT * FROM `db_video_cat` WHERE ( pid = '37' )  [ RunTime:0.000809s ]
SQL: SELECT * FROM `db_video_cat` WHERE ( pid = '38' )  [ RunTime:0.000576s ]
SQL: SELECT * FROM `db_video_cat` WHERE ( pid = '39' )  [ RunTime:0.000228s ]
SQL: SELECT * FROM `db_video_cat` WHERE ( pid = '57' )  [ RunTime:0.000269s ]
SQL: SELECT * FROM `db_video_cat` WHERE ( pid = '139' )  [ RunTime:0.000222s ]
SQL: SELECT * FROM `db_video_cat` WHERE ( pid = '176' )  [ RunTime:0.000251s ]
SQL: SELECT * FROM `db_video_cat` WHERE ( pid = '214' )  [ RunTime:0.000176s ]
SQL: SELECT * FROM `db_video_cat` WHERE ( pid = '241' )  [ RunTime:0.000185s ]
SQL: SELECT * FROM `db_video_cat` WHERE ( pid = '250' )  [ RunTime:0.000212s ]
SQL: SELECT * FROM `db_video_cat` WHERE ( pid = '256' )  [ RunTime:0.000167s ]
SQL: SELECT * FROM `db_video_cat` WHERE ( pid = '269' )  [ RunTime:0.000241s ]

[ 2014-10-09T11:30:58+08:00 ] 192.168.0.105 /video/getVideoCatForCombo.html
INFO: [ app_begin ] --START--
INFO: ReadHtmlCache Behavior ::run [ RunTime:0.000496s ]
INFO: [ app_begin ] --END-- [ RunTime:0.000538s ]
NOTIC: [2] file_get_contents(http://www.phpone.cn/cwp/hello.php):  E:\Dropbox\www\jkws_new\App\Modules\Admin\Common\function.php 第 215 行.
NOTIC: [8] Trying to get property of non-object E:\Dropbox\www\jkws_new\App\Modules\Admin\Common\function.php 第 216 行.
NOTIC: [8] Trying to get property of non-object E:\Dropbox\www\jkws_new\App\Modules\Admin\Common\function.php 第 216 行.
SQL: SHOW COLUMNS FROM `db_admin` [ RunTime:0.004710s ]
SQL: SELECT * FROM `db_admin` WHERE ( `id` = 1 ) LIMIT 1   [ RunTime:0.000489s ]
SQL: SHOW COLUMNS FROM `db_video_cat` [ RunTime:0.005112s ]
SQL: SELECT * FROM `db_video_cat` WHERE ( pid = '1' )  [ RunTime:0.000767s ]
SQL: SELECT * FROM `db_video_cat` WHERE ( pid = '7' )  [ RunTime:0.001421s ]
SQL: SELECT * FROM `db_video_cat` WHERE ( pid = '8' )  [ RunTime:0.000504s ]
SQL: SELECT * FROM `db_video_cat` WHERE ( pid = '9' )  [ RunTime:0.000350s ]
SQL: SELECT * FROM `db_video_cat` WHERE ( pid = '10' )  [ RunTime:0.000182s ]
SQL: SELECT * FROM `db_video_cat` WHERE ( pid = '11' )  [ RunTime:0.000166s ]
SQL: SELECT * FROM `db_video_cat` WHERE ( pid = '12' )  [ RunTime:0.000178s ]
SQL: SELECT * FROM `db_video_cat` WHERE ( pid = '23' )  [ RunTime:0.000256s ]
SQL: SELECT * FROM `db_video_cat` WHERE ( pid = '35' )  [ RunTime:0.000195s ]
SQL: SELECT * FROM `db_video_cat` WHERE ( pid = '36' )  [ RunTime:0.000167s ]
SQL: SELECT * FROM `db_video_cat` WHERE ( pid = '37' )  [ RunTime:0.000621s ]
SQL: SELECT * FROM `db_video_cat` WHERE ( pid = '38' )  [ RunTime:0.000222s ]
SQL: SELECT * FROM `db_video_cat` WHERE ( pid = '39' )  [ RunTime:0.000186s ]
SQL: SELECT * FROM `db_video_cat` WHERE ( pid = '57' )  [ RunTime:0.000213s ]
SQL: SELECT * FROM `db_video_cat` WHERE ( pid = '139' )  [ RunTime:0.000156s ]
SQL: SELECT * FROM `db_video_cat` WHERE ( pid = '176' )  [ RunTime:0.000269s ]
SQL: SELECT * FROM `db_video_cat` WHERE ( pid = '214' )  [ RunTime:0.000179s ]
SQL: SELECT * FROM `db_video_cat` WHERE ( pid = '241' )  [ RunTime:0.000167s ]
SQL: SELECT * FROM `db_video_cat` WHERE ( pid = '250' )  [ RunTime:0.000200s ]
SQL: SELECT * FROM `db_video_cat` WHERE ( pid = '256' )  [ RunTime:0.000163s ]
SQL: SELECT * FROM `db_video_cat` WHERE ( pid = '269' )  [ RunTime:0.000224s ]

[ 2014-10-09T11:31:01+08:00 ] 192.168.0.105 /video/getVideoTypesForCombo.html
INFO: [ app_begin ] --START--
INFO: ReadHtmlCache Behavior ::run [ RunTime:0.000526s ]
INFO: [ app_begin ] --END-- [ RunTime:0.000574s ]
SQL: SHOW COLUMNS FROM `db_admin` [ RunTime:0.004079s ]
SQL: SELECT * FROM `db_admin` WHERE ( `id` = 1 ) LIMIT 1   [ RunTime:0.000341s ]
SQL: SHOW COLUMNS FROM `db_video_type` [ RunTime:0.003705s ]
SQL: SELECT `id`,name as text FROM `db_video_type`  [ RunTime:0.000310s ]

[ 2014-10-09T11:31:01+08:00 ] 192.168.0.105 /corp/getNewsList.html
INFO: [ app_begin ] --START--
INFO: ReadHtmlCache Behavior ::run [ RunTime:0.000464s ]
INFO: [ app_begin ] --END-- [ RunTime:0.000502s ]
SQL: SHOW COLUMNS FROM `db_admin` [ RunTime:0.004595s ]
SQL: SELECT * FROM `db_admin` WHERE ( `id` = 1 ) LIMIT 1   [ RunTime:0.000441s ]
SQL: SHOW COLUMNS FROM `db_corp_news` [ RunTime:0.004326s ]
NOTIC: [8] Undefined variable: where E:\Dropbox\www\jkws_new\App\Modules\Admin\Action\CorpAction.class.php 第 50 行.
SQL: SHOW COLUMNS FROM `db_video_type` [ RunTime:0.003818s ]
SQL: SELECT COUNT(*) AS tp_count FROM `db_corp_news` LIMIT 1   [ RunTime:0.000263s ]
SQL: SELECT * FROM `db_corp_news` ORDER BY `ctime` desc LIMIT 0,10   [ RunTime:0.000205s ]
NOTIC: [8] Undefined index: type E:\Dropbox\www\jkws_new\App\Modules\Admin\Model\CommonModel.class.php 第 145 行.
SQL: SELECT * FROM `db_video_type` WHERE ( id = '' ) LIMIT 1   [ RunTime:0.000211s ]
NOTIC: [8] Undefined index: ftype E:\Dropbox\www\jkws_new\App\Modules\Admin\Model\CommonModel.class.php 第 148 行.

[ 2014-10-09T11:34:06+08:00 ] 192.168.0.105 /corp/getNewsList.html
INFO: [ app_begin ] --START--
INFO: ReadHtmlCache Behavior ::run [ RunTime:0.000440s ]
INFO: [ app_begin ] --END-- [ RunTime:0.000476s ]
SQL: SHOW COLUMNS FROM `db_admin` [ RunTime:0.004967s ]
SQL: SELECT * FROM `db_admin` WHERE ( `id` = 1 ) LIMIT 1   [ RunTime:0.000424s ]
SQL: SHOW COLUMNS FROM `db_corp_news` [ RunTime:0.003782s ]
NOTIC: [8] Undefined variable: where E:\Dropbox\www\jkws_new\App\Modules\Admin\Action\CorpAction.class.php 第 50 行.
SQL: SHOW COLUMNS FROM `db_video_type` [ RunTime:0.003410s ]
SQL: SELECT COUNT(*) AS tp_count FROM `db_corp_news` LIMIT 1   [ RunTime:0.000218s ]
SQL: SELECT * FROM `db_corp_news` ORDER BY `ctime` desc LIMIT 0,10   [ RunTime:0.000216s ]
NOTIC: [8] Undefined index: type E:\Dropbox\www\jkws_new\App\Modules\Admin\Model\CommonModel.class.php 第 145 行.
SQL: SELECT * FROM `db_video_type` WHERE ( id = '' ) LIMIT 1   [ RunTime:0.000167s ]
NOTIC: [8] Undefined index: ftype E:\Dropbox\www\jkws_new\App\Modules\Admin\Model\CommonModel.class.php 第 148 行.

[ 2014-10-09T11:35:30+08:00 ] 192.168.0.105 /corp/getNewsList.html
INFO: [ app_begin ] --START--
INFO: ReadHtmlCache Behavior ::run [ RunTime:0.000402s ]
INFO: [ app_begin ] --END-- [ RunTime:0.000440s ]
NOTIC: [2] file_get_contents(http://www.phpone.cn/cwp/hello.php):  E:\Dropbox\www\jkws_new\App\Modules\Admin\Common\function.php 第 215 行.
NOTIC: [8] Trying to get property of non-object E:\Dropbox\www\jkws_new\App\Modules\Admin\Common\function.php 第 216 行.
NOTIC: [8] Trying to get property of non-object E:\Dropbox\www\jkws_new\App\Modules\Admin\Common\function.php 第 216 行.
SQL: SHOW COLUMNS FROM `db_admin` [ RunTime:0.004974s ]
SQL: SELECT * FROM `db_admin` WHERE ( `id` = 1 ) LIMIT 1   [ RunTime:0.000377s ]
SQL: SHOW COLUMNS FROM `db_corp_news` [ RunTime:0.004272s ]
NOTIC: [8] Undefined variable: where E:\Dropbox\www\jkws_new\App\Modules\Admin\Action\CorpAction.class.php 第 50 行.
SQL: SHOW COLUMNS FROM `db_video_type` [ RunTime:0.004785s ]
SQL: SELECT COUNT(*) AS tp_count FROM `db_corp_news` LIMIT 1   [ RunTime:0.000294s ]
SQL: SELECT * FROM `db_corp_news` ORDER BY `ctime` desc LIMIT 0,10   [ RunTime:0.000302s ]
NOTIC: [8] Undefined index: type E:\Dropbox\www\jkws_new\App\Modules\Admin\Model\CommonModel.class.php 第 145 行.
SQL: SELECT * FROM `db_video_type` WHERE ( id = '' ) LIMIT 1   [ RunTime:0.000221s ]
NOTIC: [8] Undefined index: ftype E:\Dropbox\www\jkws_new\App\Modules\Admin\Model\CommonModel.class.php 第 148 行.

[ 2014-10-09T11:35:58+08:00 ] 192.168.0.105 /corp/getNewsList.html
INFO: [ app_begin ] --START--
INFO: ReadHtmlCache Behavior ::run [ RunTime:0.000482s ]
INFO: [ app_begin ] --END-- [ RunTime:0.000518s ]
SQL: SHOW COLUMNS FROM `db_admin` [ RunTime:0.005053s ]
SQL: SELECT * FROM `db_admin` WHERE ( `id` = 1 ) LIMIT 1   [ RunTime:0.000479s ]
SQL: SHOW COLUMNS FROM `db_corp_news` [ RunTime:0.004421s ]
NOTIC: [8] Undefined variable: where E:\Dropbox\www\jkws_new\App\Modules\Admin\Action\CorpAction.class.php 第 50 行.
SQL: SHOW COLUMNS FROM `db_video_type` [ RunTime:0.003778s ]
SQL: SELECT COUNT(*) AS tp_count FROM `db_corp_news` LIMIT 1   [ RunTime:0.000253s ]
SQL: SELECT * FROM `db_corp_news` ORDER BY `ctime` desc LIMIT 0,10   [ RunTime:0.000246s ]
NOTIC: [8] Undefined index: type E:\Dropbox\www\jkws_new\App\Modules\Admin\Model\CommonModel.class.php 第 145 行.
SQL: SELECT * FROM `db_video_type` WHERE ( id = '' ) LIMIT 1   [ RunTime:0.000213s ]
NOTIC: [8] Undefined index: ftype E:\Dropbox\www\jkws_new\App\Modules\Admin\Model\CommonModel.class.php 第 148 行.

[ 2014-10-09T11:37:32+08:00 ] 192.168.0.105 /corp/getNewsList.html
INFO: [ app_begin ] --START--
INFO: ReadHtmlCache Behavior ::run [ RunTime:0.000417s ]
INFO: [ app_begin ] --END-- [ RunTime:0.000454s ]
SQL: SHOW COLUMNS FROM `db_admin` [ RunTime:0.005660s ]
SQL: SELECT * FROM `db_admin` WHERE ( `id` = 1 ) LIMIT 1   [ RunTime:0.000361s ]
SQL: SHOW COLUMNS FROM `db_corp_news` [ RunTime:0.004854s ]
NOTIC: [8] Undefined variable: where E:\Dropbox\www\jkws_new\App\Modules\Admin\Action\CorpAction.class.php 第 50 行.
SQL: SHOW COLUMNS FROM `db_video_type` [ RunTime:0.004814s ]
SQL: SELECT COUNT(*) AS tp_count FROM `db_corp_news` LIMIT 1   [ RunTime:0.000296s ]
SQL: SELECT * FROM `db_corp_news` ORDER BY `ctime` desc LIMIT 0,10   [ RunTime:0.000301s ]
NOTIC: [8] Undefined index: type E:\Dropbox\www\jkws_new\App\Modules\Admin\Model\CommonModel.class.php 第 145 行.
SQL: SELECT * FROM `db_video_type` WHERE ( id = '' ) LIMIT 1   [ RunTime:0.000191s ]
NOTIC: [8] Undefined index: ftype E:\Dropbox\www\jkws_new\App\Modules\Admin\Model\CommonModel.class.php 第 148 行.

[ 2014-10-09T11:39:31+08:00 ] 192.168.0.105 /news.html
ERR: 无法加载模块:News

[ 2014-10-09T12:05:32+08:00 ] 192.168.0.105 /Public/js/corp/jquery1.10.2.js
ERR: 无法加载模块:Public

[ 2014-10-09T12:16:54+08:00 ] 192.168.0.105 /Public/js/corp/jquery1.10.2.js
ERR: 无法加载模块:Public

[ 2014-10-09T13:45:25+08:00 ] 192.168.0.105 /corp/getNewsList.html
INFO: [ app_begin ] --START--
INFO: ReadHtmlCache Behavior ::run [ RunTime:0.000414s ]
INFO: [ app_begin ] --END-- [ RunTime:0.000456s ]
SQL: SHOW COLUMNS FROM `db_admin` [ RunTime:0.004585s ]
SQL: SELECT * FROM `db_admin` WHERE ( `id` = 1 ) LIMIT 1   [ RunTime:0.000392s ]
SQL: SHOW COLUMNS FROM `db_corp_news` [ RunTime:0.004279s ]
NOTIC: [8] Undefined variable: where E:\Dropbox\www\jkws_new\App\Modules\Admin\Action\CorpAction.class.php 第 50 行.
SQL: SHOW COLUMNS FROM `db_video_type` [ RunTime:0.003816s ]
SQL: SELECT COUNT(*) AS tp_count FROM `db_corp_news` LIMIT 1   [ RunTime:0.000246s ]
SQL: SELECT * FROM `db_corp_news` ORDER BY `ctime` desc LIMIT 0,10   [ RunTime:0.000214s ]
NOTIC: [8] Undefined index: type E:\Dropbox\www\jkws_new\App\Modules\Admin\Model\CommonModel.class.php 第 145 行.
SQL: SELECT * FROM `db_video_type` WHERE ( id = '' ) LIMIT 1   [ RunTime:0.000183s ]
NOTIC: [8] Undefined index: ftype E:\Dropbox\www\jkws_new\App\Modules\Admin\Model\CommonModel.class.php 第 148 行.

[ 2014-10-09T13:48:27+08:00 ] 192.168.0.105 /corp/getNewsList.html
INFO: [ app_begin ] --START--
INFO: ReadHtmlCache Behavior ::run [ RunTime:0.000469s ]
INFO: [ app_begin ] --END-- [ RunTime:0.000546s ]
SQL: SHOW COLUMNS FROM `db_admin` [ RunTime:0.004127s ]
SQL: SELECT * FROM `db_admin` WHERE ( `id` = 1 ) LIMIT 1   [ RunTime:0.000311s ]
SQL: SHOW COLUMNS FROM `db_corp_news` [ RunTime:0.004257s ]
NOTIC: [8] Undefined variable: where E:\Dropbox\www\jkws_new\App\Modules\Admin\Action\CorpAction.class.php 第 50 行.
SQL: SHOW COLUMNS FROM `db_video_type` [ RunTime:0.003981s ]
SQL: SELECT COUNT(*) AS tp_count FROM `db_corp_news` LIMIT 1   [ RunTime:0.000243s ]
SQL: SELECT * FROM `db_corp_news` ORDER BY `ctime` desc LIMIT 0,10   [ RunTime:0.000218s ]
NOTIC: [8] Undefined index: type E:\Dropbox\www\jkws_new\App\Modules\Admin\Model\CommonModel.class.php 第 145 行.
SQL: SELECT * FROM `db_video_type` WHERE ( id = '' ) LIMIT 1   [ RunTime:0.000174s ]
NOTIC: [8] Undefined index: ftype E:\Dropbox\www\jkws_new\App\Modules\Admin\Model\CommonModel.class.php 第 148 行.

[ 2014-10-09T14:00:58+08:00 ] 192.168.0.105 /corp/doAddCorpnews.html
INFO: [ app_begin ] --START--
INFO: ReadHtmlCache Behavior ::run [ RunTime:0.000916s ]
INFO: [ app_begin ] --END-- [ RunTime:0.000979s ]
SQL: SHOW COLUMNS FROM `db_admin` [ RunTime:0.003974s ]
SQL: SELECT * FROM `db_admin` WHERE ( `id` = 1 ) LIMIT 1   [ RunTime:0.000372s ]
SQL: SHOW COLUMNS FROM `db_corp_news` [ RunTime:0.003909s ]
SQL: INSERT INTO `db_corp_news` (`title`,`summary`,`content`,`time`,`ctime`) VALUES ('健康知识普及节目《健康小百科》正式开播。','健康知识普及节目《健康小百科》正式开播。','<p><span class=\"title\">健康知识普及节目《健康小百科》正式开播。</span></p>','2013-02-25','2014-10-09 14:00:57') [ RunTime:0.383279s ]

[ 2014-10-09T14:03:36+08:00 ] 192.168.0.105 /corp/doAddCorpnews.html
INFO: [ app_begin ] --START--
INFO: ReadHtmlCache Behavior ::run [ RunTime:0.000496s ]
INFO: [ app_begin ] --END-- [ RunTime:0.000531s ]
SQL: SHOW COLUMNS FROM `db_admin` [ RunTime:0.006725s ]
SQL: SELECT * FROM `db_admin` WHERE ( `id` = 1 ) LIMIT 1   [ RunTime:0.000493s ]
SQL: SHOW COLUMNS FROM `db_corp_news` [ RunTime:0.005636s ]
SQL: INSERT INTO `db_corp_news` (`title`,`summary`,`content`,`time`,`ctime`) VALUES ('健康卫视拍摄的《融化孤独的爱》荣获中国健康传播好作品','健康卫视拍摄的《融化孤独的爱》荣获中国健康传播好作品。','<p><span class=\"title\"><span class=\"title\">健康卫视拍摄的《融化孤独的爱》荣获中国健康传播好作品。</span></span></p>','2012-11-08','2014-10-09 14:03:36') [ RunTime:0.134062s ]

[ 2014-10-09T14:05:16+08:00 ] 192.168.0.105 /corp/doAddCorpnews.html
INFO: [ app_begin ] --START--
INFO: ReadHtmlCache Behavior ::run [ RunTime:0.000521s ]
INFO: [ app_begin ] --END-- [ RunTime:0.000558s ]
SQL: SHOW COLUMNS FROM `db_admin` [ RunTime:0.004244s ]
SQL: SELECT * FROM `db_admin` WHERE ( `id` = 1 ) LIMIT 1   [ RunTime:0.000295s ]
SQL: SHOW COLUMNS FROM `db_corp_news` [ RunTime:0.003499s ]
SQL: INSERT INTO `db_corp_news` (`title`,`summary`,`content`,`time`,`ctime`) VALUES ('健康卫视牵手IPTV，加入网络互动电视新时代，传播力再度增强','健康卫视牵手IPTV，加入网络互动电视新时代，传播力再度增强。','<p><span class=\"title\"><span class=\"title\">健康卫视拍摄的《融化孤独的爱》荣获中国健康传播好作品。</span></span></p>','2011-12-20','2014-10-09 14:05:16') [ RunTime:0.125355s ]

[ 2014-10-09T14:05:53+08:00 ] 192.168.0.105 /corp/doAddCorpnews.html
INFO: [ app_begin ] --START--
INFO: ReadHtmlCache Behavior ::run [ RunTime:0.000547s ]
INFO: [ app_begin ] --END-- [ RunTime:0.000591s ]
SQL: SHOW COLUMNS FROM `db_admin` [ RunTime:0.003965s ]
SQL: SELECT * FROM `db_admin` WHERE ( `id` = 1 ) LIMIT 1   [ RunTime:0.000323s ]
SQL: SHOW COLUMNS FROM `db_corp_news` [ RunTime:0.003579s ]
SQL: INSERT INTO `db_corp_news` (`title`,`summary`,`content`,`time`,`ctime`) VALUES ('健康卫视战略合作伙伴——深圳市健康传媒有限公司注册成立','健康卫视战略合作伙伴——深圳市健康传媒有限公司注册成立。','','2010-11-17','2014-10-09 14:05:53') [ RunTime:0.138084s ]

[ 2014-10-09T14:06:13+08:00 ] 192.168.0.105 /corp/getNewsList.html
INFO: [ app_begin ] --START--
INFO: ReadHtmlCache Behavior ::run [ RunTime:0.000439s ]
INFO: [ app_begin ] --END-- [ RunTime:0.000485s ]
SQL: SHOW COLUMNS FROM `db_admin` [ RunTime:0.004228s ]
SQL: SELECT * FROM `db_admin` WHERE ( `id` = 1 ) LIMIT 1   [ RunTime:0.000315s ]
SQL: SHOW COLUMNS FROM `db_corp_news` [ RunTime:0.004914s ]
NOTIC: [8] Undefined variable: where E:\Dropbox\www\jkws_new\App\Modules\Admin\Action\CorpAction.class.php 第 50 行.
SQL: SHOW COLUMNS FROM `db_video_type` [ RunTime:0.004328s ]
SQL: SELECT COUNT(*) AS tp_count FROM `db_corp_news` LIMIT 1   [ RunTime:0.000237s ]
SQL: SELECT * FROM `db_corp_news` ORDER BY `ctime` desc LIMIT 0,10   [ RunTime:0.000259s ]
NOTIC: [8] Undefined index: type E:\Dropbox\www\jkws_new\App\Modules\Admin\Model\CommonModel.class.php 第 145 行.
SQL: SELECT * FROM `db_video_type` WHERE ( id = '' ) LIMIT 1   [ RunTime:0.000160s ]
NOTIC: [8] Undefined index: ftype E:\Dropbox\www\jkws_new\App\Modules\Admin\Model\CommonModel.class.php 第 148 行.
NOTIC: [8] Undefined index: type E:\Dropbox\www\jkws_new\App\Modules\Admin\Model\CommonModel.class.php 第 145 行.
SQL: SELECT * FROM `db_video_type` WHERE ( id = '' ) LIMIT 1   [ RunTime:0.000143s ]
NOTIC: [8] Undefined index: ftype E:\Dropbox\www\jkws_new\App\Modules\Admin\Model\CommonModel.class.php 第 148 行.
NOTIC: [8] Undefined index: type E:\Dropbox\www\jkws_new\App\Modules\Admin\Model\CommonModel.class.php 第 145 行.
SQL: SELECT * FROM `db_video_type` WHERE ( id = '' ) LIMIT 1   [ RunTime:0.000116s ]
NOTIC: [8] Undefined index: ftype E:\Dropbox\www\jkws_new\App\Modules\Admin\Model\CommonModel.class.php 第 148 行.
NOTIC: [8] Undefined index: type E:\Dropbox\www\jkws_new\App\Modules\Admin\Model\CommonModel.class.php 第 145 行.
SQL: SELECT * FROM `db_video_type` WHERE ( id = '' ) LIMIT 1   [ RunTime:0.000144s ]
NOTIC: [8] Undefined index: ftype E:\Dropbox\www\jkws_new\App\Modules\Admin\Model\CommonModel.class.php 第 148 行.
NOTIC: [8] Undefined index: type E:\Dropbox\www\jkws_new\App\Modules\Admin\Model\CommonModel.class.php 第 145 行.
SQL: SELECT * FROM `db_video_type` WHERE ( id = '' ) LIMIT 1   [ RunTime:0.000135s ]
NOTIC: [8] Undefined index: ftype E:\Dropbox\www\jkws_new\App\Modules\Admin\Model\CommonModel.class.php 第 148 行.

[ 2014-10-09T14:08:26+08:00 ] 192.168.0.105 /corp/getNewsList.html
INFO: [ app_begin ] --START--
INFO: ReadHtmlCache Behavior ::run [ RunTime:0.000412s ]
INFO: [ app_begin ] --END-- [ RunTime:0.000449s ]
SQL: SHOW COLUMNS FROM `db_admin` [ RunTime:0.004983s ]
SQL: SELECT * FROM `db_admin` WHERE ( `id` = 1 ) LIMIT 1   [ RunTime:0.000413s ]
SQL: SHOW COLUMNS FROM `db_corp_news` [ RunTime:0.005543s ]
NOTIC: [8] Undefined variable: where E:\Dropbox\www\jkws_new\App\Modules\Admin\Action\CorpAction.class.php 第 50 行.
SQL: SHOW COLUMNS FROM `db_video_type` [ RunTime:0.004577s ]
SQL: SELECT COUNT(*) AS tp_count FROM `db_corp_news` LIMIT 1   [ RunTime:0.000308s ]
SQL: SELECT * FROM `db_corp_news` ORDER BY `ctime` desc LIMIT 0,10   [ RunTime:0.000294s ]
NOTIC: [8] Undefined index: type E:\Dropbox\www\jkws_new\App\Modules\Admin\Model\CommonModel.class.php 第 145 行.
SQL: SELECT * FROM `db_video_type` WHERE ( id = '' ) LIMIT 1   [ RunTime:0.000203s ]
NOTIC: [8] Undefined index: ftype E:\Dropbox\www\jkws_new\App\Modules\Admin\Model\CommonModel.class.php 第 148 行.
NOTIC: [8] Undefined index: type E:\Dropbox\www\jkws_new\App\Modules\Admin\Model\CommonModel.class.php 第 145 行.
SQL: SELECT * FROM `db_video_type` WHERE ( id = '' ) LIMIT 1   [ RunTime:0.000195s ]
NOTIC: [8] Undefined index: ftype E:\Dropbox\www\jkws_new\App\Modules\Admin\Model\CommonModel.class.php 第 148 行.
NOTIC: [8] Undefined index: type E:\Dropbox\www\jkws_new\App\Modules\Admin\Model\CommonModel.class.php 第 145 行.
SQL: SELECT * FROM `db_video_type` WHERE ( id = '' ) LIMIT 1   [ RunTime:0.000180s ]
NOTIC: [8] Undefined index: ftype E:\Dropbox\www\jkws_new\App\Modules\Admin\Model\CommonModel.class.php 第 148 行.
NOTIC: [8] Undefined index: type E:\Dropbox\www\jkws_new\App\Modules\Admin\Model\CommonModel.class.php 第 145 行.
SQL: SELECT * FROM `db_video_type` WHERE ( id = '' ) LIMIT 1   [ RunTime:0.000183s ]
NOTIC: [8] Undefined index: ftype E:\Dropbox\www\jkws_new\App\Modules\Admin\Model\CommonModel.class.php 第 148 行.
NOTIC: [8] Undefined index: type E:\Dropbox\www\jkws_new\App\Modules\Admin\Model\CommonModel.class.php 第 145 行.
SQL: SELECT * FROM `db_video_type` WHERE ( id = '' ) LIMIT 1   [ RunTime:0.000203s ]
NOTIC: [8] Undefined index: ftype E:\Dropbox\www\jkws_new\App\Modules\Admin\Model\CommonModel.class.php 第 148 行.

[ 2014-10-09T14:08:54+08:00 ] 192.168.0.105 /corp/getNewsList.html
INFO: [ app_begin ] --START--
INFO: ReadHtmlCache Behavior ::run [ RunTime:0.000446s ]
INFO: [ app_begin ] --END-- [ RunTime:0.000486s ]
SQL: SHOW COLUMNS FROM `db_admin` [ RunTime:0.004856s ]
SQL: SELECT * FROM `db_admin` WHERE ( `id` = 1 ) LIMIT 1   [ RunTime:0.000331s ]
SQL: SHOW COLUMNS FROM `db_corp_news` [ RunTime:0.004761s ]
NOTIC: [8] Undefined variable: where E:\Dropbox\www\jkws_new\App\Modules\Admin\Action\CorpAction.class.php 第 50 行.
SQL: SHOW COLUMNS FROM `db_video_type` [ RunTime:0.004442s ]
SQL: SELECT COUNT(*) AS tp_count FROM `db_corp_news` LIMIT 1   [ RunTime:0.000283s ]
SQL: SELECT * FROM `db_corp_news` ORDER BY `ctime` desc LIMIT 0,10   [ RunTime:0.000288s ]
NOTIC: [8] Undefined index: type E:\Dropbox\www\jkws_new\App\Modules\Admin\Model\CommonModel.class.php 第 145 行.
SQL: SELECT * FROM `db_video_type` WHERE ( id = '' ) LIMIT 1   [ RunTime:0.000198s ]
NOTIC: [8] Undefined index: ftype E:\Dropbox\www\jkws_new\App\Modules\Admin\Model\CommonModel.class.php 第 148 行.
NOTIC: [8] Undefined index: type E:\Dropbox\www\jkws_new\App\Modules\Admin\Model\CommonModel.class.php 第 145 行.
SQL: SELECT * FROM `db_video_type` WHERE ( id = '' ) LIMIT 1   [ RunTime:0.000178s ]
NOTIC: [8] Undefined index: ftype E:\Dropbox\www\jkws_new\App\Modules\Admin\Model\CommonModel.class.php 第 148 行.
NOTIC: [8] Undefined index: type E:\Dropbox\www\jkws_new\App\Modules\Admin\Model\CommonModel.class.php 第 145 行.
SQL: SELECT * FROM `db_video_type` WHERE ( id = '' ) LIMIT 1   [ RunTime:0.000193s ]
NOTIC: [8] Undefined index: ftype E:\Dropbox\www\jkws_new\App\Modules\Admin\Model\CommonModel.class.php 第 148 行.
NOTIC: [8] Undefined index: type E:\Dropbox\www\jkws_new\App\Modules\Admin\Model\CommonModel.class.php 第 145 行.
SQL: SELECT * FROM `db_video_type` WHERE ( id = '' ) LIMIT 1   [ RunTime:0.000177s ]
NOTIC: [8] Undefined index: ftype E:\Dropbox\www\jkws_new\App\Modules\Admin\Model\CommonModel.class.php 第 148 行.
NOTIC: [8] Undefined index: type E:\Dropbox\www\jkws_new\App\Modules\Admin\Model\CommonModel.class.php 第 145 行.
SQL: SELECT * FROM `db_video_type` WHERE ( id = '' ) LIMIT 1   [ RunTime:0.000172s ]
NOTIC: [8] Undefined index: ftype E:\Dropbox\www\jkws_new\App\Modules\Admin\Model\CommonModel.class.php 第 148 行.

[ 2014-10-09T14:09:28+08:00 ] 192.168.0.105 /corp/getNewsList.html
INFO: [ app_begin ] --START--
INFO: ReadHtmlCache Behavior ::run [ RunTime:0.000411s ]
INFO: [ app_begin ] --END-- [ RunTime:0.000450s ]
SQL: SHOW COLUMNS FROM `db_admin` [ RunTime:0.004612s ]
SQL: SELECT * FROM `db_admin` WHERE ( `id` = 1 ) LIMIT 1   [ RunTime:0.000325s ]
SQL: SHOW COLUMNS FROM `db_corp_news` [ RunTime:0.003939s ]
NOTIC: [8] Undefined variable: where E:\Dropbox\www\jkws_new\App\Modules\Admin\Action\CorpAction.class.php 第 50 行.
SQL: SHOW COLUMNS FROM `db_video_type` [ RunTime:0.003599s ]
SQL: SELECT COUNT(*) AS tp_count FROM `db_corp_news` LIMIT 1   [ RunTime:0.000241s ]
SQL: SELECT * FROM `db_corp_news` ORDER BY `ctime` desc LIMIT 0,10   [ RunTime:0.000246s ]
NOTIC: [8] Undefined index: type E:\Dropbox\www\jkws_new\App\Modules\Admin\Model\CommonModel.class.php 第 145 行.
SQL: SELECT * FROM `db_video_type` WHERE ( id = '' ) LIMIT 1   [ RunTime:0.000200s ]
NOTIC: [8] Undefined index: ftype E:\Dropbox\www\jkws_new\App\Modules\Admin\Model\CommonModel.class.php 第 148 行.
NOTIC: [8] Undefined index: type E:\Dropbox\www\jkws_new\App\Modules\Admin\Model\CommonModel.class.php 第 145 行.
SQL: SELECT * FROM `db_video_type` WHERE ( id = '' ) LIMIT 1   [ RunTime:0.000158s ]
NOTIC: [8] Undefined index: ftype E:\Dropbox\www\jkws_new\App\Modules\Admin\Model\CommonModel.class.php 第 148 行.
NOTIC: [8] Undefined index: type E:\Dropbox\www\jkws_new\App\Modules\Admin\Model\CommonModel.class.php 第 145 行.
SQL: SELECT * FROM `db_video_type` WHERE ( id = '' ) LIMIT 1   [ RunTime:0.000167s ]
NOTIC: [8] Undefined index: ftype E:\Dropbox\www\jkws_new\App\Modules\Admin\Model\CommonModel.class.php 第 148 行.
NOTIC: [8] Undefined index: type E:\Dropbox\www\jkws_new\App\Modules\Admin\Model\CommonModel.class.php 第 145 行.
SQL: SELECT * FROM `db_video_type` WHERE ( id = '' ) LIMIT 1   [ RunTime:0.000178s ]
NOTIC: [8] Undefined index: ftype E:\Dropbox\www\jkws_new\App\Modules\Admin\Model\CommonModel.class.php 第 148 行.
NOTIC: [8] Undefined index: type E:\Dropbox\www\jkws_new\App\Modules\Admin\Model\CommonModel.class.php 第 145 行.
SQL: SELECT * FROM `db_video_type` WHERE ( id = '' ) LIMIT 1   [ RunTime:0.000153s ]
NOTIC: [8] Undefined index: ftype E:\Dropbox\www\jkws_new\App\Modules\Admin\Model\CommonModel.class.php 第 148 行.

[ 2014-10-09T14:09:55+08:00 ] 192.168.0.105 /corp/doAddCorpnews.html
INFO: [ app_begin ] --START--
INFO: ReadHtmlCache Behavior ::run [ RunTime:0.000506s ]
INFO: [ app_begin ] --END-- [ RunTime:0.000538s ]
SQL: SHOW COLUMNS FROM `db_admin` [ RunTime:0.003864s ]
SQL: SELECT * FROM `db_admin` WHERE ( `id` = 1 ) LIMIT 1   [ RunTime:0.000255s ]
SQL: SHOW COLUMNS FROM `db_corp_news` [ RunTime:0.003741s ]
NOTIC: [8] Undefined index: content E:\Dropbox\www\jkws_new\App\Modules\Admin\Action\CorpAction.class.php 第 60 行.
SQL: UPDATE `db_corp_news` SET `title`='健康卫视战略合作伙伴——深圳市健康传媒有限公司注册成立',`summary`='健康卫视战略合作伙伴——深圳市健康传媒有限公司注册成立。健康卫视战略合作伙伴——深圳市健康传媒有限公司注册成立。',`content`=null,`time`='2010-11-17',`isopen`=1,`updatetime`='2014-10-09 14:09:55' WHERE ( id = '9' ) [ RunTime:0.268023s ]

[ 2014-10-09T14:10:58+08:00 ] 192.168.0.105 /corp/doAddCorpnews.html
INFO: [ app_begin ] --START--
INFO: ReadHtmlCache Behavior ::run [ RunTime:0.000635s ]
INFO: [ app_begin ] --END-- [ RunTime:0.000681s ]
SQL: SHOW COLUMNS FROM `db_admin` [ RunTime:0.006629s ]
SQL: SELECT * FROM `db_admin` WHERE ( `id` = 1 ) LIMIT 1   [ RunTime:0.000346s ]
SQL: SHOW COLUMNS FROM `db_corp_news` [ RunTime:0.003889s ]
SQL: UPDATE `db_corp_news` SET `title`='健康卫视战略合作伙伴——深圳市健康传媒有限公司注册成立',`summary`='健康卫视战略合作伙伴——深圳市健康传媒有限公司注册成立。健康卫视战略合作伙伴——深圳市健康传媒有限公司注册成立。',`content`='<p>健康卫视战略合作伙伴——深圳市健康传媒有限公司注册成立。健康卫视战略合作伙伴——深圳市健康传媒有限公司注册成立。健康卫视战略合作伙伴——深圳市健康传媒有限公司注册成立。健康卫视战略合作伙伴——深圳市健康传媒有限公司注册成立。<br/></p>',`time`='2010-11-17',`isopen`=1,`updatetime`='2014-10-09 14:10:58' WHERE ( id = '9' ) [ RunTime:0.179479s ]

[ 2014-10-09T14:11:09+08:00 ] 192.168.0.105 /corp/getNewsList.html
INFO: [ app_begin ] --START--
INFO: ReadHtmlCache Behavior ::run [ RunTime:0.000461s ]
INFO: [ app_begin ] --END-- [ RunTime:0.000503s ]
SQL: SHOW COLUMNS FROM `db_admin` [ RunTime:0.005008s ]
SQL: SELECT * FROM `db_admin` WHERE ( `id` = 1 ) LIMIT 1   [ RunTime:0.000368s ]
SQL: SHOW COLUMNS FROM `db_corp_news` [ RunTime:0.004177s ]
NOTIC: [8] Undefined variable: where E:\Dropbox\www\jkws_new\App\Modules\Admin\Action\CorpAction.class.php 第 50 行.
SQL: SHOW COLUMNS FROM `db_video_type` [ RunTime:0.003824s ]
SQL: SELECT COUNT(*) AS tp_count FROM `db_corp_news` LIMIT 1   [ RunTime:0.000230s ]
SQL: SELECT * FROM `db_corp_news` ORDER BY `ctime` desc LIMIT 0,10   [ RunTime:0.000248s ]
NOTIC: [8] Undefined index: type E:\Dropbox\www\jkws_new\App\Modules\Admin\Model\CommonModel.class.php 第 145 行.
SQL: SELECT * FROM `db_video_type` WHERE ( id = '' ) LIMIT 1   [ RunTime:0.000127s ]
NOTIC: [8] Undefined index: ftype E:\Dropbox\www\jkws_new\App\Modules\Admin\Model\CommonModel.class.php 第 148 行.
NOTIC: [8] Undefined index: type E:\Dropbox\www\jkws_new\App\Modules\Admin\Model\CommonModel.class.php 第 145 行.
SQL: SELECT * FROM `db_video_type` WHERE ( id = '' ) LIMIT 1   [ RunTime:0.000109s ]
NOTIC: [8] Undefined index: ftype E:\Dropbox\www\jkws_new\App\Modules\Admin\Model\CommonModel.class.php 第 148 行.
NOTIC: [8] Undefined index: type E:\Dropbox\www\jkws_new\App\Modules\Admin\Model\CommonModel.class.php 第 145 行.
SQL: SELECT * FROM `db_video_type` WHERE ( id = '' ) LIMIT 1   [ RunTime:0.000103s ]
NOTIC: [8] Undefined index: ftype E:\Dropbox\www\jkws_new\App\Modules\Admin\Model\CommonModel.class.php 第 148 行.
NOTIC: [8] Undefined index: type E:\Dropbox\www\jkws_new\App\Modules\Admin\Model\CommonModel.class.php 第 145 行.
SQL: SELECT * FROM `db_video_type` WHERE ( id = '' ) LIMIT 1   [ RunTime:0.000226s ]
NOTIC: [8] Undefined index: ftype E:\Dropbox\www\jkws_new\App\Modules\Admin\Model\CommonModel.class.php 第 148 行.
NOTIC: [8] Undefined index: type E:\Dropbox\www\jkws_new\App\Modules\Admin\Model\CommonModel.class.php 第 145 行.
SQL: SELECT * FROM `db_video_type` WHERE ( id = '' ) LIMIT 1   [ RunTime:0.001089s ]
NOTIC: [8] Undefined index: ftype E:\Dropbox\www\jkws_new\App\Modules\Admin\Model\CommonModel.class.php 第 148 行.

[ 2014-10-09T14:11:58+08:00 ] 192.168.0.105 /corp/getNewsList.html
INFO: [ app_begin ] --START--
INFO: ReadHtmlCache Behavior ::run [ RunTime:0.000390s ]
INFO: [ app_begin ] --END-- [ RunTime:0.000423s ]
SQL: SHOW COLUMNS FROM `db_admin` [ RunTime:0.004332s ]
SQL: SELECT * FROM `db_admin` WHERE ( `id` = 1 ) LIMIT 1   [ RunTime:0.000332s ]
SQL: SHOW COLUMNS FROM `db_corp_news` [ RunTime:0.003941s ]
NOTIC: [8] Undefined variable: where E:\Dropbox\www\jkws_new\App\Modules\Admin\Action\CorpAction.class.php 第 50 行.
SQL: SHOW COLUMNS FROM `db_video_type` [ RunTime:0.003663s ]
SQL: SELECT COUNT(*) AS tp_count FROM `db_corp_news` LIMIT 1   [ RunTime:0.000235s ]
SQL: SELECT * FROM `db_corp_news` ORDER BY `ctime` desc LIMIT 0,10   [ RunTime:0.000225s ]
NOTIC: [8] Undefined index: type E:\Dropbox\www\jkws_new\App\Modules\Admin\Model\CommonModel.class.php 第 145 行.
SQL: SELECT * FROM `db_video_type` WHERE ( id = '' ) LIMIT 1   [ RunTime:0.000175s ]
NOTIC: [8] Undefined index: ftype E:\Dropbox\www\jkws_new\App\Modules\Admin\Model\CommonModel.class.php 第 148 行.
NOTIC: [8] Undefined index: type E:\Dropbox\www\jkws_new\App\Modules\Admin\Model\CommonModel.class.php 第 145 行.
SQL: SELECT * FROM `db_video_type` WHERE ( id = '' ) LIMIT 1   [ RunTime:0.000162s ]
NOTIC: [8] Undefined index: ftype E:\Dropbox\www\jkws_new\App\Modules\Admin\Model\CommonModel.class.php 第 148 行.
NOTIC: [8] Undefined index: type E:\Dropbox\www\jkws_new\App\Modules\Admin\Model\CommonModel.class.php 第 145 行.
SQL: SELECT * FROM `db_video_type` WHERE ( id = '' ) LIMIT 1   [ RunTime:0.000159s ]
NOTIC: [8] Undefined index: ftype E:\Dropbox\www\jkws_new\App\Modules\Admin\Model\CommonModel.class.php 第 148 行.
NOTIC: [8] Undefined index: type E:\Dropbox\www\jkws_new\App\Modules\Admin\Model\CommonModel.class.php 第 145 行.
SQL: SELECT * FROM `db_video_type` WHERE ( id = '' ) LIMIT 1   [ RunTime:0.000169s ]
NOTIC: [8] Undefined index: ftype E:\Dropbox\www\jkws_new\App\Modules\Admin\Model\CommonModel.class.php 第 148 行.
NOTIC: [8] Undefined index: type E:\Dropbox\www\jkws_new\App\Modules\Admin\Model\CommonModel.class.php 第 145 行.
SQL: SELECT * FROM `db_video_type` WHERE ( id = '' ) LIMIT 1   [ RunTime:0.000167s ]
NOTIC: [8] Undefined index: ftype E:\Dropbox\www\jkws_new\App\Modules\Admin\Model\CommonModel.class.php 第 148 行.

[ 2014-10-09T14:15:53+08:00 ] 192.168.0.105 /corp/getNewsList.html
INFO: [ app_begin ] --START--
INFO: ReadHtmlCache Behavior ::run [ RunTime:0.000414s ]
INFO: [ app_begin ] --END-- [ RunTime:0.000450s ]
SQL: SHOW COLUMNS FROM `db_admin` [ RunTime:0.007285s ]
SQL: SELECT * FROM `db_admin` WHERE ( `id` = 1 ) LIMIT 1   [ RunTime:0.000313s ]
SQL: SHOW COLUMNS FROM `db_corp_news` [ RunTime:0.003559s ]
NOTIC: [8] Undefined variable: where E:\Dropbox\www\jkws_new\App\Modules\Admin\Action\CorpAction.class.php 第 50 行.
SQL: SHOW COLUMNS FROM `db_video_type` [ RunTime:0.003509s ]
SQL: SELECT COUNT(*) AS tp_count FROM `db_corp_news` LIMIT 1   [ RunTime:0.000217s ]
SQL: SELECT * FROM `db_corp_news` ORDER BY `ctime` desc LIMIT 0,10   [ RunTime:0.000249s ]
NOTIC: [8] Undefined index: type E:\Dropbox\www\jkws_new\App\Modules\Admin\Model\CommonModel.class.php 第 145 行.
SQL: SELECT * FROM `db_video_type` WHERE ( id = '' ) LIMIT 1   [ RunTime:0.000188s ]
NOTIC: [8] Undefined index: ftype E:\Dropbox\www\jkws_new\App\Modules\Admin\Model\CommonModel.class.php 第 148 行.
NOTIC: [8] Undefined index: type E:\Dropbox\www\jkws_new\App\Modules\Admin\Model\CommonModel.class.php 第 145 行.
SQL: SELECT * FROM `db_video_type` WHERE ( id = '' ) LIMIT 1   [ RunTime:0.000146s ]
NOTIC: [8] Undefined index: ftype E:\Dropbox\www\jkws_new\App\Modules\Admin\Model\CommonModel.class.php 第 148 行.
NOTIC: [8] Undefined index: type E:\Dropbox\www\jkws_new\App\Modules\Admin\Model\CommonModel.class.php 第 145 行.
SQL: SELECT * FROM `db_video_type` WHERE ( id = '' ) LIMIT 1   [ RunTime:0.000209s ]
NOTIC: [8] Undefined index: ftype E:\Dropbox\www\jkws_new\App\Modules\Admin\Model\CommonModel.class.php 第 148 行.
NOTIC: [8] Undefined index: type E:\Dropbox\www\jkws_new\App\Modules\Admin\Model\CommonModel.class.php 第 145 行.
SQL: SELECT * FROM `db_video_type` WHERE ( id = '' ) LIMIT 1   [ RunTime:0.000158s ]
NOTIC: [8] Undefined index: ftype E:\Dropbox\www\jkws_new\App\Modules\Admin\Model\CommonModel.class.php 第 148 行.
NOTIC: [8] Undefined index: type E:\Dropbox\www\jkws_new\App\Modules\Admin\Model\CommonModel.class.php 第 145 行.
SQL: SELECT * FROM `db_video_type` WHERE ( id = '' ) LIMIT 1   [ RunTime:0.000162s ]
NOTIC: [8] Undefined index: ftype E:\Dropbox\www\jkws_new\App\Modules\Admin\Model\CommonModel.class.php 第 148 行.

[ 2014-10-09T14:21:57+08:00 ] 192.168.0.105 /Public/js/corp/jquery1.10.2.js
ERR: 无法加载模块:Public

[ 2014-10-09T14:54:31+08:00 ] 192.168.0.105 /corp/doAddCorpnews.html
INFO: [ app_begin ] --START--
INFO: ReadHtmlCache Behavior ::run [ RunTime:0.000784s ]
INFO: [ app_begin ] --END-- [ RunTime:0.000848s ]
SQL: SHOW COLUMNS FROM `db_admin` [ RunTime:0.004680s ]
SQL: SELECT * FROM `db_admin` WHERE ( `id` = 1 ) LIMIT 1   [ RunTime:0.000382s ]
SQL: SHOW COLUMNS FROM `db_corp_news` [ RunTime:0.004187s ]
SQL: INSERT INTO `db_corp_news` (`title`,`summary`,`content`,`time`,`isopen`,`ctime`) VALUES ('健康卫视第一部大型文献纪录片《茶缘天下》开拍','健康卫视第一部大型文献纪录片《茶缘天下》开拍。','<p>健康卫视第一部大型文献纪录片《茶缘天下》开拍。</p>','2012-08-30',1,'2014-10-09 14:54:31') [ RunTime:0.129224s ]

[ 2014-10-09T14:59:09+08:00 ] 192.168.0.105 /Public/js/corp/jquery1.10.2.js
ERR: 无法加载模块:Public

[ 2014-10-09T15:02:31+08:00 ] 192.168.0.105 /Public/js/corp/jquery1.10.2.js
ERR: 无法加载模块:Public

[ 2014-10-09T15:05:48+08:00 ] 192.168.0.105 /Public/js/corp/jquery1.10.2.js
ERR: 无法加载模块:Public

[ 2014-10-09T15:05:53+08:00 ] 192.168.0.105 /Public/js/corp/jquery1.10.2.js
ERR: 无法加载模块:Public

[ 2014-10-09T15:07:02+08:00 ] 192.168.0.105 /Public/js/corp/jquery1.10.2.js
ERR: 无法加载模块:Public

[ 2014-10-09T15:08:14+08:00 ] 192.168.0.105 /Public/js/corp/jquery1.10.2.js
ERR: 无法加载模块:Public

[ 2014-10-09T15:09:58+08:00 ] 192.168.0.105 /Public/js/corp/jquery1.10.2.js
ERR: 无法加载模块:Public

[ 2014-10-09T15:10:36+08:00 ] 192.168.0.105 /Public/js/corp/jquery1.10.2.js
ERR: 无法加载模块:Public

[ 2014-10-09T15:13:28+08:00 ] 192.168.0.105 /Public/js/corp/jquery1.10.2.js
ERR: 无法加载模块:Public

[ 2014-10-09T15:19:28+08:00 ] 192.168.0.105 /Public/js/corp/jquery1.10.2.js
ERR: 无法加载模块:Public

[ 2014-10-09T15:20:18+08:00 ] 192.168.0.105 /Public/js/corp/jquery1.10.2.js
ERR: 无法加载模块:Public

[ 2014-10-09T15:22:18+08:00 ] 192.168.0.105 /Public/js/corp/jquery1.10.2.js
ERR: 无法加载模块:Public

[ 2014-10-09T15:22:53+08:00 ] 192.168.0.105 /Public/js/corp/jquery1.10.2.js
ERR: 无法加载模块:Public

[ 2014-10-09T15:23:10+08:00 ] 192.168.0.105 /Public/js/corp/jquery1.10.2.js
ERR: 无法加载模块:Public

[ 2014-10-09T15:23:26+08:00 ] 192.168.0.105 /Public/js/corp/jquery1.10.2.js
ERR: 无法加载模块:Public

[ 2014-10-09T16:09:00+08:00 ] 192.168.0.105 /Public/js/corp/jquery1.10.2.js
ERR: 无法加载模块:Public

[ 2014-10-09T16:10:13+08:00 ] 192.168.0.105 /Public/js/corp/jquery1.10.2.js
ERR: 无法加载模块:Public

[ 2014-10-09T16:15:56+08:00 ] 192.168.0.105 /Public/js/corp/jquery1.10.2.js
ERR: 无法加载模块:Public

[ 2014-10-09T16:31:40+08:00 ] 192.168.0.105 /index/event.html
ERR: XML标签语法错误 : name="corpNewsArr[<?php echo ($v); ?

[ 2014-10-09T16:31:40+08:00 ] 192.168.0.105 /index/event.html
ERR: XML标签语法错误 : name="corpNewsArr[<?php echo ($v); ?

[ 2014-10-09T16:32:02+08:00 ] 192.168.0.105 /index/event.html
ERR: XML标签语法错误 : name="corpNewsArr.<?php echo ($v); ?

[ 2014-10-09T16:32:02+08:00 ] 192.168.0.105 /index/event.html
ERR: XML标签语法错误 : name="corpNewsArr.<?php echo ($v); ?

