[ 2014-10-21T14:01:14+08:00 ] 127.0.0.1 /Public/Js/Base.js
ERR: 非法操作:js

[ 2014-10-21T14:01:14+08:00 ] 127.0.0.1 /Public/Js/Think/ThinkAjax.js
ERR: 非法操作:js

[ 2014-10-21T14:01:14+08:00 ] 127.0.0.1 /Public/Js/common.js
ERR: 非法操作:js

[ 2014-10-21T14:01:25+08:00 ] 127.0.0.1 /Index/index
INFO: [ view_parse ] --START--
NOTIC: [8192] preg_replace(): The /e modifier is deprecated, use preg_replace_callback instead E:\Dropbox\www\jkws_new\ThinkPHP\Lib\Template\ThinkTemplate.class.php 第 266 行.
NOTIC: [8192] preg_replace(): The /e modifier is deprecated, use preg_replace_callback instead E:\Dropbox\www\jkws_new\ThinkPHP\Lib\Template\ThinkTemplate.class.php 第 271 行.
NOTIC: [8192] preg_replace(): The /e modifier is deprecated, use preg_replace_callback instead E:\Dropbox\www\jkws_new\ThinkPHP\Lib\Template\ThinkTemplate.class.php 第 168 行.
NOTIC: [8192] preg_replace(): The /e modifier is deprecated, use preg_replace_callback instead E:\Dropbox\www\jkws_new\ThinkPHP\Lib\Template\ThinkTemplate.class.php 第 404 行.
NOTIC: [8192] preg_replace(): The /e modifier is deprecated, use preg_replace_callback instead E:\Dropbox\www\jkws_new\ThinkPHP\Lib\Template\ThinkTemplate.class.php 第 404 行.
NOTIC: [8192] preg_replace(): The /e modifier is deprecated, use preg_replace_callback instead E:\Dropbox\www\jkws_new\ThinkPHP\Lib\Template\ThinkTemplate.class.php 第 404 行.
NOTIC: [8192] preg_replace(): The /e modifier is deprecated, use preg_replace_callback instead E:\Dropbox\www\jkws_new\ThinkPHP\Lib\Template\ThinkTemplate.class.php 第 404 行.
NOTIC: [8192] preg_replace(): The /e modifier is deprecated, use preg_replace_callback instead E:\Dropbox\www\jkws_new\ThinkPHP\Lib\Template\ThinkTemplate.class.php 第 404 行.
NOTIC: [8192] preg_replace(): The /e modifier is deprecated, use preg_replace_callback instead E:\Dropbox\www\jkws_new\ThinkPHP\Lib\Template\ThinkTemplate.class.php 第 404 行.
NOTIC: [8192] preg_replace(): The /e modifier is deprecated, use preg_replace_callback instead E:\Dropbox\www\jkws_new\ThinkPHP\Lib\Template\ThinkTemplate.class.php 第 404 行.
NOTIC: [8192] preg_replace(): The /e modifier is deprecated, use preg_replace_callback instead E:\Dropbox\www\jkws_new\ThinkPHP\Lib\Template\ThinkTemplate.class.php 第 404 行.
NOTIC: [8192] preg_replace(): The /e modifier is deprecated, use preg_replace_callback instead E:\Dropbox\www\jkws_new\ThinkPHP\Lib\Template\ThinkTemplate.class.php 第 404 行.
NOTIC: [8192] preg_replace(): The /e modifier is deprecated, use preg_replace_callback instead E:\Dropbox\www\jkws_new\ThinkPHP\Lib\Template\ThinkTemplate.class.php 第 404 行.
NOTIC: [8192] preg_replace(): The /e modifier is deprecated, use preg_replace_callback instead E:\Dropbox\www\jkws_new\ThinkPHP\Lib\Template\ThinkTemplate.class.php 第 404 行.
NOTIC: [8192] preg_replace(): The /e modifier is deprecated, use preg_replace_callback instead E:\Dropbox\www\jkws_new\ThinkPHP\Lib\Template\TagLib.class.php 第 128 行.
NOTIC: [8192] preg_replace(): The /e modifier is deprecated, use preg_replace_callback instead E:\Dropbox\www\jkws_new\ThinkPHP\Lib\Template\ThinkTemplate.class.php 第 404 行.
NOTIC: [8192] preg_replace(): The /e modifier is deprecated, use preg_replace_callback instead E:\Dropbox\www\jkws_new\ThinkPHP\Lib\Template\ThinkTemplate.class.php 第 399 行.
NOTIC: [8192] preg_replace(): The /e modifier is deprecated, use preg_replace_callback instead E:\Dropbox\www\jkws_new\ThinkPHP\Lib\Template\ThinkTemplate.class.php 第 399 行.
NOTIC: [8192] preg_replace(): The /e modifier is deprecated, use preg_replace_callback instead E:\Dropbox\www\jkws_new\ThinkPHP\Lib\Template\ThinkTemplate.class.php 第 404 行.
NOTIC: [8192] preg_replace(): The /e modifier is deprecated, use preg_replace_callback instead E:\Dropbox\www\jkws_new\ThinkPHP\Lib\Template\ThinkTemplate.class.php 第 404 行.
NOTIC: [8192] preg_replace(): The /e modifier is deprecated, use preg_replace_callback instead E:\Dropbox\www\jkws_new\ThinkPHP\Lib\Template\ThinkTemplate.class.php 第 404 行.
NOTIC: [8192] preg_replace(): The /e modifier is deprecated, use preg_replace_callback instead E:\Dropbox\www\jkws_new\ThinkPHP\Lib\Template\ThinkTemplate.class.php 第 399 行.
NOTIC: [8192] preg_replace(): The /e modifier is deprecated, use preg_replace_callback instead E:\Dropbox\www\jkws_new\ThinkPHP\Lib\Template\ThinkTemplate.class.php 第 404 行.
NOTIC: [8192] preg_replace(): The /e modifier is deprecated, use preg_replace_callback instead E:\Dropbox\www\jkws_new\ThinkPHP\Lib\Template\ThinkTemplate.class.php 第 404 行.
NOTIC: [8192] preg_replace(): The /e modifier is deprecated, use preg_replace_callback instead E:\Dropbox\www\jkws_new\ThinkPHP\Lib\Template\ThinkTemplate.class.php 第 404 行.
NOTIC: [8192] preg_replace(): The /e modifier is deprecated, use preg_replace_callback instead E:\Dropbox\www\jkws_new\ThinkPHP\Lib\Template\ThinkTemplate.class.php 第 404 行.
NOTIC: [8192] preg_replace(): The /e modifier is deprecated, use preg_replace_callback instead E:\Dropbox\www\jkws_new\ThinkPHP\Lib\Template\ThinkTemplate.class.php 第 404 行.
NOTIC: [8192] preg_replace(): The /e modifier is deprecated, use preg_replace_callback instead E:\Dropbox\www\jkws_new\ThinkPHP\Lib\Template\ThinkTemplate.class.php 第 404 行.
NOTIC: [8192] preg_replace(): The /e modifier is deprecated, use preg_replace_callback instead E:\Dropbox\www\jkws_new\ThinkPHP\Lib\Template\ThinkTemplate.class.php 第 404 行.
NOTIC: [8192] preg_replace(): The /e modifier is deprecated, use preg_replace_callback instead E:\Dropbox\www\jkws_new\ThinkPHP\Lib\Template\ThinkTemplate.class.php 第 404 行.
NOTIC: [8192] preg_replace(): The /e modifier is deprecated, use preg_replace_callback instead E:\Dropbox\www\jkws_new\ThinkPHP\Lib\Template\ThinkTemplate.class.php 第 404 行.
NOTIC: [8192] preg_replace(): The /e modifier is deprecated, use preg_replace_callback instead E:\Dropbox\www\jkws_new\ThinkPHP\Lib\Template\ThinkTemplate.class.php 第 404 行.
NOTIC: [8192] preg_replace(): The /e modifier is deprecated, use preg_replace_callback instead E:\Dropbox\www\jkws_new\ThinkPHP\Lib\Template\ThinkTemplate.class.php 第 404 行.
NOTIC: [8192] preg_replace(): The /e modifier is deprecated, use preg_replace_callback instead E:\Dropbox\www\jkws_new\ThinkPHP\Lib\Template\ThinkTemplate.class.php 第 404 行.
NOTIC: [8192] preg_replace(): The /e modifier is deprecated, use preg_replace_callback instead E:\Dropbox\www\jkws_new\ThinkPHP\Lib\Template\ThinkTemplate.class.php 第 404 行.
NOTIC: [8192] preg_replace(): The /e modifier is deprecated, use preg_replace_callback instead E:\Dropbox\www\jkws_new\ThinkPHP\Lib\Template\ThinkTemplate.class.php 第 404 行.
NOTIC: [8192] preg_replace(): The /e modifier is deprecated, use preg_replace_callback instead E:\Dropbox\www\jkws_new\ThinkPHP\Lib\Template\ThinkTemplate.class.php 第 404 行.
NOTIC: [8192] preg_replace(): The /e modifier is deprecated, use preg_replace_callback instead E:\Dropbox\www\jkws_new\ThinkPHP\Lib\Template\ThinkTemplate.class.php 第 404 行.
NOTIC: [8192] preg_replace(): The /e modifier is deprecated, use preg_replace_callback instead E:\Dropbox\www\jkws_new\ThinkPHP\Lib\Template\ThinkTemplate.class.php 第 404 行.
NOTIC: [8192] preg_replace(): The /e modifier is deprecated, use preg_replace_callback instead E:\Dropbox\www\jkws_new\ThinkPHP\Lib\Template\ThinkTemplate.class.php 第 404 行.
NOTIC: [8192] preg_replace(): The /e modifier is deprecated, use preg_replace_callback instead E:\Dropbox\www\jkws_new\ThinkPHP\Lib\Template\ThinkTemplate.class.php 第 404 行.
NOTIC: [8192] preg_replace(): The /e modifier is deprecated, use preg_replace_callback instead E:\Dropbox\www\jkws_new\ThinkPHP\Lib\Template\ThinkTemplate.class.php 第 404 行.
NOTIC: [8192] preg_replace(): The /e modifier is deprecated, use preg_replace_callback instead E:\Dropbox\www\jkws_new\ThinkPHP\Lib\Template\ThinkTemplate.class.php 第 404 行.
NOTIC: [8192] preg_replace(): The /e modifier is deprecated, use preg_replace_callback instead E:\Dropbox\www\jkws_new\ThinkPHP\Lib\Template\ThinkTemplate.class.php 第 404 行.
NOTIC: [8192] preg_replace(): The /e modifier is deprecated, use preg_replace_callback instead E:\Dropbox\www\jkws_new\ThinkPHP\Lib\Template\ThinkTemplate.class.php 第 404 行.
NOTIC: [8192] preg_replace(): The /e modifier is deprecated, use preg_replace_callback instead E:\Dropbox\www\jkws_new\ThinkPHP\Lib\Template\ThinkTemplate.class.php 第 404 行.
NOTIC: [8192] preg_replace(): The /e modifier is deprecated, use preg_replace_callback instead E:\Dropbox\www\jkws_new\ThinkPHP\Lib\Template\ThinkTemplate.class.php 第 404 行.
NOTIC: [8192] preg_replace(): The /e modifier is deprecated, use preg_replace_callback instead E:\Dropbox\www\jkws_new\ThinkPHP\Lib\Template\ThinkTemplate.class.php 第 404 行.
NOTIC: [8192] preg_replace(): The /e modifier is deprecated, use preg_replace_callback instead E:\Dropbox\www\jkws_new\ThinkPHP\Lib\Template\ThinkTemplate.class.php 第 404 行.
NOTIC: [8192] preg_replace(): The /e modifier is deprecated, use preg_replace_callback instead E:\Dropbox\www\jkws_new\ThinkPHP\Lib\Template\ThinkTemplate.class.php 第 404 行.
NOTIC: [8192] preg_replace(): The /e modifier is deprecated, use preg_replace_callback instead E:\Dropbox\www\jkws_new\ThinkPHP\Lib\Template\ThinkTemplate.class.php 第 404 行.
NOTIC: [8192] preg_replace(): The /e modifier is deprecated, use preg_replace_callback instead E:\Dropbox\www\jkws_new\ThinkPHP\Lib\Template\ThinkTemplate.class.php 第 404 行.
NOTIC: [8192] preg_replace(): The /e modifier is deprecated, use preg_replace_callback instead E:\Dropbox\www\jkws_new\ThinkPHP\Lib\Template\ThinkTemplate.class.php 第 404 行.
NOTIC: [8192] preg_replace(): The /e modifier is deprecated, use preg_replace_callback instead E:\Dropbox\www\jkws_new\ThinkPHP\Lib\Template\ThinkTemplate.class.php 第 404 行.
NOTIC: [8192] preg_replace(): The /e modifier is deprecated, use preg_replace_callback instead E:\Dropbox\www\jkws_new\ThinkPHP\Lib\Template\ThinkTemplate.class.php 第 404 行.
NOTIC: [8192] preg_replace(): The /e modifier is deprecated, use preg_replace_callback instead E:\Dropbox\www\jkws_new\ThinkPHP\Lib\Template\ThinkTemplate.class.php 第 404 行.
NOTIC: [8192] preg_replace(): The /e modifier is deprecated, use preg_replace_callback instead E:\Dropbox\www\jkws_new\ThinkPHP\Lib\Template\ThinkTemplate.class.php 第 404 行.
NOTIC: [8192] preg_replace(): The /e modifier is deprecated, use preg_replace_callback instead E:\Dropbox\www\jkws_new\ThinkPHP\Lib\Template\ThinkTemplate.class.php 第 404 行.
NOTIC: [8192] preg_replace(): The /e modifier is deprecated, use preg_replace_callback instead E:\Dropbox\www\jkws_new\ThinkPHP\Lib\Template\ThinkTemplate.class.php 第 404 行.
NOTIC: [8192] preg_replace(): The /e modifier is deprecated, use preg_replace_callback instead E:\Dropbox\www\jkws_new\ThinkPHP\Lib\Template\ThinkTemplate.class.php 第 404 行.
NOTIC: [8192] preg_replace(): The /e modifier is deprecated, use preg_replace_callback instead E:\Dropbox\www\jkws_new\ThinkPHP\Lib\Template\ThinkTemplate.class.php 第 404 行.
NOTIC: [8192] preg_replace(): The /e modifier is deprecated, use preg_replace_callback instead E:\Dropbox\www\jkws_new\ThinkPHP\Lib\Template\ThinkTemplate.class.php 第 404 行.
NOTIC: [8192] preg_replace(): The /e modifier is deprecated, use preg_replace_callback instead E:\Dropbox\www\jkws_new\ThinkPHP\Lib\Template\ThinkTemplate.class.php 第 404 行.
NOTIC: [8192] preg_replace(): The /e modifier is deprecated, use preg_replace_callback instead E:\Dropbox\www\jkws_new\ThinkPHP\Lib\Template\ThinkTemplate.class.php 第 404 行.
NOTIC: [8192] preg_replace(): The /e modifier is deprecated, use preg_replace_callback instead E:\Dropbox\www\jkws_new\ThinkPHP\Lib\Template\ThinkTemplate.class.php 第 404 行.
NOTIC: [8192] preg_replace(): The /e modifier is deprecated, use preg_replace_callback instead E:\Dropbox\www\jkws_new\ThinkPHP\Lib\Template\ThinkTemplate.class.php 第 404 行.
NOTIC: [8192] preg_replace(): The /e modifier is deprecated, use preg_replace_callback instead E:\Dropbox\www\jkws_new\ThinkPHP\Lib\Template\ThinkTemplate.class.php 第 404 行.
NOTIC: [8192] preg_replace(): The /e modifier is deprecated, use preg_replace_callback instead E:\Dropbox\www\jkws_new\ThinkPHP\Lib\Template\ThinkTemplate.class.php 第 404 行.
NOTIC: [8192] preg_replace(): The /e modifier is deprecated, use preg_replace_callback instead E:\Dropbox\www\jkws_new\ThinkPHP\Lib\Template\ThinkTemplate.class.php 第 404 行.
NOTIC: [8192] preg_replace(): The /e modifier is deprecated, use preg_replace_callback instead E:\Dropbox\www\jkws_new\ThinkPHP\Lib\Template\ThinkTemplate.class.php 第 404 行.
NOTIC: [8192] preg_replace(): The /e modifier is deprecated, use preg_replace_callback instead E:\Dropbox\www\jkws_new\ThinkPHP\Lib\Template\ThinkTemplate.class.php 第 404 行.
NOTIC: [8192] preg_replace(): The /e modifier is deprecated, use preg_replace_callback instead E:\Dropbox\www\jkws_new\ThinkPHP\Lib\Template\ThinkTemplate.class.php 第 404 行.
NOTIC: [8192] preg_replace(): The /e modifier is deprecated, use preg_replace_callback instead E:\Dropbox\www\jkws_new\ThinkPHP\Lib\Template\ThinkTemplate.class.php 第 404 行.
NOTIC: [8192] preg_replace(): The /e modifier is deprecated, use preg_replace_callback instead E:\Dropbox\www\jkws_new\ThinkPHP\Lib\Template\ThinkTemplate.class.php 第 404 行.
NOTIC: [8192] preg_replace(): The /e modifier is deprecated, use preg_replace_callback instead E:\Dropbox\www\jkws_new\ThinkPHP\Lib\Template\ThinkTemplate.class.php 第 404 行.
NOTIC: [8192] preg_replace(): The /e modifier is deprecated, use preg_replace_callback instead E:\Dropbox\www\jkws_new\ThinkPHP\Lib\Template\ThinkTemplate.class.php 第 404 行.
NOTIC: [8192] preg_replace(): The /e modifier is deprecated, use preg_replace_callback instead E:\Dropbox\www\jkws_new\ThinkPHP\Lib\Template\ThinkTemplate.class.php 第 404 行.
NOTIC: [8192] preg_replace(): The /e modifier is deprecated, use preg_replace_callback instead E:\Dropbox\www\jkws_new\ThinkPHP\Lib\Template\ThinkTemplate.class.php 第 404 行.
NOTIC: [8192] preg_replace(): The /e modifier is deprecated, use preg_replace_callback instead E:\Dropbox\www\jkws_new\ThinkPHP\Lib\Template\ThinkTemplate.class.php 第 404 行.
NOTIC: [8192] preg_replace(): The /e modifier is deprecated, use preg_replace_callback instead E:\Dropbox\www\jkws_new\ThinkPHP\Lib\Template\ThinkTemplate.class.php 第 404 行.
NOTIC: [8192] preg_replace(): The /e modifier is deprecated, use preg_replace_callback instead E:\Dropbox\www\jkws_new\ThinkPHP\Lib\Template\ThinkTemplate.class.php 第 404 行.
NOTIC: [8192] preg_replace(): The /e modifier is deprecated, use preg_replace_callback instead E:\Dropbox\www\jkws_new\ThinkPHP\Lib\Template\ThinkTemplate.class.php 第 404 行.
NOTIC: [8192] preg_replace(): The /e modifier is deprecated, use preg_replace_callback instead E:\Dropbox\www\jkws_new\ThinkPHP\Lib\Template\ThinkTemplate.class.php 第 404 行.
NOTIC: [8192] preg_replace(): The /e modifier is deprecated, use preg_replace_callback instead E:\Dropbox\www\jkws_new\ThinkPHP\Lib\Template\ThinkTemplate.class.php 第 404 行.
NOTIC: [8192] preg_replace(): The /e modifier is deprecated, use preg_replace_callback instead E:\Dropbox\www\jkws_new\ThinkPHP\Lib\Template\ThinkTemplate.class.php 第 404 行.
NOTIC: [8192] preg_replace(): The /e modifier is deprecated, use preg_replace_callback instead E:\Dropbox\www\jkws_new\ThinkPHP\Lib\Template\ThinkTemplate.class.php 第 404 行.
NOTIC: [8192] preg_replace(): The /e modifier is deprecated, use preg_replace_callback instead E:\Dropbox\www\jkws_new\ThinkPHP\Lib\Template\ThinkTemplate.class.php 第 404 行.
NOTIC: [8192] preg_replace(): The /e modifier is deprecated, use preg_replace_callback instead E:\Dropbox\www\jkws_new\ThinkPHP\Lib\Template\ThinkTemplate.class.php 第 404 行.
NOTIC: [8192] preg_replace(): The /e modifier is deprecated, use preg_replace_callback instead E:\Dropbox\www\jkws_new\ThinkPHP\Lib\Template\ThinkTemplate.class.php 第 399 行.
NOTIC: [8192] preg_replace(): The /e modifier is deprecated, use preg_replace_callback instead E:\Dropbox\www\jkws_new\ThinkPHP\Lib\Template\ThinkTemplate.class.php 第 399 行.
NOTIC: [8192] preg_replace(): The /e modifier is deprecated, use preg_replace_callback instead E:\Dropbox\www\jkws_new\ThinkPHP\Lib\Template\ThinkTemplate.class.php 第 399 行.
NOTIC: [8192] preg_replace(): The /e modifier is deprecated, use preg_replace_callback instead E:\Dropbox\www\jkws_new\ThinkPHP\Lib\Template\ThinkTemplate.class.php 第 399 行.
NOTIC: [8192] preg_replace(): The /e modifier is deprecated, use preg_replace_callback instead E:\Dropbox\www\jkws_new\ThinkPHP\Lib\Template\ThinkTemplate.class.php 第 399 行.
NOTIC: [8192] preg_replace(): The /e modifier is deprecated, use preg_replace_callback instead E:\Dropbox\www\jkws_new\ThinkPHP\Lib\Template\ThinkTemplate.class.php 第 399 行.
NOTIC: [8192] preg_replace(): The /e modifier is deprecated, use preg_replace_callback instead E:\Dropbox\www\jkws_new\ThinkPHP\Lib\Template\ThinkTemplate.class.php 第 404 行.
NOTIC: [8192] preg_replace(): The /e modifier is deprecated, use preg_replace_callback instead E:\Dropbox\www\jkws_new\ThinkPHP\Lib\Template\ThinkTemplate.class.php 第 404 行.
NOTIC: [8192] preg_replace(): The /e modifier is deprecated, use preg_replace_callback instead E:\Dropbox\www\jkws_new\ThinkPHP\Lib\Template\ThinkTemplate.class.php 第 404 行.
NOTIC: [8192] preg_replace(): The /e modifier is deprecated, use preg_replace_callback instead E:\Dropbox\www\jkws_new\ThinkPHP\Lib\Template\ThinkTemplate.class.php 第 197 行.
NOTIC: [8192] preg_replace(): The /e modifier is deprecated, use preg_replace_callback instead E:\Dropbox\www\jkws_new\ThinkPHP\Lib\Template\ThinkTemplate.class.php 第 137 行.
INFO: ParseTemplate Behavior ::run [ RunTime:0.013943s ]
INFO: [ view_parse ] --END-- [ RunTime:0.014008s ]
INFO: [ view_filter ] --START--
INFO: ContentReplace Behavior ::run [ RunTime:0.000613s ]
INFO: TokenBuild Behavior ::run [ RunTime:0.000568s ]
INFO: WriteHtmlCache Behavior ::run [ RunTime:0.001057s ]
INFO: ShowRuntime Behavior ::run [ RunTime:0.000491s ]
INFO: [ view_filter ] --END-- [ RunTime:0.002849s ]
INFO: [ view_end ] --START--
INFO: ShowPageTrace Behavior ::run [ RunTime:0.000647s ]
INFO: [ view_end ] --END-- [ RunTime:0.000694s ]

[ 2014-10-21T14:11:12+08:00 ] 127.0.0.1 /work/getList.html
INFO: [ app_begin ] --START--
INFO: ReadHtmlCache Behavior ::run [ RunTime:0.000529s ]
INFO: [ app_begin ] --END-- [ RunTime:0.000605s ]
NOTIC: [8192] mysql_connect(): The mysql extension is deprecated and will be removed in the future: use mysqli or PDO instead E:\Dropbox\www\jkws_new\ThinkPHP\Lib\Driver\Db\DbMysql.class.php 第 55 行.
SQL: SHOW COLUMNS FROM `db_admin` [ RunTime:0.003265s ]
NOTIC: [8192] preg_replace(): The /e modifier is deprecated, use preg_replace_callback instead E:\Dropbox\www\jkws_new\ThinkPHP\Lib\Core\Db.class.php 第 604 行.
SQL: SELECT * FROM `db_admin` WHERE ( `id` = 1 ) LIMIT 1   [ RunTime:0.000313s ]
SQL: select * from select_admin_work [ RunTime:0.478782s ]

[ 2014-10-21T14:59:45+08:00 ] 127.0.0.1 /work/getRecord/id/1.html?start=2014-09-29&end=2014-11-10&_=1413874784739
INFO: [ app_begin ] --START--
INFO: ReadHtmlCache Behavior ::run [ RunTime:0.000606s ]
INFO: [ app_begin ] --END-- [ RunTime:0.000648s ]
NOTIC: [8192] mysql_connect(): The mysql extension is deprecated and will be removed in the future: use mysqli or PDO instead E:\Dropbox\www\jkws_new\ThinkPHP\Lib\Driver\Db\DbMysql.class.php 第 55 行.
SQL: SHOW COLUMNS FROM `db_admin` [ RunTime:0.003687s ]
NOTIC: [8192] preg_replace(): The /e modifier is deprecated, use preg_replace_callback instead E:\Dropbox\www\jkws_new\ThinkPHP\Lib\Core\Db.class.php 第 604 行.
SQL: SELECT * FROM `db_admin` WHERE ( `id` = 1 ) LIMIT 1   [ RunTime:0.000344s ]
SQL: select DATE_FORMAT(`addtime`, '%Y-%m-%d') as date,title,id from db_video where adminid = '1' and  DATE_FORMAT(`addtime`, '%Y-%m-%d') >= '2014-09-29'and DATE_FORMAT(`addtime`,'%Y-%m-%d') <= '2014-11-10' [ RunTime:0.015845s ]
SQL: select FROM_UNIXTIME(`time`, '%Y-%m-%d') as date ,title,id from db_news where adminid = '1' and  FROM_UNIXTIME(`time`, '%Y-%m-%d') >= '2014-09-29'and FROM_UNIXTIME(`time`,'%Y-%m-%d') <= '2014-11-10' [ RunTime:0.004960s ]
SQL: select DATE_FORMAT(`time`, '%Y-%m-%d') as date, name as title,id from db_picture where adminid = '1' and  DATE_FORMAT(`time`, '%Y-%m-%d') >= '2014-09-29'and DATE_FORMAT(`time`,'%Y-%m-%d') <= '2014-11-10' [ RunTime:0.000646s ]

[ 2014-10-21T14:59:50+08:00 ] 127.0.0.1 /work/getRecord/id/1.html?start=2014-10-27&end=2014-12-08&_=1413874784740
INFO: [ app_begin ] --START--
INFO: ReadHtmlCache Behavior ::run [ RunTime:0.000473s ]
INFO: [ app_begin ] --END-- [ RunTime:0.000510s ]
NOTIC: [8192] mysql_connect(): The mysql extension is deprecated and will be removed in the future: use mysqli or PDO instead E:\Dropbox\www\jkws_new\ThinkPHP\Lib\Driver\Db\DbMysql.class.php 第 55 行.
SQL: SHOW COLUMNS FROM `db_admin` [ RunTime:0.006436s ]
NOTIC: [8192] preg_replace(): The /e modifier is deprecated, use preg_replace_callback instead E:\Dropbox\www\jkws_new\ThinkPHP\Lib\Core\Db.class.php 第 604 行.
SQL: SELECT * FROM `db_admin` WHERE ( `id` = 1 ) LIMIT 1   [ RunTime:0.000683s ]
SQL: select DATE_FORMAT(`addtime`, '%Y-%m-%d') as date,title,id from db_video where adminid = '1' and  DATE_FORMAT(`addtime`, '%Y-%m-%d') >= '2014-10-27'and DATE_FORMAT(`addtime`,'%Y-%m-%d') <= '2014-12-08' [ RunTime:0.017674s ]
SQL: select FROM_UNIXTIME(`time`, '%Y-%m-%d') as date ,title,id from db_news where adminid = '1' and  FROM_UNIXTIME(`time`, '%Y-%m-%d') >= '2014-10-27'and FROM_UNIXTIME(`time`,'%Y-%m-%d') <= '2014-12-08' [ RunTime:0.005042s ]
SQL: select DATE_FORMAT(`time`, '%Y-%m-%d') as date, name as title,id from db_picture where adminid = '1' and  DATE_FORMAT(`time`, '%Y-%m-%d') >= '2014-10-27'and DATE_FORMAT(`time`,'%Y-%m-%d') <= '2014-12-08' [ RunTime:0.000609s ]

[ 2014-10-21T14:59:51+08:00 ] 127.0.0.1 /work/getRecord/id/1.html?start=2014-09-29&end=2014-11-10&_=1413874784741
INFO: [ app_begin ] --START--
INFO: ReadHtmlCache Behavior ::run [ RunTime:0.000476s ]
INFO: [ app_begin ] --END-- [ RunTime:0.000512s ]
NOTIC: [8192] mysql_connect(): The mysql extension is deprecated and will be removed in the future: use mysqli or PDO instead E:\Dropbox\www\jkws_new\ThinkPHP\Lib\Driver\Db\DbMysql.class.php 第 55 行.
SQL: SHOW COLUMNS FROM `db_admin` [ RunTime:0.003238s ]
NOTIC: [8192] preg_replace(): The /e modifier is deprecated, use preg_replace_callback instead E:\Dropbox\www\jkws_new\ThinkPHP\Lib\Core\Db.class.php 第 604 行.
SQL: SELECT * FROM `db_admin` WHERE ( `id` = 1 ) LIMIT 1   [ RunTime:0.000331s ]
SQL: select DATE_FORMAT(`addtime`, '%Y-%m-%d') as date,title,id from db_video where adminid = '1' and  DATE_FORMAT(`addtime`, '%Y-%m-%d') >= '2014-09-29'and DATE_FORMAT(`addtime`,'%Y-%m-%d') <= '2014-11-10' [ RunTime:0.011784s ]
SQL: select FROM_UNIXTIME(`time`, '%Y-%m-%d') as date ,title,id from db_news where adminid = '1' and  FROM_UNIXTIME(`time`, '%Y-%m-%d') >= '2014-09-29'and FROM_UNIXTIME(`time`,'%Y-%m-%d') <= '2014-11-10' [ RunTime:0.003842s ]
SQL: select DATE_FORMAT(`time`, '%Y-%m-%d') as date, name as title,id from db_picture where adminid = '1' and  DATE_FORMAT(`time`, '%Y-%m-%d') >= '2014-09-29'and DATE_FORMAT(`time`,'%Y-%m-%d') <= '2014-11-10' [ RunTime:0.000460s ]

[ 2014-10-21T14:59:51+08:00 ] 127.0.0.1 /work/getRecord/id/1.html?start=2014-09-01&end=2014-10-13&_=1413874784742
INFO: [ app_begin ] --START--
INFO: ReadHtmlCache Behavior ::run [ RunTime:0.000433s ]
INFO: [ app_begin ] --END-- [ RunTime:0.000470s ]
NOTIC: [8192] mysql_connect(): The mysql extension is deprecated and will be removed in the future: use mysqli or PDO instead E:\Dropbox\www\jkws_new\ThinkPHP\Lib\Driver\Db\DbMysql.class.php 第 55 行.
SQL: SHOW COLUMNS FROM `db_admin` [ RunTime:0.006414s ]
NOTIC: [8192] preg_replace(): The /e modifier is deprecated, use preg_replace_callback instead E:\Dropbox\www\jkws_new\ThinkPHP\Lib\Core\Db.class.php 第 604 行.
SQL: SELECT * FROM `db_admin` WHERE ( `id` = 1 ) LIMIT 1   [ RunTime:0.000694s ]
SQL: select DATE_FORMAT(`addtime`, '%Y-%m-%d') as date,title,id from db_video where adminid = '1' and  DATE_FORMAT(`addtime`, '%Y-%m-%d') >= '2014-09-01'and DATE_FORMAT(`addtime`,'%Y-%m-%d') <= '2014-10-13' [ RunTime:0.024748s ]
SQL: select FROM_UNIXTIME(`time`, '%Y-%m-%d') as date ,title,id from db_news where adminid = '1' and  FROM_UNIXTIME(`time`, '%Y-%m-%d') >= '2014-09-01'and FROM_UNIXTIME(`time`,'%Y-%m-%d') <= '2014-10-13' [ RunTime:0.004803s ]
SQL: select DATE_FORMAT(`time`, '%Y-%m-%d') as date, name as title,id from db_picture where adminid = '1' and  DATE_FORMAT(`time`, '%Y-%m-%d') >= '2014-09-01'and DATE_FORMAT(`time`,'%Y-%m-%d') <= '2014-10-13' [ RunTime:0.000588s ]

[ 2014-10-21T14:59:52+08:00 ] 127.0.0.1 /work/getRecord/id/1.html?start=2014-07-28&end=2014-09-08&_=1413874784743
INFO: [ app_begin ] --START--
INFO: ReadHtmlCache Behavior ::run [ RunTime:0.000446s ]
INFO: [ app_begin ] --END-- [ RunTime:0.000481s ]
NOTIC: [8192] mysql_connect(): The mysql extension is deprecated and will be removed in the future: use mysqli or PDO instead E:\Dropbox\www\jkws_new\ThinkPHP\Lib\Driver\Db\DbMysql.class.php 第 55 行.
SQL: SHOW COLUMNS FROM `db_admin` [ RunTime:0.006466s ]
NOTIC: [8192] preg_replace(): The /e modifier is deprecated, use preg_replace_callback instead E:\Dropbox\www\jkws_new\ThinkPHP\Lib\Core\Db.class.php 第 604 行.
SQL: SELECT * FROM `db_admin` WHERE ( `id` = 1 ) LIMIT 1   [ RunTime:0.000625s ]
SQL: select DATE_FORMAT(`addtime`, '%Y-%m-%d') as date,title,id from db_video where adminid = '1' and  DATE_FORMAT(`addtime`, '%Y-%m-%d') >= '2014-07-28'and DATE_FORMAT(`addtime`,'%Y-%m-%d') <= '2014-09-08' [ RunTime:0.018431s ]
SQL: select FROM_UNIXTIME(`time`, '%Y-%m-%d') as date ,title,id from db_news where adminid = '1' and  FROM_UNIXTIME(`time`, '%Y-%m-%d') >= '2014-07-28'and FROM_UNIXTIME(`time`,'%Y-%m-%d') <= '2014-09-08' [ RunTime:0.005041s ]
SQL: select DATE_FORMAT(`time`, '%Y-%m-%d') as date, name as title,id from db_picture where adminid = '1' and  DATE_FORMAT(`time`, '%Y-%m-%d') >= '2014-07-28'and DATE_FORMAT(`time`,'%Y-%m-%d') <= '2014-09-08' [ RunTime:0.000577s ]

[ 2014-10-21T14:59:55+08:00 ] 127.0.0.1 /work/getRecord/id/1.html?start=2014-09-01&end=2014-10-13&_=1413874784744
INFO: [ app_begin ] --START--
INFO: ReadHtmlCache Behavior ::run [ RunTime:0.000442s ]
INFO: [ app_begin ] --END-- [ RunTime:0.000477s ]
NOTIC: [8192] mysql_connect(): The mysql extension is deprecated and will be removed in the future: use mysqli or PDO instead E:\Dropbox\www\jkws_new\ThinkPHP\Lib\Driver\Db\DbMysql.class.php 第 55 行.
SQL: SHOW COLUMNS FROM `db_admin` [ RunTime:0.007543s ]
NOTIC: [8192] preg_replace(): The /e modifier is deprecated, use preg_replace_callback instead E:\Dropbox\www\jkws_new\ThinkPHP\Lib\Core\Db.class.php 第 604 行.
SQL: SELECT * FROM `db_admin` WHERE ( `id` = 1 ) LIMIT 1   [ RunTime:0.000769s ]
SQL: select DATE_FORMAT(`addtime`, '%Y-%m-%d') as date,title,id from db_video where adminid = '1' and  DATE_FORMAT(`addtime`, '%Y-%m-%d') >= '2014-09-01'and DATE_FORMAT(`addtime`,'%Y-%m-%d') <= '2014-10-13' [ RunTime:0.026961s ]
SQL: select FROM_UNIXTIME(`time`, '%Y-%m-%d') as date ,title,id from db_news where adminid = '1' and  FROM_UNIXTIME(`time`, '%Y-%m-%d') >= '2014-09-01'and FROM_UNIXTIME(`time`,'%Y-%m-%d') <= '2014-10-13' [ RunTime:0.004187s ]
SQL: select DATE_FORMAT(`time`, '%Y-%m-%d') as date, name as title,id from db_picture where adminid = '1' and  DATE_FORMAT(`time`, '%Y-%m-%d') >= '2014-09-01'and DATE_FORMAT(`time`,'%Y-%m-%d') <= '2014-10-13' [ RunTime:0.000532s ]

[ 2014-10-21T14:59:57+08:00 ] 127.0.0.1 /work/getRecord/id/1.html?start=2014-07-28&end=2014-09-08&_=1413874784745
INFO: [ app_begin ] --START--
INFO: ReadHtmlCache Behavior ::run [ RunTime:0.000440s ]
INFO: [ app_begin ] --END-- [ RunTime:0.000476s ]
NOTIC: [8192] mysql_connect(): The mysql extension is deprecated and will be removed in the future: use mysqli or PDO instead E:\Dropbox\www\jkws_new\ThinkPHP\Lib\Driver\Db\DbMysql.class.php 第 55 行.
SQL: SHOW COLUMNS FROM `db_admin` [ RunTime:0.008118s ]
NOTIC: [8192] preg_replace(): The /e modifier is deprecated, use preg_replace_callback instead E:\Dropbox\www\jkws_new\ThinkPHP\Lib\Core\Db.class.php 第 604 行.
SQL: SELECT * FROM `db_admin` WHERE ( `id` = 1 ) LIMIT 1   [ RunTime:0.000683s ]
SQL: select DATE_FORMAT(`addtime`, '%Y-%m-%d') as date,title,id from db_video where adminid = '1' and  DATE_FORMAT(`addtime`, '%Y-%m-%d') >= '2014-07-28'and DATE_FORMAT(`addtime`,'%Y-%m-%d') <= '2014-09-08' [ RunTime:0.023219s ]
SQL: select FROM_UNIXTIME(`time`, '%Y-%m-%d') as date ,title,id from db_news where adminid = '1' and  FROM_UNIXTIME(`time`, '%Y-%m-%d') >= '2014-07-28'and FROM_UNIXTIME(`time`,'%Y-%m-%d') <= '2014-09-08' [ RunTime:0.004215s ]
SQL: select DATE_FORMAT(`time`, '%Y-%m-%d') as date, name as title,id from db_picture where adminid = '1' and  DATE_FORMAT(`time`, '%Y-%m-%d') >= '2014-07-28'and DATE_FORMAT(`time`,'%Y-%m-%d') <= '2014-09-08' [ RunTime:0.000493s ]

[ 2014-10-21T15:00:07+08:00 ] 127.0.0.1 /work/getRecord/id/1.html?start=2014-06-30&end=2014-08-11&_=1413874784746
INFO: [ app_begin ] --START--
INFO: ReadHtmlCache Behavior ::run [ RunTime:0.000480s ]
INFO: [ app_begin ] --END-- [ RunTime:0.000515s ]
NOTIC: [8192] mysql_connect(): The mysql extension is deprecated and will be removed in the future: use mysqli or PDO instead E:\Dropbox\www\jkws_new\ThinkPHP\Lib\Driver\Db\DbMysql.class.php 第 55 行.
SQL: SHOW COLUMNS FROM `db_admin` [ RunTime:0.004058s ]
NOTIC: [8192] preg_replace(): The /e modifier is deprecated, use preg_replace_callback instead E:\Dropbox\www\jkws_new\ThinkPHP\Lib\Core\Db.class.php 第 604 行.
SQL: SELECT * FROM `db_admin` WHERE ( `id` = 1 ) LIMIT 1   [ RunTime:0.000403s ]
SQL: select DATE_FORMAT(`addtime`, '%Y-%m-%d') as date,title,id from db_video where adminid = '1' and  DATE_FORMAT(`addtime`, '%Y-%m-%d') >= '2014-06-30'and DATE_FORMAT(`addtime`,'%Y-%m-%d') <= '2014-08-11' [ RunTime:0.016672s ]
SQL: select FROM_UNIXTIME(`time`, '%Y-%m-%d') as date ,title,id from db_news where adminid = '1' and  FROM_UNIXTIME(`time`, '%Y-%m-%d') >= '2014-06-30'and FROM_UNIXTIME(`time`,'%Y-%m-%d') <= '2014-08-11' [ RunTime:0.005363s ]
SQL: select DATE_FORMAT(`time`, '%Y-%m-%d') as date, name as title,id from db_picture where adminid = '1' and  DATE_FORMAT(`time`, '%Y-%m-%d') >= '2014-06-30'and DATE_FORMAT(`time`,'%Y-%m-%d') <= '2014-08-11' [ RunTime:0.000637s ]

[ 2014-10-21T15:00:18+08:00 ] 127.0.0.1 /work/getRecord/id/1.html?start=2014-05-26&end=2014-07-07&_=1413874784747
INFO: [ app_begin ] --START--
INFO: ReadHtmlCache Behavior ::run [ RunTime:0.000449s ]
INFO: [ app_begin ] --END-- [ RunTime:0.000484s ]
NOTIC: [8192] mysql_connect(): The mysql extension is deprecated and will be removed in the future: use mysqli or PDO instead E:\Dropbox\www\jkws_new\ThinkPHP\Lib\Driver\Db\DbMysql.class.php 第 55 行.
SQL: SHOW COLUMNS FROM `db_admin` [ RunTime:0.003239s ]
NOTIC: [8192] preg_replace(): The /e modifier is deprecated, use preg_replace_callback instead E:\Dropbox\www\jkws_new\ThinkPHP\Lib\Core\Db.class.php 第 604 行.
SQL: SELECT * FROM `db_admin` WHERE ( `id` = 1 ) LIMIT 1   [ RunTime:0.000312s ]
SQL: select DATE_FORMAT(`addtime`, '%Y-%m-%d') as date,title,id from db_video where adminid = '1' and  DATE_FORMAT(`addtime`, '%Y-%m-%d') >= '2014-05-26'and DATE_FORMAT(`addtime`,'%Y-%m-%d') <= '2014-07-07' [ RunTime:0.012129s ]
SQL: select FROM_UNIXTIME(`time`, '%Y-%m-%d') as date ,title,id from db_news where adminid = '1' and  FROM_UNIXTIME(`time`, '%Y-%m-%d') >= '2014-05-26'and FROM_UNIXTIME(`time`,'%Y-%m-%d') <= '2014-07-07' [ RunTime:0.003965s ]
SQL: select DATE_FORMAT(`time`, '%Y-%m-%d') as date, name as title,id from db_picture where adminid = '1' and  DATE_FORMAT(`time`, '%Y-%m-%d') >= '2014-05-26'and DATE_FORMAT(`time`,'%Y-%m-%d') <= '2014-07-07' [ RunTime:0.000470s ]

[ 2014-10-21T15:00:19+08:00 ] 127.0.0.1 /work/getRecord/id/1.html?start=2014-04-28&end=2014-06-09&_=1413874784748
INFO: [ app_begin ] --START--
INFO: ReadHtmlCache Behavior ::run [ RunTime:0.000598s ]
INFO: [ app_begin ] --END-- [ RunTime:0.000633s ]
NOTIC: [8192] mysql_connect(): The mysql extension is deprecated and will be removed in the future: use mysqli or PDO instead E:\Dropbox\www\jkws_new\ThinkPHP\Lib\Driver\Db\DbMysql.class.php 第 55 行.
SQL: SHOW COLUMNS FROM `db_admin` [ RunTime:0.003353s ]
NOTIC: [8192] preg_replace(): The /e modifier is deprecated, use preg_replace_callback instead E:\Dropbox\www\jkws_new\ThinkPHP\Lib\Core\Db.class.php 第 604 行.
SQL: SELECT * FROM `db_admin` WHERE ( `id` = 1 ) LIMIT 1   [ RunTime:0.000334s ]
SQL: select DATE_FORMAT(`addtime`, '%Y-%m-%d') as date,title,id from db_video where adminid = '1' and  DATE_FORMAT(`addtime`, '%Y-%m-%d') >= '2014-04-28'and DATE_FORMAT(`addtime`,'%Y-%m-%d') <= '2014-06-09' [ RunTime:0.013084s ]
SQL: select FROM_UNIXTIME(`time`, '%Y-%m-%d') as date ,title,id from db_news where adminid = '1' and  FROM_UNIXTIME(`time`, '%Y-%m-%d') >= '2014-04-28'and FROM_UNIXTIME(`time`,'%Y-%m-%d') <= '2014-06-09' [ RunTime:0.003889s ]
SQL: select DATE_FORMAT(`time`, '%Y-%m-%d') as date, name as title,id from db_picture where adminid = '1' and  DATE_FORMAT(`time`, '%Y-%m-%d') >= '2014-04-28'and DATE_FORMAT(`time`,'%Y-%m-%d') <= '2014-06-09' [ RunTime:0.000461s ]

[ 2014-10-21T15:00:20+08:00 ] 127.0.0.1 /work/getRecord/id/1.html?start=2014-03-31&end=2014-05-12&_=1413874784749
INFO: [ app_begin ] --START--
INFO: ReadHtmlCache Behavior ::run [ RunTime:0.000425s ]
INFO: [ app_begin ] --END-- [ RunTime:0.000460s ]
NOTIC: [8192] mysql_connect(): The mysql extension is deprecated and will be removed in the future: use mysqli or PDO instead E:\Dropbox\www\jkws_new\ThinkPHP\Lib\Driver\Db\DbMysql.class.php 第 55 行.
SQL: SHOW COLUMNS FROM `db_admin` [ RunTime:0.003513s ]
NOTIC: [8192] preg_replace(): The /e modifier is deprecated, use preg_replace_callback instead E:\Dropbox\www\jkws_new\ThinkPHP\Lib\Core\Db.class.php 第 604 行.
SQL: SELECT * FROM `db_admin` WHERE ( `id` = 1 ) LIMIT 1   [ RunTime:0.000372s ]
SQL: select DATE_FORMAT(`addtime`, '%Y-%m-%d') as date,title,id from db_video where adminid = '1' and  DATE_FORMAT(`addtime`, '%Y-%m-%d') >= '2014-03-31'and DATE_FORMAT(`addtime`,'%Y-%m-%d') <= '2014-05-12' [ RunTime:0.012112s ]
SQL: select FROM_UNIXTIME(`time`, '%Y-%m-%d') as date ,title,id from db_news where adminid = '1' and  FROM_UNIXTIME(`time`, '%Y-%m-%d') >= '2014-03-31'and FROM_UNIXTIME(`time`,'%Y-%m-%d') <= '2014-05-12' [ RunTime:0.003810s ]
SQL: select DATE_FORMAT(`time`, '%Y-%m-%d') as date, name as title,id from db_picture where adminid = '1' and  DATE_FORMAT(`time`, '%Y-%m-%d') >= '2014-03-31'and DATE_FORMAT(`time`,'%Y-%m-%d') <= '2014-05-12' [ RunTime:0.000581s ]

[ 2014-10-21T15:00:20+08:00 ] 127.0.0.1 /work/getRecord/id/1.html?start=2014-02-24&end=2014-04-07&_=1413874784750
INFO: [ app_begin ] --START--
INFO: ReadHtmlCache Behavior ::run [ RunTime:0.000421s ]
INFO: [ app_begin ] --END-- [ RunTime:0.000454s ]
NOTIC: [8192] mysql_connect(): The mysql extension is deprecated and will be removed in the future: use mysqli or PDO instead E:\Dropbox\www\jkws_new\ThinkPHP\Lib\Driver\Db\DbMysql.class.php 第 55 行.
SQL: SHOW COLUMNS FROM `db_admin` [ RunTime:0.003290s ]
NOTIC: [8192] preg_replace(): The /e modifier is deprecated, use preg_replace_callback instead E:\Dropbox\www\jkws_new\ThinkPHP\Lib\Core\Db.class.php 第 604 行.
SQL: SELECT * FROM `db_admin` WHERE ( `id` = 1 ) LIMIT 1   [ RunTime:0.000301s ]
SQL: select DATE_FORMAT(`addtime`, '%Y-%m-%d') as date,title,id from db_video where adminid = '1' and  DATE_FORMAT(`addtime`, '%Y-%m-%d') >= '2014-02-24'and DATE_FORMAT(`addtime`,'%Y-%m-%d') <= '2014-04-07' [ RunTime:0.012352s ]
SQL: select FROM_UNIXTIME(`time`, '%Y-%m-%d') as date ,title,id from db_news where adminid = '1' and  FROM_UNIXTIME(`time`, '%Y-%m-%d') >= '2014-02-24'and FROM_UNIXTIME(`time`,'%Y-%m-%d') <= '2014-04-07' [ RunTime:0.004144s ]
SQL: select DATE_FORMAT(`time`, '%Y-%m-%d') as date, name as title,id from db_picture where adminid = '1' and  DATE_FORMAT(`time`, '%Y-%m-%d') >= '2014-02-24'and DATE_FORMAT(`time`,'%Y-%m-%d') <= '2014-04-07' [ RunTime:0.000487s ]

[ 2014-10-21T15:00:21+08:00 ] 127.0.0.1 /work/getRecord/id/1.html?start=2014-01-27&end=2014-03-10&_=1413874784751
INFO: [ app_begin ] --START--
INFO: ReadHtmlCache Behavior ::run [ RunTime:0.000572s ]
INFO: [ app_begin ] --END-- [ RunTime:0.000608s ]
NOTIC: [8192] mysql_connect(): The mysql extension is deprecated and will be removed in the future: use mysqli or PDO instead E:\Dropbox\www\jkws_new\ThinkPHP\Lib\Driver\Db\DbMysql.class.php 第 55 行.
SQL: SHOW COLUMNS FROM `db_admin` [ RunTime:0.003433s ]
NOTIC: [8192] preg_replace(): The /e modifier is deprecated, use preg_replace_callback instead E:\Dropbox\www\jkws_new\ThinkPHP\Lib\Core\Db.class.php 第 604 行.
SQL: SELECT * FROM `db_admin` WHERE ( `id` = 1 ) LIMIT 1   [ RunTime:0.000401s ]
SQL: select DATE_FORMAT(`addtime`, '%Y-%m-%d') as date,title,id from db_video where adminid = '1' and  DATE_FORMAT(`addtime`, '%Y-%m-%d') >= '2014-01-27'and DATE_FORMAT(`addtime`,'%Y-%m-%d') <= '2014-03-10' [ RunTime:0.012866s ]
SQL: select FROM_UNIXTIME(`time`, '%Y-%m-%d') as date ,title,id from db_news where adminid = '1' and  FROM_UNIXTIME(`time`, '%Y-%m-%d') >= '2014-01-27'and FROM_UNIXTIME(`time`,'%Y-%m-%d') <= '2014-03-10' [ RunTime:0.004166s ]
SQL: select DATE_FORMAT(`time`, '%Y-%m-%d') as date, name as title,id from db_picture where adminid = '1' and  DATE_FORMAT(`time`, '%Y-%m-%d') >= '2014-01-27'and DATE_FORMAT(`time`,'%Y-%m-%d') <= '2014-03-10' [ RunTime:0.000572s ]

[ 2014-10-21T15:00:22+08:00 ] 127.0.0.1 /work/getRecord/id/1.html?start=2013-12-30&end=2014-02-10&_=1413874784752
INFO: [ app_begin ] --START--
INFO: ReadHtmlCache Behavior ::run [ RunTime:0.000830s ]
INFO: [ app_begin ] --END-- [ RunTime:0.000869s ]
NOTIC: [8192] mysql_connect(): The mysql extension is deprecated and will be removed in the future: use mysqli or PDO instead E:\Dropbox\www\jkws_new\ThinkPHP\Lib\Driver\Db\DbMysql.class.php 第 55 行.
SQL: SHOW COLUMNS FROM `db_admin` [ RunTime:0.006813s ]
NOTIC: [8192] preg_replace(): The /e modifier is deprecated, use preg_replace_callback instead E:\Dropbox\www\jkws_new\ThinkPHP\Lib\Core\Db.class.php 第 604 行.
SQL: SELECT * FROM `db_admin` WHERE ( `id` = 1 ) LIMIT 1   [ RunTime:0.000700s ]
SQL: select DATE_FORMAT(`addtime`, '%Y-%m-%d') as date,title,id from db_video where adminid = '1' and  DATE_FORMAT(`addtime`, '%Y-%m-%d') >= '2013-12-30'and DATE_FORMAT(`addtime`,'%Y-%m-%d') <= '2014-02-10' [ RunTime:0.024355s ]
SQL: select FROM_UNIXTIME(`time`, '%Y-%m-%d') as date ,title,id from db_news where adminid = '1' and  FROM_UNIXTIME(`time`, '%Y-%m-%d') >= '2013-12-30'and FROM_UNIXTIME(`time`,'%Y-%m-%d') <= '2014-02-10' [ RunTime:0.003797s ]
SQL: select DATE_FORMAT(`time`, '%Y-%m-%d') as date, name as title,id from db_picture where adminid = '1' and  DATE_FORMAT(`time`, '%Y-%m-%d') >= '2013-12-30'and DATE_FORMAT(`time`,'%Y-%m-%d') <= '2014-02-10' [ RunTime:0.000448s ]

[ 2014-10-21T15:00:23+08:00 ] 127.0.0.1 /work/getRecord/id/1.html?start=2013-11-25&end=2014-01-06&_=1413874784753
INFO: [ app_begin ] --START--
INFO: ReadHtmlCache Behavior ::run [ RunTime:0.000621s ]
INFO: [ app_begin ] --END-- [ RunTime:0.000657s ]
NOTIC: [8192] mysql_connect(): The mysql extension is deprecated and will be removed in the future: use mysqli or PDO instead E:\Dropbox\www\jkws_new\ThinkPHP\Lib\Driver\Db\DbMysql.class.php 第 55 行.
SQL: SHOW COLUMNS FROM `db_admin` [ RunTime:0.004241s ]
NOTIC: [8192] preg_replace(): The /e modifier is deprecated, use preg_replace_callback instead E:\Dropbox\www\jkws_new\ThinkPHP\Lib\Core\Db.class.php 第 604 行.
SQL: SELECT * FROM `db_admin` WHERE ( `id` = 1 ) LIMIT 1   [ RunTime:0.000465s ]
SQL: select DATE_FORMAT(`addtime`, '%Y-%m-%d') as date,title,id from db_video where adminid = '1' and  DATE_FORMAT(`addtime`, '%Y-%m-%d') >= '2013-11-25'and DATE_FORMAT(`addtime`,'%Y-%m-%d') <= '2014-01-06' [ RunTime:0.015551s ]
SQL: select FROM_UNIXTIME(`time`, '%Y-%m-%d') as date ,title,id from db_news where adminid = '1' and  FROM_UNIXTIME(`time`, '%Y-%m-%d') >= '2013-11-25'and FROM_UNIXTIME(`time`,'%Y-%m-%d') <= '2014-01-06' [ RunTime:0.004857s ]
SQL: select DATE_FORMAT(`time`, '%Y-%m-%d') as date, name as title,id from db_picture where adminid = '1' and  DATE_FORMAT(`time`, '%Y-%m-%d') >= '2013-11-25'and DATE_FORMAT(`time`,'%Y-%m-%d') <= '2014-01-06' [ RunTime:0.000593s ]

[ 2014-10-21T15:00:24+08:00 ] 127.0.0.1 /work/getRecord/id/1.html?start=2013-10-28&end=2013-12-09&_=1413874784754
INFO: [ app_begin ] --START--
INFO: ReadHtmlCache Behavior ::run [ RunTime:0.000488s ]
INFO: [ app_begin ] --END-- [ RunTime:0.000527s ]
NOTIC: [8192] mysql_connect(): The mysql extension is deprecated and will be removed in the future: use mysqli or PDO instead E:\Dropbox\www\jkws_new\ThinkPHP\Lib\Driver\Db\DbMysql.class.php 第 55 行.
SQL: SHOW COLUMNS FROM `db_admin` [ RunTime:0.003740s ]
NOTIC: [8192] preg_replace(): The /e modifier is deprecated, use preg_replace_callback instead E:\Dropbox\www\jkws_new\ThinkPHP\Lib\Core\Db.class.php 第 604 行.
SQL: SELECT * FROM `db_admin` WHERE ( `id` = 1 ) LIMIT 1   [ RunTime:0.000481s ]
SQL: select DATE_FORMAT(`addtime`, '%Y-%m-%d') as date,title,id from db_video where adminid = '1' and  DATE_FORMAT(`addtime`, '%Y-%m-%d') >= '2013-10-28'and DATE_FORMAT(`addtime`,'%Y-%m-%d') <= '2013-12-09' [ RunTime:0.015726s ]
SQL: select FROM_UNIXTIME(`time`, '%Y-%m-%d') as date ,title,id from db_news where adminid = '1' and  FROM_UNIXTIME(`time`, '%Y-%m-%d') >= '2013-10-28'and FROM_UNIXTIME(`time`,'%Y-%m-%d') <= '2013-12-09' [ RunTime:0.004916s ]
SQL: select DATE_FORMAT(`time`, '%Y-%m-%d') as date, name as title,id from db_picture where adminid = '1' and  DATE_FORMAT(`time`, '%Y-%m-%d') >= '2013-10-28'and DATE_FORMAT(`time`,'%Y-%m-%d') <= '2013-12-09' [ RunTime:0.000591s ]

[ 2014-10-21T15:00:24+08:00 ] 127.0.0.1 /work/getRecord/id/1.html?start=2013-09-30&end=2013-11-11&_=1413874784755
INFO: [ app_begin ] --START--
INFO: ReadHtmlCache Behavior ::run [ RunTime:0.000623s ]
INFO: [ app_begin ] --END-- [ RunTime:0.000687s ]
NOTIC: [8192] mysql_connect(): The mysql extension is deprecated and will be removed in the future: use mysqli or PDO instead E:\Dropbox\www\jkws_new\ThinkPHP\Lib\Driver\Db\DbMysql.class.php 第 55 行.
SQL: SHOW COLUMNS FROM `db_admin` [ RunTime:0.006396s ]
NOTIC: [8192] preg_replace(): The /e modifier is deprecated, use preg_replace_callback instead E:\Dropbox\www\jkws_new\ThinkPHP\Lib\Core\Db.class.php 第 604 行.
SQL: SELECT * FROM `db_admin` WHERE ( `id` = 1 ) LIMIT 1   [ RunTime:0.000642s ]
SQL: select DATE_FORMAT(`addtime`, '%Y-%m-%d') as date,title,id from db_video where adminid = '1' and  DATE_FORMAT(`addtime`, '%Y-%m-%d') >= '2013-09-30'and DATE_FORMAT(`addtime`,'%Y-%m-%d') <= '2013-11-11' [ RunTime:0.016534s ]
SQL: select FROM_UNIXTIME(`time`, '%Y-%m-%d') as date ,title,id from db_news where adminid = '1' and  FROM_UNIXTIME(`time`, '%Y-%m-%d') >= '2013-09-30'and FROM_UNIXTIME(`time`,'%Y-%m-%d') <= '2013-11-11' [ RunTime:0.004717s ]
SQL: select DATE_FORMAT(`time`, '%Y-%m-%d') as date, name as title,id from db_picture where adminid = '1' and  DATE_FORMAT(`time`, '%Y-%m-%d') >= '2013-09-30'and DATE_FORMAT(`time`,'%Y-%m-%d') <= '2013-11-11' [ RunTime:0.000532s ]

[ 2014-10-21T15:00:26+08:00 ] 127.0.0.1 /work/getRecord/id/1.html?start=2013-08-26&end=2013-10-07&_=1413874784756
INFO: [ app_begin ] --START--
INFO: ReadHtmlCache Behavior ::run [ RunTime:0.000506s ]
INFO: [ app_begin ] --END-- [ RunTime:0.000544s ]
NOTIC: [8192] mysql_connect(): The mysql extension is deprecated and will be removed in the future: use mysqli or PDO instead E:\Dropbox\www\jkws_new\ThinkPHP\Lib\Driver\Db\DbMysql.class.php 第 55 行.
SQL: SHOW COLUMNS FROM `db_admin` [ RunTime:0.031541s ]
NOTIC: [8192] preg_replace(): The /e modifier is deprecated, use preg_replace_callback instead E:\Dropbox\www\jkws_new\ThinkPHP\Lib\Core\Db.class.php 第 604 行.
SQL: SELECT * FROM `db_admin` WHERE ( `id` = 1 ) LIMIT 1   [ RunTime:0.000429s ]
SQL: select DATE_FORMAT(`addtime`, '%Y-%m-%d') as date,title,id from db_video where adminid = '1' and  DATE_FORMAT(`addtime`, '%Y-%m-%d') >= '2013-08-26'and DATE_FORMAT(`addtime`,'%Y-%m-%d') <= '2013-10-07' [ RunTime:0.015350s ]
SQL: select FROM_UNIXTIME(`time`, '%Y-%m-%d') as date ,title,id from db_news where adminid = '1' and  FROM_UNIXTIME(`time`, '%Y-%m-%d') >= '2013-08-26'and FROM_UNIXTIME(`time`,'%Y-%m-%d') <= '2013-10-07' [ RunTime:0.003821s ]
SQL: select DATE_FORMAT(`time`, '%Y-%m-%d') as date, name as title,id from db_picture where adminid = '1' and  DATE_FORMAT(`time`, '%Y-%m-%d') >= '2013-08-26'and DATE_FORMAT(`time`,'%Y-%m-%d') <= '2013-10-07' [ RunTime:0.000459s ]

[ 2014-10-21T15:00:27+08:00 ] 127.0.0.1 /work/getRecord/id/1.html?start=2013-07-29&end=2013-09-09&_=1413874784757
INFO: [ app_begin ] --START--
INFO: ReadHtmlCache Behavior ::run [ RunTime:0.000446s ]
INFO: [ app_begin ] --END-- [ RunTime:0.000554s ]
NOTIC: [8192] mysql_connect(): The mysql extension is deprecated and will be removed in the future: use mysqli or PDO instead E:\Dropbox\www\jkws_new\ThinkPHP\Lib\Driver\Db\DbMysql.class.php 第 55 行.
SQL: SHOW COLUMNS FROM `db_admin` [ RunTime:0.004023s ]
NOTIC: [8192] preg_replace(): The /e modifier is deprecated, use preg_replace_callback instead E:\Dropbox\www\jkws_new\ThinkPHP\Lib\Core\Db.class.php 第 604 行.
SQL: SELECT * FROM `db_admin` WHERE ( `id` = 1 ) LIMIT 1   [ RunTime:0.000436s ]
SQL: select DATE_FORMAT(`addtime`, '%Y-%m-%d') as date,title,id from db_video where adminid = '1' and  DATE_FORMAT(`addtime`, '%Y-%m-%d') >= '2013-07-29'and DATE_FORMAT(`addtime`,'%Y-%m-%d') <= '2013-09-09' [ RunTime:0.016689s ]
SQL: select FROM_UNIXTIME(`time`, '%Y-%m-%d') as date ,title,id from db_news where adminid = '1' and  FROM_UNIXTIME(`time`, '%Y-%m-%d') >= '2013-07-29'and FROM_UNIXTIME(`time`,'%Y-%m-%d') <= '2013-09-09' [ RunTime:0.005209s ]
SQL: select DATE_FORMAT(`time`, '%Y-%m-%d') as date, name as title,id from db_picture where adminid = '1' and  DATE_FORMAT(`time`, '%Y-%m-%d') >= '2013-07-29'and DATE_FORMAT(`time`,'%Y-%m-%d') <= '2013-09-09' [ RunTime:0.000628s ]

[ 2014-10-21T15:00:27+08:00 ] 127.0.0.1 /work/getRecord/id/1.html?start=2013-07-01&end=2013-08-12&_=1413874784758
INFO: [ app_begin ] --START--
INFO: ReadHtmlCache Behavior ::run [ RunTime:0.000752s ]
INFO: [ app_begin ] --END-- [ RunTime:0.000787s ]
NOTIC: [8192] mysql_connect(): The mysql extension is deprecated and will be removed in the future: use mysqli or PDO instead E:\Dropbox\www\jkws_new\ThinkPHP\Lib\Driver\Db\DbMysql.class.php 第 55 行.
SQL: SHOW COLUMNS FROM `db_admin` [ RunTime:0.006426s ]
NOTIC: [8192] preg_replace(): The /e modifier is deprecated, use preg_replace_callback instead E:\Dropbox\www\jkws_new\ThinkPHP\Lib\Core\Db.class.php 第 604 行.
SQL: SELECT * FROM `db_admin` WHERE ( `id` = 1 ) LIMIT 1   [ RunTime:0.000717s ]
SQL: select DATE_FORMAT(`addtime`, '%Y-%m-%d') as date,title,id from db_video where adminid = '1' and  DATE_FORMAT(`addtime`, '%Y-%m-%d') >= '2013-07-01'and DATE_FORMAT(`addtime`,'%Y-%m-%d') <= '2013-08-12' [ RunTime:0.024496s ]
SQL: select FROM_UNIXTIME(`time`, '%Y-%m-%d') as date ,title,id from db_news where adminid = '1' and  FROM_UNIXTIME(`time`, '%Y-%m-%d') >= '2013-07-01'and FROM_UNIXTIME(`time`,'%Y-%m-%d') <= '2013-08-12' [ RunTime:0.004590s ]
SQL: select DATE_FORMAT(`time`, '%Y-%m-%d') as date, name as title,id from db_picture where adminid = '1' and  DATE_FORMAT(`time`, '%Y-%m-%d') >= '2013-07-01'and DATE_FORMAT(`time`,'%Y-%m-%d') <= '2013-08-12' [ RunTime:0.000566s ]

[ 2014-10-21T15:00:28+08:00 ] 127.0.0.1 /work/getRecord/id/1.html?start=2013-05-27&end=2013-07-08&_=1413874784759
INFO: [ app_begin ] --START--
INFO: ReadHtmlCache Behavior ::run [ RunTime:0.000434s ]
INFO: [ app_begin ] --END-- [ RunTime:0.000467s ]
NOTIC: [8192] mysql_connect(): The mysql extension is deprecated and will be removed in the future: use mysqli or PDO instead E:\Dropbox\www\jkws_new\ThinkPHP\Lib\Driver\Db\DbMysql.class.php 第 55 行.
SQL: SHOW COLUMNS FROM `db_admin` [ RunTime:0.003065s ]
NOTIC: [8192] preg_replace(): The /e modifier is deprecated, use preg_replace_callback instead E:\Dropbox\www\jkws_new\ThinkPHP\Lib\Core\Db.class.php 第 604 行.
SQL: SELECT * FROM `db_admin` WHERE ( `id` = 1 ) LIMIT 1   [ RunTime:0.000271s ]
SQL: select DATE_FORMAT(`addtime`, '%Y-%m-%d') as date,title,id from db_video where adminid = '1' and  DATE_FORMAT(`addtime`, '%Y-%m-%d') >= '2013-05-27'and DATE_FORMAT(`addtime`,'%Y-%m-%d') <= '2013-07-08' [ RunTime:0.014058s ]
SQL: select FROM_UNIXTIME(`time`, '%Y-%m-%d') as date ,title,id from db_news where adminid = '1' and  FROM_UNIXTIME(`time`, '%Y-%m-%d') >= '2013-05-27'and FROM_UNIXTIME(`time`,'%Y-%m-%d') <= '2013-07-08' [ RunTime:0.004639s ]
SQL: select DATE_FORMAT(`time`, '%Y-%m-%d') as date, name as title,id from db_picture where adminid = '1' and  DATE_FORMAT(`time`, '%Y-%m-%d') >= '2013-05-27'and DATE_FORMAT(`time`,'%Y-%m-%d') <= '2013-07-08' [ RunTime:0.000547s ]

[ 2014-10-21T15:00:29+08:00 ] 127.0.0.1 /work/getRecord/id/1.html?start=2013-04-29&end=2013-06-10&_=1413874784760
INFO: [ app_begin ] --START--
INFO: ReadHtmlCache Behavior ::run [ RunTime:0.000562s ]
INFO: [ app_begin ] --END-- [ RunTime:0.000628s ]
NOTIC: [8192] mysql_connect(): The mysql extension is deprecated and will be removed in the future: use mysqli or PDO instead E:\Dropbox\www\jkws_new\ThinkPHP\Lib\Driver\Db\DbMysql.class.php 第 55 行.
SQL: SHOW COLUMNS FROM `db_admin` [ RunTime:0.003351s ]
NOTIC: [8192] preg_replace(): The /e modifier is deprecated, use preg_replace_callback instead E:\Dropbox\www\jkws_new\ThinkPHP\Lib\Core\Db.class.php 第 604 行.
SQL: SELECT * FROM `db_admin` WHERE ( `id` = 1 ) LIMIT 1   [ RunTime:0.000347s ]
SQL: select DATE_FORMAT(`addtime`, '%Y-%m-%d') as date,title,id from db_video where adminid = '1' and  DATE_FORMAT(`addtime`, '%Y-%m-%d') >= '2013-04-29'and DATE_FORMAT(`addtime`,'%Y-%m-%d') <= '2013-06-10' [ RunTime:0.013352s ]
SQL: select FROM_UNIXTIME(`time`, '%Y-%m-%d') as date ,title,id from db_news where adminid = '1' and  FROM_UNIXTIME(`time`, '%Y-%m-%d') >= '2013-04-29'and FROM_UNIXTIME(`time`,'%Y-%m-%d') <= '2013-06-10' [ RunTime:0.003693s ]
SQL: select DATE_FORMAT(`time`, '%Y-%m-%d') as date, name as title,id from db_picture where adminid = '1' and  DATE_FORMAT(`time`, '%Y-%m-%d') >= '2013-04-29'and DATE_FORMAT(`time`,'%Y-%m-%d') <= '2013-06-10' [ RunTime:0.000465s ]

[ 2014-10-21T15:00:29+08:00 ] 127.0.0.1 /work/getRecord/id/1.html?start=2013-04-01&end=2013-05-13&_=1413874784761
INFO: [ app_begin ] --START--
INFO: ReadHtmlCache Behavior ::run [ RunTime:0.000429s ]
INFO: [ app_begin ] --END-- [ RunTime:0.000468s ]
NOTIC: [8192] mysql_connect(): The mysql extension is deprecated and will be removed in the future: use mysqli or PDO instead E:\Dropbox\www\jkws_new\ThinkPHP\Lib\Driver\Db\DbMysql.class.php 第 55 行.
SQL: SHOW COLUMNS FROM `db_admin` [ RunTime:0.006318s ]
NOTIC: [8192] preg_replace(): The /e modifier is deprecated, use preg_replace_callback instead E:\Dropbox\www\jkws_new\ThinkPHP\Lib\Core\Db.class.php 第 604 行.
SQL: SELECT * FROM `db_admin` WHERE ( `id` = 1 ) LIMIT 1   [ RunTime:0.000604s ]
SQL: select DATE_FORMAT(`addtime`, '%Y-%m-%d') as date,title,id from db_video where adminid = '1' and  DATE_FORMAT(`addtime`, '%Y-%m-%d') >= '2013-04-01'and DATE_FORMAT(`addtime`,'%Y-%m-%d') <= '2013-05-13' [ RunTime:0.027293s ]
SQL: select FROM_UNIXTIME(`time`, '%Y-%m-%d') as date ,title,id from db_news where adminid = '1' and  FROM_UNIXTIME(`time`, '%Y-%m-%d') >= '2013-04-01'and FROM_UNIXTIME(`time`,'%Y-%m-%d') <= '2013-05-13' [ RunTime:0.009307s ]
SQL: select DATE_FORMAT(`time`, '%Y-%m-%d') as date, name as title,id from db_picture where adminid = '1' and  DATE_FORMAT(`time`, '%Y-%m-%d') >= '2013-04-01'and DATE_FORMAT(`time`,'%Y-%m-%d') <= '2013-05-13' [ RunTime:0.000934s ]

[ 2014-10-21T15:00:30+08:00 ] 127.0.0.1 /work/getRecord/id/1.html?start=2013-02-25&end=2013-04-08&_=1413874784762
INFO: [ app_begin ] --START--
INFO: ReadHtmlCache Behavior ::run [ RunTime:0.000450s ]
INFO: [ app_begin ] --END-- [ RunTime:0.000486s ]
NOTIC: [8192] mysql_connect(): The mysql extension is deprecated and will be removed in the future: use mysqli or PDO instead E:\Dropbox\www\jkws_new\ThinkPHP\Lib\Driver\Db\DbMysql.class.php 第 55 行.
SQL: SHOW COLUMNS FROM `db_admin` [ RunTime:0.006821s ]
NOTIC: [8192] preg_replace(): The /e modifier is deprecated, use preg_replace_callback instead E:\Dropbox\www\jkws_new\ThinkPHP\Lib\Core\Db.class.php 第 604 行.
SQL: SELECT * FROM `db_admin` WHERE ( `id` = 1 ) LIMIT 1   [ RunTime:0.000747s ]
SQL: select DATE_FORMAT(`addtime`, '%Y-%m-%d') as date,title,id from db_video where adminid = '1' and  DATE_FORMAT(`addtime`, '%Y-%m-%d') >= '2013-02-25'and DATE_FORMAT(`addtime`,'%Y-%m-%d') <= '2013-04-08' [ RunTime:0.023852s ]
SQL: select FROM_UNIXTIME(`time`, '%Y-%m-%d') as date ,title,id from db_news where adminid = '1' and  FROM_UNIXTIME(`time`, '%Y-%m-%d') >= '2013-02-25'and FROM_UNIXTIME(`time`,'%Y-%m-%d') <= '2013-04-08' [ RunTime:0.003783s ]
SQL: select DATE_FORMAT(`time`, '%Y-%m-%d') as date, name as title,id from db_picture where adminid = '1' and  DATE_FORMAT(`time`, '%Y-%m-%d') >= '2013-02-25'and DATE_FORMAT(`time`,'%Y-%m-%d') <= '2013-04-08' [ RunTime:0.000446s ]

[ 2014-10-21T15:00:31+08:00 ] 127.0.0.1 /work/getRecord/id/1.html?start=2013-01-28&end=2013-03-11&_=1413874784763
INFO: [ app_begin ] --START--
INFO: ReadHtmlCache Behavior ::run [ RunTime:0.000616s ]
INFO: [ app_begin ] --END-- [ RunTime:0.000665s ]
NOTIC: [8192] mysql_connect(): The mysql extension is deprecated and will be removed in the future: use mysqli or PDO instead E:\Dropbox\www\jkws_new\ThinkPHP\Lib\Driver\Db\DbMysql.class.php 第 55 行.
SQL: SHOW COLUMNS FROM `db_admin` [ RunTime:0.006692s ]
NOTIC: [8192] preg_replace(): The /e modifier is deprecated, use preg_replace_callback instead E:\Dropbox\www\jkws_new\ThinkPHP\Lib\Core\Db.class.php 第 604 行.
SQL: SELECT * FROM `db_admin` WHERE ( `id` = 1 ) LIMIT 1   [ RunTime:0.000414s ]
SQL: select DATE_FORMAT(`addtime`, '%Y-%m-%d') as date,title,id from db_video where adminid = '1' and  DATE_FORMAT(`addtime`, '%Y-%m-%d') >= '2013-01-28'and DATE_FORMAT(`addtime`,'%Y-%m-%d') <= '2013-03-11' [ RunTime:0.013661s ]
SQL: select FROM_UNIXTIME(`time`, '%Y-%m-%d') as date ,title,id from db_news where adminid = '1' and  FROM_UNIXTIME(`time`, '%Y-%m-%d') >= '2013-01-28'and FROM_UNIXTIME(`time`,'%Y-%m-%d') <= '2013-03-11' [ RunTime:0.004682s ]
SQL: select DATE_FORMAT(`time`, '%Y-%m-%d') as date, name as title,id from db_picture where adminid = '1' and  DATE_FORMAT(`time`, '%Y-%m-%d') >= '2013-01-28'and DATE_FORMAT(`time`,'%Y-%m-%d') <= '2013-03-11' [ RunTime:0.000474s ]

[ 2014-10-21T17:52:53+08:00 ] 127.0.0.1 /work/getList.html
INFO: [ app_begin ] --START--
INFO: ReadHtmlCache Behavior ::run [ RunTime:0.000527s ]
INFO: [ app_begin ] --END-- [ RunTime:0.000570s ]
NOTIC: [8192] mysql_connect(): The mysql extension is deprecated and will be removed in the future: use mysqli or PDO instead E:\Dropbox\www\jkws_new\ThinkPHP\Lib\Driver\Db\DbMysql.class.php 第 55 行.
SQL: SHOW COLUMNS FROM `db_admin` [ RunTime:0.003400s ]
NOTIC: [8192] preg_replace(): The /e modifier is deprecated, use preg_replace_callback instead E:\Dropbox\www\jkws_new\ThinkPHP\Lib\Core\Db.class.php 第 604 行.
SQL: SELECT * FROM `db_admin` WHERE ( `id` = 1 ) LIMIT 1   [ RunTime:0.000359s ]
SQL: select * from select_admin_work [ RunTime:0.450691s ]

[ 2014-10-21T17:52:56+08:00 ] 127.0.0.1 /work/getRecord/id/12.html?start=2014-09-29&end=2014-11-10&_=1413885175735
INFO: [ app_begin ] --START--
INFO: ReadHtmlCache Behavior ::run [ RunTime:0.000581s ]
INFO: [ app_begin ] --END-- [ RunTime:0.000623s ]
NOTIC: [8192] mysql_connect(): The mysql extension is deprecated and will be removed in the future: use mysqli or PDO instead E:\Dropbox\www\jkws_new\ThinkPHP\Lib\Driver\Db\DbMysql.class.php 第 55 行.
SQL: SHOW COLUMNS FROM `db_admin` [ RunTime:0.003321s ]
NOTIC: [8192] preg_replace(): The /e modifier is deprecated, use preg_replace_callback instead E:\Dropbox\www\jkws_new\ThinkPHP\Lib\Core\Db.class.php 第 604 行.
SQL: SELECT * FROM `db_admin` WHERE ( `id` = 1 ) LIMIT 1   [ RunTime:0.000297s ]
SQL: select DATE_FORMAT(`addtime`, '%Y-%m-%d') as date,title,id from db_video where adminid = '12' and  DATE_FORMAT(`addtime`, '%Y-%m-%d') >= '2014-09-29'and DATE_FORMAT(`addtime`,'%Y-%m-%d') <= '2014-11-10' [ RunTime:0.012602s ]
SQL: select FROM_UNIXTIME(`time`, '%Y-%m-%d') as date ,title,id from db_news where adminid = '12' and  FROM_UNIXTIME(`time`, '%Y-%m-%d') >= '2014-09-29'and FROM_UNIXTIME(`time`,'%Y-%m-%d') <= '2014-11-10' [ RunTime:0.004375s ]
SQL: select DATE_FORMAT(`time`, '%Y-%m-%d') as date, name as title,id from db_picture where adminid = '12' and  DATE_FORMAT(`time`, '%Y-%m-%d') >= '2014-09-29'and DATE_FORMAT(`time`,'%Y-%m-%d') <= '2014-11-10' [ RunTime:0.002050s ]

[ 2014-10-21T17:52:57+08:00 ] 127.0.0.1 /work/getRecord/id/12.html?start=2014-09-01&end=2014-10-13&_=1413885175736
INFO: [ app_begin ] --START--
INFO: ReadHtmlCache Behavior ::run [ RunTime:0.000451s ]
INFO: [ app_begin ] --END-- [ RunTime:0.000487s ]
NOTIC: [8192] mysql_connect(): The mysql extension is deprecated and will be removed in the future: use mysqli or PDO instead E:\Dropbox\www\jkws_new\ThinkPHP\Lib\Driver\Db\DbMysql.class.php 第 55 行.
SQL: SHOW COLUMNS FROM `db_admin` [ RunTime:0.003507s ]
NOTIC: [8192] preg_replace(): The /e modifier is deprecated, use preg_replace_callback instead E:\Dropbox\www\jkws_new\ThinkPHP\Lib\Core\Db.class.php 第 604 行.
SQL: SELECT * FROM `db_admin` WHERE ( `id` = 1 ) LIMIT 1   [ RunTime:0.000337s ]
SQL: select DATE_FORMAT(`addtime`, '%Y-%m-%d') as date,title,id from db_video where adminid = '12' and  DATE_FORMAT(`addtime`, '%Y-%m-%d') >= '2014-09-01'and DATE_FORMAT(`addtime`,'%Y-%m-%d') <= '2014-10-13' [ RunTime:0.013601s ]
SQL: select FROM_UNIXTIME(`time`, '%Y-%m-%d') as date ,title,id from db_news where adminid = '12' and  FROM_UNIXTIME(`time`, '%Y-%m-%d') >= '2014-09-01'and FROM_UNIXTIME(`time`,'%Y-%m-%d') <= '2014-10-13' [ RunTime:0.004549s ]
SQL: select DATE_FORMAT(`time`, '%Y-%m-%d') as date, name as title,id from db_picture where adminid = '12' and  DATE_FORMAT(`time`, '%Y-%m-%d') >= '2014-09-01'and DATE_FORMAT(`time`,'%Y-%m-%d') <= '2014-10-13' [ RunTime:0.000648s ]

[ 2014-10-21T17:52:58+08:00 ] 127.0.0.1 /work/getRecord/id/12.html?start=2014-07-28&end=2014-09-08&_=1413885175737
INFO: [ app_begin ] --START--
INFO: ReadHtmlCache Behavior ::run [ RunTime:0.000465s ]
INFO: [ app_begin ] --END-- [ RunTime:0.000508s ]
NOTIC: [8192] mysql_connect(): The mysql extension is deprecated and will be removed in the future: use mysqli or PDO instead E:\Dropbox\www\jkws_new\ThinkPHP\Lib\Driver\Db\DbMysql.class.php 第 55 行.
SQL: SHOW COLUMNS FROM `db_admin` [ RunTime:0.003438s ]
NOTIC: [8192] preg_replace(): The /e modifier is deprecated, use preg_replace_callback instead E:\Dropbox\www\jkws_new\ThinkPHP\Lib\Core\Db.class.php 第 604 行.
SQL: SELECT * FROM `db_admin` WHERE ( `id` = 1 ) LIMIT 1   [ RunTime:0.000365s ]
SQL: select DATE_FORMAT(`addtime`, '%Y-%m-%d') as date,title,id from db_video where adminid = '12' and  DATE_FORMAT(`addtime`, '%Y-%m-%d') >= '2014-07-28'and DATE_FORMAT(`addtime`,'%Y-%m-%d') <= '2014-09-08' [ RunTime:0.012602s ]
SQL: select FROM_UNIXTIME(`time`, '%Y-%m-%d') as date ,title,id from db_news where adminid = '12' and  FROM_UNIXTIME(`time`, '%Y-%m-%d') >= '2014-07-28'and FROM_UNIXTIME(`time`,'%Y-%m-%d') <= '2014-09-08' [ RunTime:0.004593s ]
SQL: select DATE_FORMAT(`time`, '%Y-%m-%d') as date, name as title,id from db_picture where adminid = '12' and  DATE_FORMAT(`time`, '%Y-%m-%d') >= '2014-07-28'and DATE_FORMAT(`time`,'%Y-%m-%d') <= '2014-09-08' [ RunTime:0.000537s ]

[ 2014-10-21T17:52:59+08:00 ] 127.0.0.1 /work/getRecord/id/12.html?start=2014-06-30&end=2014-08-11&_=1413885175738
INFO: [ app_begin ] --START--
INFO: ReadHtmlCache Behavior ::run [ RunTime:0.000529s ]
INFO: [ app_begin ] --END-- [ RunTime:0.000583s ]
NOTIC: [8192] mysql_connect(): The mysql extension is deprecated and will be removed in the future: use mysqli or PDO instead E:\Dropbox\www\jkws_new\ThinkPHP\Lib\Driver\Db\DbMysql.class.php 第 55 行.
SQL: SHOW COLUMNS FROM `db_admin` [ RunTime:0.003576s ]
NOTIC: [8192] preg_replace(): The /e modifier is deprecated, use preg_replace_callback instead E:\Dropbox\www\jkws_new\ThinkPHP\Lib\Core\Db.class.php 第 604 行.
SQL: SELECT * FROM `db_admin` WHERE ( `id` = 1 ) LIMIT 1   [ RunTime:0.000358s ]
SQL: select DATE_FORMAT(`addtime`, '%Y-%m-%d') as date,title,id from db_video where adminid = '12' and  DATE_FORMAT(`addtime`, '%Y-%m-%d') >= '2014-06-30'and DATE_FORMAT(`addtime`,'%Y-%m-%d') <= '2014-08-11' [ RunTime:0.013057s ]
SQL: select FROM_UNIXTIME(`time`, '%Y-%m-%d') as date ,title,id from db_news where adminid = '12' and  FROM_UNIXTIME(`time`, '%Y-%m-%d') >= '2014-06-30'and FROM_UNIXTIME(`time`,'%Y-%m-%d') <= '2014-08-11' [ RunTime:0.004735s ]
SQL: select DATE_FORMAT(`time`, '%Y-%m-%d') as date, name as title,id from db_picture where adminid = '12' and  DATE_FORMAT(`time`, '%Y-%m-%d') >= '2014-06-30'and DATE_FORMAT(`time`,'%Y-%m-%d') <= '2014-08-11' [ RunTime:0.000599s ]

[ 2014-10-21T17:53:01+08:00 ] 127.0.0.1 /work/getRecord/id/12.html?start=2014-07-28&end=2014-09-08&_=1413885175739
INFO: [ app_begin ] --START--
INFO: ReadHtmlCache Behavior ::run [ RunTime:0.000505s ]
INFO: [ app_begin ] --END-- [ RunTime:0.000556s ]
NOTIC: [8192] mysql_connect(): The mysql extension is deprecated and will be removed in the future: use mysqli or PDO instead E:\Dropbox\www\jkws_new\ThinkPHP\Lib\Driver\Db\DbMysql.class.php 第 55 行.
SQL: SHOW COLUMNS FROM `db_admin` [ RunTime:0.003395s ]
NOTIC: [8192] preg_replace(): The /e modifier is deprecated, use preg_replace_callback instead E:\Dropbox\www\jkws_new\ThinkPHP\Lib\Core\Db.class.php 第 604 行.
SQL: SELECT * FROM `db_admin` WHERE ( `id` = 1 ) LIMIT 1   [ RunTime:0.000358s ]
SQL: select DATE_FORMAT(`addtime`, '%Y-%m-%d') as date,title,id from db_video where adminid = '12' and  DATE_FORMAT(`addtime`, '%Y-%m-%d') >= '2014-07-28'and DATE_FORMAT(`addtime`,'%Y-%m-%d') <= '2014-09-08' [ RunTime:0.013393s ]
SQL: select FROM_UNIXTIME(`time`, '%Y-%m-%d') as date ,title,id from db_news where adminid = '12' and  FROM_UNIXTIME(`time`, '%Y-%m-%d') >= '2014-07-28'and FROM_UNIXTIME(`time`,'%Y-%m-%d') <= '2014-09-08' [ RunTime:0.004442s ]
SQL: select DATE_FORMAT(`time`, '%Y-%m-%d') as date, name as title,id from db_picture where adminid = '12' and  DATE_FORMAT(`time`, '%Y-%m-%d') >= '2014-07-28'and DATE_FORMAT(`time`,'%Y-%m-%d') <= '2014-09-08' [ RunTime:0.000542s ]

[ 2014-10-21T17:53:02+08:00 ] 127.0.0.1 /work/getRecord/id/12.html?start=2014-06-30&end=2014-08-11&_=1413885175740
INFO: [ app_begin ] --START--
INFO: ReadHtmlCache Behavior ::run [ RunTime:0.000523s ]
INFO: [ app_begin ] --END-- [ RunTime:0.000567s ]
NOTIC: [8192] mysql_connect(): The mysql extension is deprecated and will be removed in the future: use mysqli or PDO instead E:\Dropbox\www\jkws_new\ThinkPHP\Lib\Driver\Db\DbMysql.class.php 第 55 行.
SQL: SHOW COLUMNS FROM `db_admin` [ RunTime:0.003143s ]
NOTIC: [8192] preg_replace(): The /e modifier is deprecated, use preg_replace_callback instead E:\Dropbox\www\jkws_new\ThinkPHP\Lib\Core\Db.class.php 第 604 行.
SQL: SELECT * FROM `db_admin` WHERE ( `id` = 1 ) LIMIT 1   [ RunTime:0.000290s ]
SQL: select DATE_FORMAT(`addtime`, '%Y-%m-%d') as date,title,id from db_video where adminid = '12' and  DATE_FORMAT(`addtime`, '%Y-%m-%d') >= '2014-06-30'and DATE_FORMAT(`addtime`,'%Y-%m-%d') <= '2014-08-11' [ RunTime:0.012541s ]
SQL: select FROM_UNIXTIME(`time`, '%Y-%m-%d') as date ,title,id from db_news where adminid = '12' and  FROM_UNIXTIME(`time`, '%Y-%m-%d') >= '2014-06-30'and FROM_UNIXTIME(`time`,'%Y-%m-%d') <= '2014-08-11' [ RunTime:0.004427s ]
SQL: select DATE_FORMAT(`time`, '%Y-%m-%d') as date, name as title,id from db_picture where adminid = '12' and  DATE_FORMAT(`time`, '%Y-%m-%d') >= '2014-06-30'and DATE_FORMAT(`time`,'%Y-%m-%d') <= '2014-08-11' [ RunTime:0.000537s ]

[ 2014-10-21T17:53:03+08:00 ] 127.0.0.1 /work/getRecord/id/12.html?start=2014-05-26&end=2014-07-07&_=1413885175741
INFO: [ app_begin ] --START--
INFO: ReadHtmlCache Behavior ::run [ RunTime:0.000555s ]
INFO: [ app_begin ] --END-- [ RunTime:0.000608s ]
NOTIC: [8192] mysql_connect(): The mysql extension is deprecated and will be removed in the future: use mysqli or PDO instead E:\Dropbox\www\jkws_new\ThinkPHP\Lib\Driver\Db\DbMysql.class.php 第 55 行.
SQL: SHOW COLUMNS FROM `db_admin` [ RunTime:0.003058s ]
NOTIC: [8192] preg_replace(): The /e modifier is deprecated, use preg_replace_callback instead E:\Dropbox\www\jkws_new\ThinkPHP\Lib\Core\Db.class.php 第 604 行.
SQL: SELECT * FROM `db_admin` WHERE ( `id` = 1 ) LIMIT 1   [ RunTime:0.000330s ]
SQL: select DATE_FORMAT(`addtime`, '%Y-%m-%d') as date,title,id from db_video where adminid = '12' and  DATE_FORMAT(`addtime`, '%Y-%m-%d') >= '2014-05-26'and DATE_FORMAT(`addtime`,'%Y-%m-%d') <= '2014-07-07' [ RunTime:0.012865s ]
SQL: select FROM_UNIXTIME(`time`, '%Y-%m-%d') as date ,title,id from db_news where adminid = '12' and  FROM_UNIXTIME(`time`, '%Y-%m-%d') >= '2014-05-26'and FROM_UNIXTIME(`time`,'%Y-%m-%d') <= '2014-07-07' [ RunTime:0.004562s ]
SQL: select DATE_FORMAT(`time`, '%Y-%m-%d') as date, name as title,id from db_picture where adminid = '12' and  DATE_FORMAT(`time`, '%Y-%m-%d') >= '2014-05-26'and DATE_FORMAT(`time`,'%Y-%m-%d') <= '2014-07-07' [ RunTime:0.000578s ]

